Federated Learning Configuration:
  Algorithm: fedsgd
  Dataset: CIFAR
  Distribution: IID
  Number of Clients: 3
  Rounds: 150
  Local Epochs: 1
Files already downloaded and verified
Files already downloaded and verified

Running fedsgd for ResNet-18

--- FedSGD: Round 1 ---
Client 1 Accuracy (Round 1): 0.1190
Client 2 Accuracy (Round 1): 0.1129
Client 3 Accuracy (Round 1): 0.1121
Global Model, Round 1, Loss: 2.2932, Accuracy: 0.1487

--- FedSGD: Round 2 ---
Client 1 Accuracy (Round 2): 0.1618
Client 2 Accuracy (Round 2): 0.1556
Client 3 Accuracy (Round 2): 0.1531
Global Model, Round 2, Loss: 2.2376, Accuracy: 0.1694

--- FedSGD: Round 3 ---
Client 1 Accuracy (Round 3): 0.1935
Client 2 Accuracy (Round 3): 0.1896
Client 3 Accuracy (Round 3): 0.1930
Global Model, Round 3, Loss: 2.1832, Accuracy: 0.1953

--- FedSGD: Round 4 ---
Client 1 Accuracy (Round 4): 0.2298
Client 2 Accuracy (Round 4): 0.2292
Client 3 Accuracy (Round 4): 0.2318
Global Model, Round 4, Loss: 2.1494, Accuracy: 0.2130

--- FedSGD: Round 5 ---
Client 1 Accuracy (Round 5): 0.2516
Client 2 Accuracy (Round 5): 0.2545
Client 3 Accuracy (Round 5): 0.2492
Global Model, Round 5, Loss: 2.1130, Accuracy: 0.2294

--- FedSGD: Round 6 ---
Client 1 Accuracy (Round 6): 0.2812
Client 2 Accuracy (Round 6): 0.2800
Client 3 Accuracy (Round 6): 0.2815
Global Model, Round 6, Loss: 2.0822, Accuracy: 0.2439

--- FedSGD: Round 7 ---
Client 1 Accuracy (Round 7): 0.3040
Client 2 Accuracy (Round 7): 0.2981
Client 3 Accuracy (Round 7): 0.3003
Global Model, Round 7, Loss: 2.0530, Accuracy: 0.2637

--- FedSGD: Round 8 ---
Client 1 Accuracy (Round 8): 0.3231
Client 2 Accuracy (Round 8): 0.3255
Client 3 Accuracy (Round 8): 0.3275
Global Model, Round 8, Loss: 2.0303, Accuracy: 0.2763

--- FedSGD: Round 9 ---
Client 1 Accuracy (Round 9): 0.3414
Client 2 Accuracy (Round 9): 0.3269
Client 3 Accuracy (Round 9): 0.3328
Global Model, Round 9, Loss: 2.0016, Accuracy: 0.2968

--- FedSGD: Round 10 ---
Client 1 Accuracy (Round 10): 0.3691
Client 2 Accuracy (Round 10): 0.3535
Client 3 Accuracy (Round 10): 0.3565
Global Model, Round 10, Loss: 1.9790, Accuracy: 0.3017

--- FedSGD: Round 11 ---
Client 1 Accuracy (Round 11): 0.3679
Client 2 Accuracy (Round 11): 0.3699
Client 3 Accuracy (Round 11): 0.3622
Global Model, Round 11, Loss: 1.9511, Accuracy: 0.3302

--- FedSGD: Round 12 ---
Client 1 Accuracy (Round 12): 0.3898
Client 2 Accuracy (Round 12): 0.3834
Client 3 Accuracy (Round 12): 0.3832
Global Model, Round 12, Loss: 1.9385, Accuracy: 0.3202

--- FedSGD: Round 13 ---
Client 1 Accuracy (Round 13): 0.3928
Client 2 Accuracy (Round 13): 0.3908
Client 3 Accuracy (Round 13): 0.3790
Global Model, Round 13, Loss: 1.9243, Accuracy: 0.3434

--- FedSGD: Round 14 ---
Client 1 Accuracy (Round 14): 0.4072
Client 2 Accuracy (Round 14): 0.3967
Client 3 Accuracy (Round 14): 0.4010
Global Model, Round 14, Loss: 1.9077, Accuracy: 0.3439

--- FedSGD: Round 15 ---
Client 1 Accuracy (Round 15): 0.4078
Client 2 Accuracy (Round 15): 0.4052
Client 3 Accuracy (Round 15): 0.3943
Global Model, Round 15, Loss: 1.8931, Accuracy: 0.3367

--- FedSGD: Round 16 ---
Client 1 Accuracy (Round 16): 0.4263
Client 2 Accuracy (Round 16): 0.4209
Client 3 Accuracy (Round 16): 0.4129
Global Model, Round 16, Loss: 1.8853, Accuracy: 0.3436

--- FedSGD: Round 17 ---
Client 1 Accuracy (Round 17): 0.4301
Client 2 Accuracy (Round 17): 0.4392
Client 3 Accuracy (Round 17): 0.4258
Global Model, Round 17, Loss: 1.8766, Accuracy: 0.3417

--- FedSGD: Round 18 ---
Client 1 Accuracy (Round 18): 0.4249
Client 2 Accuracy (Round 18): 0.4252
Client 3 Accuracy (Round 18): 0.4257
Global Model, Round 18, Loss: 1.8803, Accuracy: 0.3347

--- FedSGD: Round 19 ---
Client 1 Accuracy (Round 19): 0.4222
Client 2 Accuracy (Round 19): 0.4222
Client 3 Accuracy (Round 19): 0.4248
Global Model, Round 19, Loss: 1.8559, Accuracy: 0.3564

--- FedSGD: Round 20 ---
Client 1 Accuracy (Round 20): 0.4322
Client 2 Accuracy (Round 20): 0.4273
Client 3 Accuracy (Round 20): 0.4266
Global Model, Round 20, Loss: 1.8548, Accuracy: 0.3498

--- FedSGD: Round 21 ---
Client 1 Accuracy (Round 21): 0.4389
Client 2 Accuracy (Round 21): 0.4333
Client 3 Accuracy (Round 21): 0.4396
Global Model, Round 21, Loss: 1.8306, Accuracy: 0.3588

--- FedSGD: Round 22 ---
Client 1 Accuracy (Round 22): 0.4488
Client 2 Accuracy (Round 22): 0.4538
Client 3 Accuracy (Round 22): 0.4534
Global Model, Round 22, Loss: 1.8144, Accuracy: 0.3702

--- FedSGD: Round 23 ---
Client 1 Accuracy (Round 23): 0.4686
Client 2 Accuracy (Round 23): 0.4589
Client 3 Accuracy (Round 23): 0.4606
Global Model, Round 23, Loss: 1.8126, Accuracy: 0.3761

--- FedSGD: Round 24 ---
Client 1 Accuracy (Round 24): 0.4596
Client 2 Accuracy (Round 24): 0.4527
Client 3 Accuracy (Round 24): 0.4529
Global Model, Round 24, Loss: 1.8141, Accuracy: 0.3545

--- FedSGD: Round 25 ---
Client 1 Accuracy (Round 25): 0.4577
Client 2 Accuracy (Round 25): 0.4632
Client 3 Accuracy (Round 25): 0.4534
Global Model, Round 25, Loss: 1.7996, Accuracy: 0.3709

--- FedSGD: Round 26 ---
Client 1 Accuracy (Round 26): 0.4674
Client 2 Accuracy (Round 26): 0.4668
Client 3 Accuracy (Round 26): 0.4657
Global Model, Round 26, Loss: 1.8126, Accuracy: 0.3358

--- FedSGD: Round 27 ---
Client 1 Accuracy (Round 27): 0.4632
Client 2 Accuracy (Round 27): 0.4610
Client 3 Accuracy (Round 27): 0.4617
Global Model, Round 27, Loss: 1.7963, Accuracy: 0.3460

--- FedSGD: Round 28 ---
Client 1 Accuracy (Round 28): 0.4726
Client 2 Accuracy (Round 28): 0.4746
Client 3 Accuracy (Round 28): 0.4738
Global Model, Round 28, Loss: 1.7846, Accuracy: 0.3466

--- FedSGD: Round 29 ---
Client 1 Accuracy (Round 29): 0.4850
Client 2 Accuracy (Round 29): 0.4793
Client 3 Accuracy (Round 29): 0.4791
Global Model, Round 29, Loss: 1.7937, Accuracy: 0.3517

--- FedSGD: Round 30 ---
Client 1 Accuracy (Round 30): 0.4838
Client 2 Accuracy (Round 30): 0.4729
Client 3 Accuracy (Round 30): 0.4800
Global Model, Round 30, Loss: 1.8046, Accuracy: 0.3542

--- FedSGD: Round 31 ---
Client 1 Accuracy (Round 31): 0.4855
Client 2 Accuracy (Round 31): 0.4824
Client 3 Accuracy (Round 31): 0.4825
Global Model, Round 31, Loss: 1.8184, Accuracy: 0.3377

--- FedSGD: Round 32 ---
Client 1 Accuracy (Round 32): 0.4752
Client 2 Accuracy (Round 32): 0.4772
Client 3 Accuracy (Round 32): 0.4771
Global Model, Round 32, Loss: 1.8066, Accuracy: 0.3390

--- FedSGD: Round 33 ---
Client 1 Accuracy (Round 33): 0.4800
Client 2 Accuracy (Round 33): 0.4789
Client 3 Accuracy (Round 33): 0.4859
Global Model, Round 33, Loss: 1.8104, Accuracy: 0.3407

--- FedSGD: Round 34 ---
Client 1 Accuracy (Round 34): 0.4852
Client 2 Accuracy (Round 34): 0.4764
Client 3 Accuracy (Round 34): 0.4812
Global Model, Round 34, Loss: 1.8178, Accuracy: 0.3225

--- FedSGD: Round 35 ---
Client 1 Accuracy (Round 35): 0.4822
Client 2 Accuracy (Round 35): 0.4791
Client 3 Accuracy (Round 35): 0.4792
Global Model, Round 35, Loss: 1.8010, Accuracy: 0.3488

--- FedSGD: Round 36 ---
Client 1 Accuracy (Round 36): 0.5091
Client 2 Accuracy (Round 36): 0.4970
Client 3 Accuracy (Round 36): 0.5037
Global Model, Round 36, Loss: 1.7968, Accuracy: 0.3547

--- FedSGD: Round 37 ---
Client 1 Accuracy (Round 37): 0.5245
Client 2 Accuracy (Round 37): 0.5118
Client 3 Accuracy (Round 37): 0.5181
Global Model, Round 37, Loss: 1.7972, Accuracy: 0.3480

--- FedSGD: Round 38 ---
Client 1 Accuracy (Round 38): 0.5140
Client 2 Accuracy (Round 38): 0.5022
Client 3 Accuracy (Round 38): 0.5029
Global Model, Round 38, Loss: 1.7903, Accuracy: 0.3574

--- FedSGD: Round 39 ---
Client 1 Accuracy (Round 39): 0.5165
Client 2 Accuracy (Round 39): 0.5173
Client 3 Accuracy (Round 39): 0.5128
Global Model, Round 39, Loss: 1.7772, Accuracy: 0.3699

--- FedSGD: Round 40 ---
Client 1 Accuracy (Round 40): 0.5242
Client 2 Accuracy (Round 40): 0.5246
Client 3 Accuracy (Round 40): 0.5302
Global Model, Round 40, Loss: 1.7865, Accuracy: 0.3596

--- FedSGD: Round 41 ---
Client 1 Accuracy (Round 41): 0.5209
Client 2 Accuracy (Round 41): 0.5225
Client 3 Accuracy (Round 41): 0.5287
Global Model, Round 41, Loss: 1.7779, Accuracy: 0.3641

--- FedSGD: Round 42 ---
Client 1 Accuracy (Round 42): 0.5291
Client 2 Accuracy (Round 42): 0.5211
Client 3 Accuracy (Round 42): 0.5311
Global Model, Round 42, Loss: 1.7665, Accuracy: 0.3661

--- FedSGD: Round 43 ---
Client 1 Accuracy (Round 43): 0.5374
Client 2 Accuracy (Round 43): 0.5305
Client 3 Accuracy (Round 43): 0.5431
Global Model, Round 43, Loss: 1.7737, Accuracy: 0.3646

--- FedSGD: Round 44 ---
Client 1 Accuracy (Round 44): 0.5282
Client 2 Accuracy (Round 44): 0.5276
Client 3 Accuracy (Round 44): 0.5263
Global Model, Round 44, Loss: 1.7928, Accuracy: 0.3459

--- FedSGD: Round 45 ---
Client 1 Accuracy (Round 45): 0.5259
Client 2 Accuracy (Round 45): 0.5089
Client 3 Accuracy (Round 45): 0.5218
Global Model, Round 45, Loss: 1.7815, Accuracy: 0.3510

--- FedSGD: Round 46 ---
Client 1 Accuracy (Round 46): 0.5395
Client 2 Accuracy (Round 46): 0.5362
Client 3 Accuracy (Round 46): 0.5382
Global Model, Round 46, Loss: 1.8002, Accuracy: 0.3440

--- FedSGD: Round 47 ---
Client 1 Accuracy (Round 47): 0.5151
Client 2 Accuracy (Round 47): 0.5229
Client 3 Accuracy (Round 47): 0.5203
Global Model, Round 47, Loss: 1.7890, Accuracy: 0.3541

--- FedSGD: Round 48 ---
Client 1 Accuracy (Round 48): 0.5442
Client 2 Accuracy (Round 48): 0.5363
Client 3 Accuracy (Round 48): 0.5340
Global Model, Round 48, Loss: 1.7742, Accuracy: 0.3535

--- FedSGD: Round 49 ---
Client 1 Accuracy (Round 49): 0.5412
Client 2 Accuracy (Round 49): 0.5286
Client 3 Accuracy (Round 49): 0.5343
Global Model, Round 49, Loss: 1.7671, Accuracy: 0.3609

--- FedSGD: Round 50 ---
Client 1 Accuracy (Round 50): 0.5323
Client 2 Accuracy (Round 50): 0.5351
Client 3 Accuracy (Round 50): 0.5365
Global Model, Round 50, Loss: 1.8123, Accuracy: 0.3337

--- FedSGD: Round 51 ---
Client 1 Accuracy (Round 51): 0.5265
Client 2 Accuracy (Round 51): 0.5200
Client 3 Accuracy (Round 51): 0.5177
Global Model, Round 51, Loss: 1.8265, Accuracy: 0.3247

--- FedSGD: Round 52 ---
Client 1 Accuracy (Round 52): 0.5233
Client 2 Accuracy (Round 52): 0.5223
Client 3 Accuracy (Round 52): 0.5297
Global Model, Round 52, Loss: 1.8216, Accuracy: 0.3488

--- FedSGD: Round 53 ---
Client 1 Accuracy (Round 53): 0.5305
Client 2 Accuracy (Round 53): 0.5337
Client 3 Accuracy (Round 53): 0.5413
Global Model, Round 53, Loss: 1.8084, Accuracy: 0.3553

--- FedSGD: Round 54 ---
Client 1 Accuracy (Round 54): 0.5328
Client 2 Accuracy (Round 54): 0.5431
Client 3 Accuracy (Round 54): 0.5370
Global Model, Round 54, Loss: 1.8507, Accuracy: 0.3157

--- FedSGD: Round 55 ---
Client 1 Accuracy (Round 55): 0.5216
Client 2 Accuracy (Round 55): 0.5167
Client 3 Accuracy (Round 55): 0.5307
Global Model, Round 55, Loss: 1.8635, Accuracy: 0.3088

--- FedSGD: Round 56 ---
Client 1 Accuracy (Round 56): 0.5217
Client 2 Accuracy (Round 56): 0.5308
Client 3 Accuracy (Round 56): 0.5368
Global Model, Round 56, Loss: 1.8460, Accuracy: 0.3201

--- FedSGD: Round 57 ---
Client 1 Accuracy (Round 57): 0.5309
Client 2 Accuracy (Round 57): 0.5277
Client 3 Accuracy (Round 57): 0.5365
Global Model, Round 57, Loss: 1.8328, Accuracy: 0.3202

--- FedSGD: Round 58 ---
Client 1 Accuracy (Round 58): 0.5416
Client 2 Accuracy (Round 58): 0.5317
Client 3 Accuracy (Round 58): 0.5435
Global Model, Round 58, Loss: 1.8444, Accuracy: 0.3161

--- FedSGD: Round 59 ---
Client 1 Accuracy (Round 59): 0.5475
Client 2 Accuracy (Round 59): 0.5277
Client 3 Accuracy (Round 59): 0.5454
Global Model, Round 59, Loss: 1.8402, Accuracy: 0.3116

--- FedSGD: Round 60 ---
Client 1 Accuracy (Round 60): 0.5422
Client 2 Accuracy (Round 60): 0.5320
Client 3 Accuracy (Round 60): 0.5367
Global Model, Round 60, Loss: 1.8185, Accuracy: 0.3349

--- FedSGD: Round 61 ---
Client 1 Accuracy (Round 61): 0.5590
Client 2 Accuracy (Round 61): 0.5565
Client 3 Accuracy (Round 61): 0.5548
Global Model, Round 61, Loss: 1.8145, Accuracy: 0.3286

--- FedSGD: Round 62 ---
Client 1 Accuracy (Round 62): 0.5499
Client 2 Accuracy (Round 62): 0.5514
Client 3 Accuracy (Round 62): 0.5363
Global Model, Round 62, Loss: 1.8247, Accuracy: 0.3258

--- FedSGD: Round 63 ---
Client 1 Accuracy (Round 63): 0.5418
Client 2 Accuracy (Round 63): 0.5335
Client 3 Accuracy (Round 63): 0.5366
Global Model, Round 63, Loss: 1.8546, Accuracy: 0.3206

--- FedSGD: Round 64 ---
Client 1 Accuracy (Round 64): 0.5481
Client 2 Accuracy (Round 64): 0.5239
Client 3 Accuracy (Round 64): 0.5344
Global Model, Round 64, Loss: 1.8321, Accuracy: 0.3284

--- FedSGD: Round 65 ---
Client 1 Accuracy (Round 65): 0.5500
Client 2 Accuracy (Round 65): 0.5461
Client 3 Accuracy (Round 65): 0.5432
Global Model, Round 65, Loss: 1.8161, Accuracy: 0.3388

--- FedSGD: Round 66 ---
Client 1 Accuracy (Round 66): 0.5611
Client 2 Accuracy (Round 66): 0.5602
Client 3 Accuracy (Round 66): 0.5595
Global Model, Round 66, Loss: 1.8429, Accuracy: 0.3194

--- FedSGD: Round 67 ---
Client 1 Accuracy (Round 67): 0.5434
Client 2 Accuracy (Round 67): 0.5445
Client 3 Accuracy (Round 67): 0.5572
Global Model, Round 67, Loss: 1.8480, Accuracy: 0.3155

--- FedSGD: Round 68 ---
Client 1 Accuracy (Round 68): 0.5586
Client 2 Accuracy (Round 68): 0.5551
Client 3 Accuracy (Round 68): 0.5543
Global Model, Round 68, Loss: 1.8692, Accuracy: 0.3051

--- FedSGD: Round 69 ---
Client 1 Accuracy (Round 69): 0.5497
Client 2 Accuracy (Round 69): 0.5440
Client 3 Accuracy (Round 69): 0.5523
Global Model, Round 69, Loss: 1.8152, Accuracy: 0.3411

--- FedSGD: Round 70 ---
Client 1 Accuracy (Round 70): 0.5728
Client 2 Accuracy (Round 70): 0.5658
Client 3 Accuracy (Round 70): 0.5701
Global Model, Round 70, Loss: 1.8093, Accuracy: 0.3321

--- FedSGD: Round 71 ---
Client 1 Accuracy (Round 71): 0.5629
Client 2 Accuracy (Round 71): 0.5521
Client 3 Accuracy (Round 71): 0.5692
Global Model, Round 71, Loss: 1.7936, Accuracy: 0.3478

--- FedSGD: Round 72 ---
Client 1 Accuracy (Round 72): 0.5724
Client 2 Accuracy (Round 72): 0.5605
Client 3 Accuracy (Round 72): 0.5662
Global Model, Round 72, Loss: 1.7713, Accuracy: 0.3563

--- FedSGD: Round 73 ---
Client 1 Accuracy (Round 73): 0.5778
Client 2 Accuracy (Round 73): 0.5655
Client 3 Accuracy (Round 73): 0.5677
Global Model, Round 73, Loss: 1.7774, Accuracy: 0.3507

--- FedSGD: Round 74 ---
Client 1 Accuracy (Round 74): 0.5563
Client 2 Accuracy (Round 74): 0.5566
Client 3 Accuracy (Round 74): 0.5614
Global Model, Round 74, Loss: 1.7739, Accuracy: 0.3567

--- FedSGD: Round 75 ---
Client 1 Accuracy (Round 75): 0.5735
Client 2 Accuracy (Round 75): 0.5649
Client 3 Accuracy (Round 75): 0.5742
Global Model, Round 75, Loss: 1.7899, Accuracy: 0.3441

--- FedSGD: Round 76 ---
Client 1 Accuracy (Round 76): 0.5629
Client 2 Accuracy (Round 76): 0.5539
Client 3 Accuracy (Round 76): 0.5491
Global Model, Round 76, Loss: 1.7794, Accuracy: 0.3480

--- FedSGD: Round 77 ---
Client 1 Accuracy (Round 77): 0.5572
Client 2 Accuracy (Round 77): 0.5609
Client 3 Accuracy (Round 77): 0.5583
Global Model, Round 77, Loss: 1.7729, Accuracy: 0.3486

--- FedSGD: Round 78 ---
Client 1 Accuracy (Round 78): 0.5629
Client 2 Accuracy (Round 78): 0.5536
Client 3 Accuracy (Round 78): 0.5497
Global Model, Round 78, Loss: 1.7654, Accuracy: 0.3559

--- FedSGD: Round 79 ---
Client 1 Accuracy (Round 79): 0.5697
Client 2 Accuracy (Round 79): 0.5595
Client 3 Accuracy (Round 79): 0.5659
Global Model, Round 79, Loss: 1.7846, Accuracy: 0.3363

--- FedSGD: Round 80 ---
Client 1 Accuracy (Round 80): 0.5578
Client 2 Accuracy (Round 80): 0.5505
Client 3 Accuracy (Round 80): 0.5548
Global Model, Round 80, Loss: 1.7949, Accuracy: 0.3336

--- FedSGD: Round 81 ---
Client 1 Accuracy (Round 81): 0.5717
Client 2 Accuracy (Round 81): 0.5550
Client 3 Accuracy (Round 81): 0.5676
Global Model, Round 81, Loss: 1.7813, Accuracy: 0.3375

--- FedSGD: Round 82 ---
Client 1 Accuracy (Round 82): 0.5689
Client 2 Accuracy (Round 82): 0.5621
Client 3 Accuracy (Round 82): 0.5598
Global Model, Round 82, Loss: 1.7685, Accuracy: 0.3480

--- FedSGD: Round 83 ---
Client 1 Accuracy (Round 83): 0.5725
Client 2 Accuracy (Round 83): 0.5690
Client 3 Accuracy (Round 83): 0.5803
Global Model, Round 83, Loss: 1.7923, Accuracy: 0.3319

--- FedSGD: Round 84 ---
Client 1 Accuracy (Round 84): 0.5463
Client 2 Accuracy (Round 84): 0.5649
Client 3 Accuracy (Round 84): 0.5596
Global Model, Round 84, Loss: 1.7880, Accuracy: 0.3280

--- FedSGD: Round 85 ---
Client 1 Accuracy (Round 85): 0.5657
Client 2 Accuracy (Round 85): 0.5487
Client 3 Accuracy (Round 85): 0.5516
Global Model, Round 85, Loss: 1.7898, Accuracy: 0.3288

--- FedSGD: Round 86 ---
Client 1 Accuracy (Round 86): 0.5745
Client 2 Accuracy (Round 86): 0.5611
Client 3 Accuracy (Round 86): 0.5681
Global Model, Round 86, Loss: 1.8138, Accuracy: 0.3252

--- FedSGD: Round 87 ---
Client 1 Accuracy (Round 87): 0.5564
Client 2 Accuracy (Round 87): 0.5644
Client 3 Accuracy (Round 87): 0.5598
Global Model, Round 87, Loss: 1.8116, Accuracy: 0.3274

--- FedSGD: Round 88 ---
Client 1 Accuracy (Round 88): 0.5634
Client 2 Accuracy (Round 88): 0.5567
Client 3 Accuracy (Round 88): 0.5568
Global Model, Round 88, Loss: 1.8157, Accuracy: 0.3246

--- FedSGD: Round 89 ---
Client 1 Accuracy (Round 89): 0.5410
Client 2 Accuracy (Round 89): 0.5532
Client 3 Accuracy (Round 89): 0.5650
Global Model, Round 89, Loss: 1.8202, Accuracy: 0.3129

--- FedSGD: Round 90 ---
Client 1 Accuracy (Round 90): 0.5697
Client 2 Accuracy (Round 90): 0.5550
Client 3 Accuracy (Round 90): 0.5658
Global Model, Round 90, Loss: 1.8355, Accuracy: 0.3063

--- FedSGD: Round 91 ---
Client 1 Accuracy (Round 91): 0.5568
Client 2 Accuracy (Round 91): 0.5478
Client 3 Accuracy (Round 91): 0.5584
Global Model, Round 91, Loss: 1.7909, Accuracy: 0.3316

--- FedSGD: Round 92 ---
Client 1 Accuracy (Round 92): 0.5832
Client 2 Accuracy (Round 92): 0.5730
Client 3 Accuracy (Round 92): 0.5773
Global Model, Round 92, Loss: 1.7903, Accuracy: 0.3344

--- FedSGD: Round 93 ---
Client 1 Accuracy (Round 93): 0.5861
Client 2 Accuracy (Round 93): 0.5808
Client 3 Accuracy (Round 93): 0.5839
Global Model, Round 93, Loss: 1.7956, Accuracy: 0.3318

--- FedSGD: Round 94 ---
Client 1 Accuracy (Round 94): 0.5703
Client 2 Accuracy (Round 94): 0.5788
Client 3 Accuracy (Round 94): 0.5811
Global Model, Round 94, Loss: 1.7981, Accuracy: 0.3349

--- FedSGD: Round 95 ---
Client 1 Accuracy (Round 95): 0.5753
Client 2 Accuracy (Round 95): 0.5777
Client 3 Accuracy (Round 95): 0.5865
Global Model, Round 95, Loss: 1.8080, Accuracy: 0.3272

--- FedSGD: Round 96 ---
Client 1 Accuracy (Round 96): 0.5794
Client 2 Accuracy (Round 96): 0.5670
Client 3 Accuracy (Round 96): 0.5665
Global Model, Round 96, Loss: 1.8153, Accuracy: 0.3258

--- FedSGD: Round 97 ---
Client 1 Accuracy (Round 97): 0.5781
Client 2 Accuracy (Round 97): 0.5677
Client 3 Accuracy (Round 97): 0.5716
Global Model, Round 97, Loss: 1.8128, Accuracy: 0.3279

--- FedSGD: Round 98 ---
Client 1 Accuracy (Round 98): 0.5710
Client 2 Accuracy (Round 98): 0.5742
Client 3 Accuracy (Round 98): 0.5733
Global Model, Round 98, Loss: 1.8178, Accuracy: 0.3269

--- FedSGD: Round 99 ---
Client 1 Accuracy (Round 99): 0.5778
Client 2 Accuracy (Round 99): 0.5656
Client 3 Accuracy (Round 99): 0.5830
Global Model, Round 99, Loss: 1.8132, Accuracy: 0.3236

--- FedSGD: Round 100 ---
Client 1 Accuracy (Round 100): 0.5640
Client 2 Accuracy (Round 100): 0.5525
Client 3 Accuracy (Round 100): 0.5606
Global Model, Round 100, Loss: 1.7786, Accuracy: 0.3519

--- FedSGD: Round 101 ---
Client 1 Accuracy (Round 101): 0.5862
Client 2 Accuracy (Round 101): 0.5881
Client 3 Accuracy (Round 101): 0.5825
Global Model, Round 101, Loss: 1.7852, Accuracy: 0.3424

--- FedSGD: Round 102 ---
Client 1 Accuracy (Round 102): 0.5863
Client 2 Accuracy (Round 102): 0.5972
Client 3 Accuracy (Round 102): 0.5873
Global Model, Round 102, Loss: 1.8081, Accuracy: 0.3343

--- FedSGD: Round 103 ---
Client 1 Accuracy (Round 103): 0.5725
Client 2 Accuracy (Round 103): 0.5643
Client 3 Accuracy (Round 103): 0.5683
Global Model, Round 103, Loss: 1.7881, Accuracy: 0.3577

--- FedSGD: Round 104 ---
Client 1 Accuracy (Round 104): 0.5865
Client 2 Accuracy (Round 104): 0.5746
Client 3 Accuracy (Round 104): 0.5824
Global Model, Round 104, Loss: 1.8525, Accuracy: 0.3055

--- FedSGD: Round 105 ---
Client 1 Accuracy (Round 105): 0.5644
Client 2 Accuracy (Round 105): 0.5583
Client 3 Accuracy (Round 105): 0.5578
Global Model, Round 105, Loss: 1.8467, Accuracy: 0.3209

--- FedSGD: Round 106 ---
Client 1 Accuracy (Round 106): 0.5693
Client 2 Accuracy (Round 106): 0.5605
Client 3 Accuracy (Round 106): 0.5744
Global Model, Round 106, Loss: 1.8317, Accuracy: 0.3316

--- FedSGD: Round 107 ---
Client 1 Accuracy (Round 107): 0.5830
Client 2 Accuracy (Round 107): 0.5684
Client 3 Accuracy (Round 107): 0.5673
Global Model, Round 107, Loss: 1.8162, Accuracy: 0.3398

--- FedSGD: Round 108 ---
Client 1 Accuracy (Round 108): 0.5910
Client 2 Accuracy (Round 108): 0.5953
Client 3 Accuracy (Round 108): 0.6046
Global Model, Round 108, Loss: 1.8203, Accuracy: 0.3291

--- FedSGD: Round 109 ---
Client 1 Accuracy (Round 109): 0.5671
Client 2 Accuracy (Round 109): 0.5776
Client 3 Accuracy (Round 109): 0.5709
Global Model, Round 109, Loss: 1.8554, Accuracy: 0.3111

--- FedSGD: Round 110 ---
Client 1 Accuracy (Round 110): 0.5718
Client 2 Accuracy (Round 110): 0.5742
Client 3 Accuracy (Round 110): 0.5845
Global Model, Round 110, Loss: 1.8371, Accuracy: 0.3217

--- FedSGD: Round 111 ---
Client 1 Accuracy (Round 111): 0.5831
Client 2 Accuracy (Round 111): 0.5807
Client 3 Accuracy (Round 111): 0.5888
Global Model, Round 111, Loss: 1.8142, Accuracy: 0.3356

--- FedSGD: Round 112 ---
Client 1 Accuracy (Round 112): 0.5841
Client 2 Accuracy (Round 112): 0.5793
Client 3 Accuracy (Round 112): 0.5974
Global Model, Round 112, Loss: 1.8417, Accuracy: 0.3121

--- FedSGD: Round 113 ---
Client 1 Accuracy (Round 113): 0.5710
Client 2 Accuracy (Round 113): 0.5757
Client 3 Accuracy (Round 113): 0.5691
Global Model, Round 113, Loss: 1.7865, Accuracy: 0.3410

--- FedSGD: Round 114 ---
Client 1 Accuracy (Round 114): 0.5868
Client 2 Accuracy (Round 114): 0.5916
Client 3 Accuracy (Round 114): 0.5932
Global Model, Round 114, Loss: 1.7815, Accuracy: 0.3491

--- FedSGD: Round 115 ---
Client 1 Accuracy (Round 115): 0.5894
Client 2 Accuracy (Round 115): 0.5881
Client 3 Accuracy (Round 115): 0.5757
Global Model, Round 115, Loss: 1.7627, Accuracy: 0.3692

--- FedSGD: Round 116 ---
Client 1 Accuracy (Round 116): 0.5877
Client 2 Accuracy (Round 116): 0.5764
Client 3 Accuracy (Round 116): 0.5917
Global Model, Round 116, Loss: 1.7600, Accuracy: 0.3665

--- FedSGD: Round 117 ---
Client 1 Accuracy (Round 117): 0.5930
Client 2 Accuracy (Round 117): 0.5811
Client 3 Accuracy (Round 117): 0.5909
Global Model, Round 117, Loss: 1.7732, Accuracy: 0.3472

--- FedSGD: Round 118 ---
Client 1 Accuracy (Round 118): 0.5736
Client 2 Accuracy (Round 118): 0.5754
Client 3 Accuracy (Round 118): 0.5834
Global Model, Round 118, Loss: 1.7817, Accuracy: 0.3417

--- FedSGD: Round 119 ---
Client 1 Accuracy (Round 119): 0.5706
Client 2 Accuracy (Round 119): 0.5761
Client 3 Accuracy (Round 119): 0.5754
Global Model, Round 119, Loss: 1.7585, Accuracy: 0.3513

--- FedSGD: Round 120 ---
Client 1 Accuracy (Round 120): 0.5880
Client 2 Accuracy (Round 120): 0.5834
Client 3 Accuracy (Round 120): 0.5830
Global Model, Round 120, Loss: 1.7811, Accuracy: 0.3386

--- FedSGD: Round 121 ---
Client 1 Accuracy (Round 121): 0.5890
Client 2 Accuracy (Round 121): 0.5713
Client 3 Accuracy (Round 121): 0.5677
Global Model, Round 121, Loss: 1.8037, Accuracy: 0.3320

--- FedSGD: Round 122 ---
Client 1 Accuracy (Round 122): 0.5947
Client 2 Accuracy (Round 122): 0.5850
Client 3 Accuracy (Round 122): 0.5889
Global Model, Round 122, Loss: 1.7995, Accuracy: 0.3295

--- FedSGD: Round 123 ---
Client 1 Accuracy (Round 123): 0.5770
Client 2 Accuracy (Round 123): 0.5727
Client 3 Accuracy (Round 123): 0.5844
Global Model, Round 123, Loss: 1.7770, Accuracy: 0.3556

--- FedSGD: Round 124 ---
Client 1 Accuracy (Round 124): 0.5944
Client 2 Accuracy (Round 124): 0.5926
Client 3 Accuracy (Round 124): 0.5983
Global Model, Round 124, Loss: 1.8039, Accuracy: 0.3421

--- FedSGD: Round 125 ---
Client 1 Accuracy (Round 125): 0.5937
Client 2 Accuracy (Round 125): 0.5901
Client 3 Accuracy (Round 125): 0.5810
Global Model, Round 125, Loss: 1.7942, Accuracy: 0.3458

--- FedSGD: Round 126 ---
Client 1 Accuracy (Round 126): 0.5898
Client 2 Accuracy (Round 126): 0.5933
Client 3 Accuracy (Round 126): 0.5908
Global Model, Round 126, Loss: 1.8127, Accuracy: 0.3313

--- FedSGD: Round 127 ---
Client 1 Accuracy (Round 127): 0.5839
Client 2 Accuracy (Round 127): 0.5651
Client 3 Accuracy (Round 127): 0.5834
Global Model, Round 127, Loss: 1.7941, Accuracy: 0.3414

--- FedSGD: Round 128 ---
Client 1 Accuracy (Round 128): 0.5826
Client 2 Accuracy (Round 128): 0.5877
Client 3 Accuracy (Round 128): 0.5874
Global Model, Round 128, Loss: 1.7700, Accuracy: 0.3549

--- FedSGD: Round 129 ---
Client 1 Accuracy (Round 129): 0.6084
Client 2 Accuracy (Round 129): 0.5983
Client 3 Accuracy (Round 129): 0.6002
Global Model, Round 129, Loss: 1.7461, Accuracy: 0.3805

--- FedSGD: Round 130 ---
Client 1 Accuracy (Round 130): 0.6157
Client 2 Accuracy (Round 130): 0.6127
Client 3 Accuracy (Round 130): 0.6162
Global Model, Round 130, Loss: 1.7734, Accuracy: 0.3540

--- FedSGD: Round 131 ---
Client 1 Accuracy (Round 131): 0.5981
Client 2 Accuracy (Round 131): 0.5907
Client 3 Accuracy (Round 131): 0.6044
Global Model, Round 131, Loss: 1.7580, Accuracy: 0.3644

--- FedSGD: Round 132 ---
Client 1 Accuracy (Round 132): 0.6160
Client 2 Accuracy (Round 132): 0.6063
Client 3 Accuracy (Round 132): 0.6070
Global Model, Round 132, Loss: 1.7854, Accuracy: 0.3482

--- FedSGD: Round 133 ---
Client 1 Accuracy (Round 133): 0.6095
Client 2 Accuracy (Round 133): 0.5991
Client 3 Accuracy (Round 133): 0.5870
Global Model, Round 133, Loss: 1.7798, Accuracy: 0.3585

--- FedSGD: Round 134 ---
Client 1 Accuracy (Round 134): 0.6010
Client 2 Accuracy (Round 134): 0.6025
Client 3 Accuracy (Round 134): 0.6076
Global Model, Round 134, Loss: 1.7462, Accuracy: 0.3813

--- FedSGD: Round 135 ---
Client 1 Accuracy (Round 135): 0.6243
Client 2 Accuracy (Round 135): 0.6192
Client 3 Accuracy (Round 135): 0.6102
Global Model, Round 135, Loss: 1.7711, Accuracy: 0.3626

--- FedSGD: Round 136 ---
Client 1 Accuracy (Round 136): 0.6054
Client 2 Accuracy (Round 136): 0.5847
Client 3 Accuracy (Round 136): 0.5945
Global Model, Round 136, Loss: 1.7576, Accuracy: 0.3756

--- FedSGD: Round 137 ---
Client 1 Accuracy (Round 137): 0.6125
Client 2 Accuracy (Round 137): 0.6045
Client 3 Accuracy (Round 137): 0.6045
Global Model, Round 137, Loss: 1.7482, Accuracy: 0.3732

--- FedSGD: Round 138 ---
Client 1 Accuracy (Round 138): 0.6108
Client 2 Accuracy (Round 138): 0.5966
Client 3 Accuracy (Round 138): 0.6040
Global Model, Round 138, Loss: 1.7343, Accuracy: 0.3757

--- FedSGD: Round 139 ---
Client 1 Accuracy (Round 139): 0.5964
Client 2 Accuracy (Round 139): 0.5815
Client 3 Accuracy (Round 139): 0.6106
Global Model, Round 139, Loss: 1.7316, Accuracy: 0.3865

--- FedSGD: Round 140 ---
Client 1 Accuracy (Round 140): 0.6145
Client 2 Accuracy (Round 140): 0.6042
Client 3 Accuracy (Round 140): 0.6008
Global Model, Round 140, Loss: 1.7679, Accuracy: 0.3604

--- FedSGD: Round 141 ---
Client 1 Accuracy (Round 141): 0.6133
Client 2 Accuracy (Round 141): 0.5965
Client 3 Accuracy (Round 141): 0.6072
Global Model, Round 141, Loss: 1.7892, Accuracy: 0.3513

--- FedSGD: Round 142 ---
Client 1 Accuracy (Round 142): 0.6090
Client 2 Accuracy (Round 142): 0.6000
Client 3 Accuracy (Round 142): 0.6149
Global Model, Round 142, Loss: 1.7823, Accuracy: 0.3566

--- FedSGD: Round 143 ---
Client 1 Accuracy (Round 143): 0.6086
Client 2 Accuracy (Round 143): 0.6117
Client 3 Accuracy (Round 143): 0.6159
Global Model, Round 143, Loss: 1.7917, Accuracy: 0.3591

--- FedSGD: Round 144 ---
Client 1 Accuracy (Round 144): 0.6076
Client 2 Accuracy (Round 144): 0.6006
Client 3 Accuracy (Round 144): 0.6205
Global Model, Round 144, Loss: 1.7999, Accuracy: 0.3468

--- FedSGD: Round 145 ---
Client 1 Accuracy (Round 145): 0.5977
Client 2 Accuracy (Round 145): 0.6000
Client 3 Accuracy (Round 145): 0.6044
Global Model, Round 145, Loss: 1.7986, Accuracy: 0.3520

--- FedSGD: Round 146 ---
Client 1 Accuracy (Round 146): 0.6167
Client 2 Accuracy (Round 146): 0.6214
Client 3 Accuracy (Round 146): 0.6169
Global Model, Round 146, Loss: 1.7985, Accuracy: 0.3586

--- FedSGD: Round 147 ---
Client 1 Accuracy (Round 147): 0.6077
Client 2 Accuracy (Round 147): 0.6060
Client 3 Accuracy (Round 147): 0.6051
Global Model, Round 147, Loss: 1.8146, Accuracy: 0.3511

--- FedSGD: Round 148 ---
Client 1 Accuracy (Round 148): 0.6291
Client 2 Accuracy (Round 148): 0.6097
Client 3 Accuracy (Round 148): 0.6138
Global Model, Round 148, Loss: 1.8240, Accuracy: 0.3381

--- FedSGD: Round 149 ---
Client 1 Accuracy (Round 149): 0.5997
Client 2 Accuracy (Round 149): 0.5926
Client 3 Accuracy (Round 149): 0.6148
Global Model, Round 149, Loss: 1.8180, Accuracy: 0.3349

--- FedSGD: Round 150 ---
Client 1 Accuracy (Round 150): 0.6075
Client 2 Accuracy (Round 150): 0.6094
Client 3 Accuracy (Round 150): 0.6221
Global Model, Round 150, Loss: 1.8093, Accuracy: 0.3411

Running fedsgd for ResNet-50

--- FedSGD: Round 1 ---
Client 1 Accuracy (Round 1): 0.0947
Client 2 Accuracy (Round 1): 0.0950
Client 3 Accuracy (Round 1): 0.0984
Global Model, Round 1, Loss: 2.3037, Accuracy: 0.1479

--- FedSGD: Round 2 ---
Client 1 Accuracy (Round 2): 0.1363
Client 2 Accuracy (Round 2): 0.1320
Client 3 Accuracy (Round 2): 0.1347
Global Model, Round 2, Loss: 2.2595, Accuracy: 0.1540

--- FedSGD: Round 3 ---
Client 1 Accuracy (Round 3): 0.1600
Client 2 Accuracy (Round 3): 0.1578
Client 3 Accuracy (Round 3): 0.1600
Global Model, Round 3, Loss: 2.2212, Accuracy: 0.1748

--- FedSGD: Round 4 ---
Client 1 Accuracy (Round 4): 0.1885
Client 2 Accuracy (Round 4): 0.1856
Client 3 Accuracy (Round 4): 0.1876
Global Model, Round 4, Loss: 2.1811, Accuracy: 0.1902

--- FedSGD: Round 5 ---
Client 1 Accuracy (Round 5): 0.2051
Client 2 Accuracy (Round 5): 0.2046
Client 3 Accuracy (Round 5): 0.2055
Global Model, Round 5, Loss: 2.1288, Accuracy: 0.2307

--- FedSGD: Round 6 ---
Client 1 Accuracy (Round 6): 0.2332
Client 2 Accuracy (Round 6): 0.2254
Client 3 Accuracy (Round 6): 0.2260
Global Model, Round 6, Loss: 2.0825, Accuracy: 0.2485

--- FedSGD: Round 7 ---
Client 1 Accuracy (Round 7): 0.2569
Client 2 Accuracy (Round 7): 0.2426
Client 3 Accuracy (Round 7): 0.2449
Global Model, Round 7, Loss: 2.0603, Accuracy: 0.2541

--- FedSGD: Round 8 ---
Client 1 Accuracy (Round 8): 0.2743
Client 2 Accuracy (Round 8): 0.2545
Client 3 Accuracy (Round 8): 0.2535
Global Model, Round 8, Loss: 2.0159, Accuracy: 0.2890

--- FedSGD: Round 9 ---
Client 1 Accuracy (Round 9): 0.2909
Client 2 Accuracy (Round 9): 0.2826
Client 3 Accuracy (Round 9): 0.2776
Global Model, Round 9, Loss: 1.9809, Accuracy: 0.2956

--- FedSGD: Round 10 ---
Client 1 Accuracy (Round 10): 0.2994
Client 2 Accuracy (Round 10): 0.2955
Client 3 Accuracy (Round 10): 0.3027
Global Model, Round 10, Loss: 1.9428, Accuracy: 0.3154

--- FedSGD: Round 11 ---
Client 1 Accuracy (Round 11): 0.3251
Client 2 Accuracy (Round 11): 0.3161
Client 3 Accuracy (Round 11): 0.3192
Global Model, Round 11, Loss: 1.9170, Accuracy: 0.3201

--- FedSGD: Round 12 ---
Client 1 Accuracy (Round 12): 0.3364
Client 2 Accuracy (Round 12): 0.3270
Client 3 Accuracy (Round 12): 0.3342
Global Model, Round 12, Loss: 1.8796, Accuracy: 0.3402

--- FedSGD: Round 13 ---
Client 1 Accuracy (Round 13): 0.3502
Client 2 Accuracy (Round 13): 0.3504
Client 3 Accuracy (Round 13): 0.3582
Global Model, Round 13, Loss: 1.8590, Accuracy: 0.3450

--- FedSGD: Round 14 ---
Client 1 Accuracy (Round 14): 0.3651
Client 2 Accuracy (Round 14): 0.3650
Client 3 Accuracy (Round 14): 0.3631
Global Model, Round 14, Loss: 1.8247, Accuracy: 0.3606

--- FedSGD: Round 15 ---
Client 1 Accuracy (Round 15): 0.3811
Client 2 Accuracy (Round 15): 0.3744
Client 3 Accuracy (Round 15): 0.3820
Global Model, Round 15, Loss: 1.8007, Accuracy: 0.3622

--- FedSGD: Round 16 ---
Client 1 Accuracy (Round 16): 0.3877
Client 2 Accuracy (Round 16): 0.3826
Client 3 Accuracy (Round 16): 0.3872
Global Model, Round 16, Loss: 1.7857, Accuracy: 0.3655

--- FedSGD: Round 17 ---
Client 1 Accuracy (Round 17): 0.3968
Client 2 Accuracy (Round 17): 0.3937
Client 3 Accuracy (Round 17): 0.3972
Global Model, Round 17, Loss: 1.7746, Accuracy: 0.3703

--- FedSGD: Round 18 ---
Client 1 Accuracy (Round 18): 0.4116
Client 2 Accuracy (Round 18): 0.4096
Client 3 Accuracy (Round 18): 0.4014
Global Model, Round 18, Loss: 1.7613, Accuracy: 0.3608

--- FedSGD: Round 19 ---
Client 1 Accuracy (Round 19): 0.4110
Client 2 Accuracy (Round 19): 0.4080
Client 3 Accuracy (Round 19): 0.4130
Global Model, Round 19, Loss: 1.7441, Accuracy: 0.3746

--- FedSGD: Round 20 ---
Client 1 Accuracy (Round 20): 0.4300
Client 2 Accuracy (Round 20): 0.4311
Client 3 Accuracy (Round 20): 0.4244
Global Model, Round 20, Loss: 1.7087, Accuracy: 0.3853

--- FedSGD: Round 21 ---
Client 1 Accuracy (Round 21): 0.4527
Client 2 Accuracy (Round 21): 0.4437
Client 3 Accuracy (Round 21): 0.4422
Global Model, Round 21, Loss: 1.6962, Accuracy: 0.3900

--- FedSGD: Round 22 ---
Client 1 Accuracy (Round 22): 0.4440
Client 2 Accuracy (Round 22): 0.4450
Client 3 Accuracy (Round 22): 0.4427
Global Model, Round 22, Loss: 1.7096, Accuracy: 0.3684

--- FedSGD: Round 23 ---
Client 1 Accuracy (Round 23): 0.4574
Client 2 Accuracy (Round 23): 0.4540
Client 3 Accuracy (Round 23): 0.4548
Global Model, Round 23, Loss: 1.6832, Accuracy: 0.3803

--- FedSGD: Round 24 ---
Client 1 Accuracy (Round 24): 0.4628
Client 2 Accuracy (Round 24): 0.4591
Client 3 Accuracy (Round 24): 0.4584
Global Model, Round 24, Loss: 1.6606, Accuracy: 0.3877

--- FedSGD: Round 25 ---
Client 1 Accuracy (Round 25): 0.4617
Client 2 Accuracy (Round 25): 0.4642
Client 3 Accuracy (Round 25): 0.4738
Global Model, Round 25, Loss: 1.6292, Accuracy: 0.4019

--- FedSGD: Round 26 ---
Client 1 Accuracy (Round 26): 0.4674
Client 2 Accuracy (Round 26): 0.4680
Client 3 Accuracy (Round 26): 0.4650
Global Model, Round 26, Loss: 1.6246, Accuracy: 0.3968

--- FedSGD: Round 27 ---
Client 1 Accuracy (Round 27): 0.4732
Client 2 Accuracy (Round 27): 0.4719
Client 3 Accuracy (Round 27): 0.4769
Global Model, Round 27, Loss: 1.5920, Accuracy: 0.4174

--- FedSGD: Round 28 ---
Client 1 Accuracy (Round 28): 0.4824
Client 2 Accuracy (Round 28): 0.4847
Client 3 Accuracy (Round 28): 0.4744
Global Model, Round 28, Loss: 1.6032, Accuracy: 0.4001

--- FedSGD: Round 29 ---
Client 1 Accuracy (Round 29): 0.4794
Client 2 Accuracy (Round 29): 0.4837
Client 3 Accuracy (Round 29): 0.4831
Global Model, Round 29, Loss: 1.5660, Accuracy: 0.4199

--- FedSGD: Round 30 ---
Client 1 Accuracy (Round 30): 0.4908
Client 2 Accuracy (Round 30): 0.4935
Client 3 Accuracy (Round 30): 0.4870
Global Model, Round 30, Loss: 1.5547, Accuracy: 0.4172

--- FedSGD: Round 31 ---
Client 1 Accuracy (Round 31): 0.4947
Client 2 Accuracy (Round 31): 0.4951
Client 3 Accuracy (Round 31): 0.4926
Global Model, Round 31, Loss: 1.5492, Accuracy: 0.4202

--- FedSGD: Round 32 ---
Client 1 Accuracy (Round 32): 0.5039
Client 2 Accuracy (Round 32): 0.5023
Client 3 Accuracy (Round 32): 0.4987
Global Model, Round 32, Loss: 1.5814, Accuracy: 0.3999

--- FedSGD: Round 33 ---
Client 1 Accuracy (Round 33): 0.4945
Client 2 Accuracy (Round 33): 0.5028
Client 3 Accuracy (Round 33): 0.4993
Global Model, Round 33, Loss: 1.5733, Accuracy: 0.4047

--- FedSGD: Round 34 ---
Client 1 Accuracy (Round 34): 0.5102
Client 2 Accuracy (Round 34): 0.5061
Client 3 Accuracy (Round 34): 0.5062
Global Model, Round 34, Loss: 1.5570, Accuracy: 0.4063

--- FedSGD: Round 35 ---
Client 1 Accuracy (Round 35): 0.5179
Client 2 Accuracy (Round 35): 0.5239
Client 3 Accuracy (Round 35): 0.5209
Global Model, Round 35, Loss: 1.5451, Accuracy: 0.4095

--- FedSGD: Round 36 ---
Client 1 Accuracy (Round 36): 0.5170
Client 2 Accuracy (Round 36): 0.5157
Client 3 Accuracy (Round 36): 0.5157
Global Model, Round 36, Loss: 1.5540, Accuracy: 0.4076

--- FedSGD: Round 37 ---
Client 1 Accuracy (Round 37): 0.5214
Client 2 Accuracy (Round 37): 0.5185
Client 3 Accuracy (Round 37): 0.5169
Global Model, Round 37, Loss: 1.5335, Accuracy: 0.4206

--- FedSGD: Round 38 ---
Client 1 Accuracy (Round 38): 0.5361
Client 2 Accuracy (Round 38): 0.5328
Client 3 Accuracy (Round 38): 0.5316
Global Model, Round 38, Loss: 1.5279, Accuracy: 0.4211

--- FedSGD: Round 39 ---
Client 1 Accuracy (Round 39): 0.5452
Client 2 Accuracy (Round 39): 0.5415
Client 3 Accuracy (Round 39): 0.5451
Global Model, Round 39, Loss: 1.5511, Accuracy: 0.4038

--- FedSGD: Round 40 ---
Client 1 Accuracy (Round 40): 0.5386
Client 2 Accuracy (Round 40): 0.5228
Client 3 Accuracy (Round 40): 0.5283
Global Model, Round 40, Loss: 1.5178, Accuracy: 0.4205

--- FedSGD: Round 41 ---
Client 1 Accuracy (Round 41): 0.5366
Client 2 Accuracy (Round 41): 0.5419
Client 3 Accuracy (Round 41): 0.5319
Global Model, Round 41, Loss: 1.5236, Accuracy: 0.4223

--- FedSGD: Round 42 ---
Client 1 Accuracy (Round 42): 0.5511
Client 2 Accuracy (Round 42): 0.5407
Client 3 Accuracy (Round 42): 0.5491
Global Model, Round 42, Loss: 1.5146, Accuracy: 0.4246

--- FedSGD: Round 43 ---
Client 1 Accuracy (Round 43): 0.5605
Client 2 Accuracy (Round 43): 0.5528
Client 3 Accuracy (Round 43): 0.5568
Global Model, Round 43, Loss: 1.5140, Accuracy: 0.4269

--- FedSGD: Round 44 ---
Client 1 Accuracy (Round 44): 0.5452
Client 2 Accuracy (Round 44): 0.5478
Client 3 Accuracy (Round 44): 0.5501
Global Model, Round 44, Loss: 1.5352, Accuracy: 0.4162

--- FedSGD: Round 45 ---
Client 1 Accuracy (Round 45): 0.5349
Client 2 Accuracy (Round 45): 0.5381
Client 3 Accuracy (Round 45): 0.5376
Global Model, Round 45, Loss: 1.4972, Accuracy: 0.4317

--- FedSGD: Round 46 ---
Client 1 Accuracy (Round 46): 0.5501
Client 2 Accuracy (Round 46): 0.5538
Client 3 Accuracy (Round 46): 0.5511
Global Model, Round 46, Loss: 1.4666, Accuracy: 0.4433

--- FedSGD: Round 47 ---
Client 1 Accuracy (Round 47): 0.5578
Client 2 Accuracy (Round 47): 0.5674
Client 3 Accuracy (Round 47): 0.5595
Global Model, Round 47, Loss: 1.4886, Accuracy: 0.4365

--- FedSGD: Round 48 ---
Client 1 Accuracy (Round 48): 0.5634
Client 2 Accuracy (Round 48): 0.5629
Client 3 Accuracy (Round 48): 0.5555
Global Model, Round 48, Loss: 1.4968, Accuracy: 0.4337

--- FedSGD: Round 49 ---
Client 1 Accuracy (Round 49): 0.5604
Client 2 Accuracy (Round 49): 0.5665
Client 3 Accuracy (Round 49): 0.5744
Global Model, Round 49, Loss: 1.4922, Accuracy: 0.4412

--- FedSGD: Round 50 ---
Client 1 Accuracy (Round 50): 0.5678
Client 2 Accuracy (Round 50): 0.5730
Client 3 Accuracy (Round 50): 0.5658
Global Model, Round 50, Loss: 1.4688, Accuracy: 0.4433

--- FedSGD: Round 51 ---
Client 1 Accuracy (Round 51): 0.5676
Client 2 Accuracy (Round 51): 0.5691
Client 3 Accuracy (Round 51): 0.5628
Global Model, Round 51, Loss: 1.4755, Accuracy: 0.4460

--- FedSGD: Round 52 ---
Client 1 Accuracy (Round 52): 0.5702
Client 2 Accuracy (Round 52): 0.5701
Client 3 Accuracy (Round 52): 0.5748
Global Model, Round 52, Loss: 1.4885, Accuracy: 0.4395

--- FedSGD: Round 53 ---
Client 1 Accuracy (Round 53): 0.5858
Client 2 Accuracy (Round 53): 0.5829
Client 3 Accuracy (Round 53): 0.5791
Global Model, Round 53, Loss: 1.4806, Accuracy: 0.4458

--- FedSGD: Round 54 ---
Client 1 Accuracy (Round 54): 0.5707
Client 2 Accuracy (Round 54): 0.5706
Client 3 Accuracy (Round 54): 0.5846
Global Model, Round 54, Loss: 1.4623, Accuracy: 0.4519

--- FedSGD: Round 55 ---
Client 1 Accuracy (Round 55): 0.5856
Client 2 Accuracy (Round 55): 0.5770
Client 3 Accuracy (Round 55): 0.5889
Global Model, Round 55, Loss: 1.4784, Accuracy: 0.4443

--- FedSGD: Round 56 ---
Client 1 Accuracy (Round 56): 0.5848
Client 2 Accuracy (Round 56): 0.5737
Client 3 Accuracy (Round 56): 0.5776
Global Model, Round 56, Loss: 1.4485, Accuracy: 0.4615

--- FedSGD: Round 57 ---
Client 1 Accuracy (Round 57): 0.5951
Client 2 Accuracy (Round 57): 0.5887
Client 3 Accuracy (Round 57): 0.5848
Global Model, Round 57, Loss: 1.4368, Accuracy: 0.4664

--- FedSGD: Round 58 ---
Client 1 Accuracy (Round 58): 0.5872
Client 2 Accuracy (Round 58): 0.5811
Client 3 Accuracy (Round 58): 0.5863
Global Model, Round 58, Loss: 1.4774, Accuracy: 0.4529

--- FedSGD: Round 59 ---
Client 1 Accuracy (Round 59): 0.5918
Client 2 Accuracy (Round 59): 0.5903
Client 3 Accuracy (Round 59): 0.5849
Global Model, Round 59, Loss: 1.5064, Accuracy: 0.4441

--- FedSGD: Round 60 ---
Client 1 Accuracy (Round 60): 0.5904
Client 2 Accuracy (Round 60): 0.5971
Client 3 Accuracy (Round 60): 0.5965
Global Model, Round 60, Loss: 1.4379, Accuracy: 0.4737

--- FedSGD: Round 61 ---
Client 1 Accuracy (Round 61): 0.6027
Client 2 Accuracy (Round 61): 0.5976
Client 3 Accuracy (Round 61): 0.5936
Global Model, Round 61, Loss: 1.4446, Accuracy: 0.4704

--- FedSGD: Round 62 ---
Client 1 Accuracy (Round 62): 0.5986
Client 2 Accuracy (Round 62): 0.6037
Client 3 Accuracy (Round 62): 0.5934
Global Model, Round 62, Loss: 1.4612, Accuracy: 0.4669

--- FedSGD: Round 63 ---
Client 1 Accuracy (Round 63): 0.5901
Client 2 Accuracy (Round 63): 0.5882
Client 3 Accuracy (Round 63): 0.5866
Global Model, Round 63, Loss: 1.4538, Accuracy: 0.4751

--- FedSGD: Round 64 ---
Client 1 Accuracy (Round 64): 0.6082
Client 2 Accuracy (Round 64): 0.6097
Client 3 Accuracy (Round 64): 0.6085
Global Model, Round 64, Loss: 1.4494, Accuracy: 0.4704

--- FedSGD: Round 65 ---
Client 1 Accuracy (Round 65): 0.6031
Client 2 Accuracy (Round 65): 0.6001
Client 3 Accuracy (Round 65): 0.6081
Global Model, Round 65, Loss: 1.4585, Accuracy: 0.4730

--- FedSGD: Round 66 ---
Client 1 Accuracy (Round 66): 0.6075
Client 2 Accuracy (Round 66): 0.6064
Client 3 Accuracy (Round 66): 0.6080
Global Model, Round 66, Loss: 1.4654, Accuracy: 0.4735

--- FedSGD: Round 67 ---
Client 1 Accuracy (Round 67): 0.6100
Client 2 Accuracy (Round 67): 0.6069
Client 3 Accuracy (Round 67): 0.6166
Global Model, Round 67, Loss: 1.4708, Accuracy: 0.4649

--- FedSGD: Round 68 ---
Client 1 Accuracy (Round 68): 0.6087
Client 2 Accuracy (Round 68): 0.6039
Client 3 Accuracy (Round 68): 0.6051
Global Model, Round 68, Loss: 1.5036, Accuracy: 0.4579

--- FedSGD: Round 69 ---
Client 1 Accuracy (Round 69): 0.5855
Client 2 Accuracy (Round 69): 0.6024
Client 3 Accuracy (Round 69): 0.6072
Global Model, Round 69, Loss: 1.4533, Accuracy: 0.4790

--- FedSGD: Round 70 ---
Client 1 Accuracy (Round 70): 0.5979
Client 2 Accuracy (Round 70): 0.6199
Client 3 Accuracy (Round 70): 0.6157
Global Model, Round 70, Loss: 1.4352, Accuracy: 0.4839

--- FedSGD: Round 71 ---
Client 1 Accuracy (Round 71): 0.6130
Client 2 Accuracy (Round 71): 0.6150
Client 3 Accuracy (Round 71): 0.6168
Global Model, Round 71, Loss: 1.4480, Accuracy: 0.4793

--- FedSGD: Round 72 ---
Client 1 Accuracy (Round 72): 0.6147
Client 2 Accuracy (Round 72): 0.6211
Client 3 Accuracy (Round 72): 0.6210
Global Model, Round 72, Loss: 1.4011, Accuracy: 0.4957

--- FedSGD: Round 73 ---
Client 1 Accuracy (Round 73): 0.6147
Client 2 Accuracy (Round 73): 0.6201
Client 3 Accuracy (Round 73): 0.6258
Global Model, Round 73, Loss: 1.3964, Accuracy: 0.4991

--- FedSGD: Round 74 ---
Client 1 Accuracy (Round 74): 0.6164
Client 2 Accuracy (Round 74): 0.6184
Client 3 Accuracy (Round 74): 0.6190
Global Model, Round 74, Loss: 1.4257, Accuracy: 0.4878

--- FedSGD: Round 75 ---
Client 1 Accuracy (Round 75): 0.6156
Client 2 Accuracy (Round 75): 0.6136
Client 3 Accuracy (Round 75): 0.6151
Global Model, Round 75, Loss: 1.4329, Accuracy: 0.4896

--- FedSGD: Round 76 ---
Client 1 Accuracy (Round 76): 0.6270
Client 2 Accuracy (Round 76): 0.6279
Client 3 Accuracy (Round 76): 0.6247
Global Model, Round 76, Loss: 1.4608, Accuracy: 0.4793

--- FedSGD: Round 77 ---
Client 1 Accuracy (Round 77): 0.6235
Client 2 Accuracy (Round 77): 0.6267
Client 3 Accuracy (Round 77): 0.6216
Global Model, Round 77, Loss: 1.4123, Accuracy: 0.4942

--- FedSGD: Round 78 ---
Client 1 Accuracy (Round 78): 0.6259
Client 2 Accuracy (Round 78): 0.6307
Client 3 Accuracy (Round 78): 0.6289
Global Model, Round 78, Loss: 1.4393, Accuracy: 0.4933

--- FedSGD: Round 79 ---
Client 1 Accuracy (Round 79): 0.6308
Client 2 Accuracy (Round 79): 0.6256
Client 3 Accuracy (Round 79): 0.6214
Global Model, Round 79, Loss: 1.4206, Accuracy: 0.4981

--- FedSGD: Round 80 ---
Client 1 Accuracy (Round 80): 0.6286
Client 2 Accuracy (Round 80): 0.6244
Client 3 Accuracy (Round 80): 0.6273
Global Model, Round 80, Loss: 1.4408, Accuracy: 0.4953

--- FedSGD: Round 81 ---
Client 1 Accuracy (Round 81): 0.6277
Client 2 Accuracy (Round 81): 0.6336
Client 3 Accuracy (Round 81): 0.6355
Global Model, Round 81, Loss: 1.3977, Accuracy: 0.5069

--- FedSGD: Round 82 ---
Client 1 Accuracy (Round 82): 0.6337
Client 2 Accuracy (Round 82): 0.6354
Client 3 Accuracy (Round 82): 0.6382
Global Model, Round 82, Loss: 1.4399, Accuracy: 0.4941

--- FedSGD: Round 83 ---
Client 1 Accuracy (Round 83): 0.6396
Client 2 Accuracy (Round 83): 0.6399
Client 3 Accuracy (Round 83): 0.6373
Global Model, Round 83, Loss: 1.4622, Accuracy: 0.4874

--- FedSGD: Round 84 ---
Client 1 Accuracy (Round 84): 0.6281
Client 2 Accuracy (Round 84): 0.6305
Client 3 Accuracy (Round 84): 0.6347
Global Model, Round 84, Loss: 1.4228, Accuracy: 0.5019

--- FedSGD: Round 85 ---
Client 1 Accuracy (Round 85): 0.6283
Client 2 Accuracy (Round 85): 0.6368
Client 3 Accuracy (Round 85): 0.6317
Global Model, Round 85, Loss: 1.4256, Accuracy: 0.4992

--- FedSGD: Round 86 ---
Client 1 Accuracy (Round 86): 0.6323
Client 2 Accuracy (Round 86): 0.6315
Client 3 Accuracy (Round 86): 0.6259
Global Model, Round 86, Loss: 1.4271, Accuracy: 0.5009

--- FedSGD: Round 87 ---
Client 1 Accuracy (Round 87): 0.6387
Client 2 Accuracy (Round 87): 0.6381
Client 3 Accuracy (Round 87): 0.6452
Global Model, Round 87, Loss: 1.4205, Accuracy: 0.5035

--- FedSGD: Round 88 ---
Client 1 Accuracy (Round 88): 0.6422
Client 2 Accuracy (Round 88): 0.6540
Client 3 Accuracy (Round 88): 0.6368
Global Model, Round 88, Loss: 1.4273, Accuracy: 0.4995

--- FedSGD: Round 89 ---
Client 1 Accuracy (Round 89): 0.6477
Client 2 Accuracy (Round 89): 0.6375
Client 3 Accuracy (Round 89): 0.6403
Global Model, Round 89, Loss: 1.4042, Accuracy: 0.5086

--- FedSGD: Round 90 ---
Client 1 Accuracy (Round 90): 0.6492
Client 2 Accuracy (Round 90): 0.6442
Client 3 Accuracy (Round 90): 0.6445
Global Model, Round 90, Loss: 1.3752, Accuracy: 0.5178

--- FedSGD: Round 91 ---
Client 1 Accuracy (Round 91): 0.6495
Client 2 Accuracy (Round 91): 0.6526
Client 3 Accuracy (Round 91): 0.6448
Global Model, Round 91, Loss: 1.3604, Accuracy: 0.5236

--- FedSGD: Round 92 ---
Client 1 Accuracy (Round 92): 0.6521
Client 2 Accuracy (Round 92): 0.6612
Client 3 Accuracy (Round 92): 0.6618
Global Model, Round 92, Loss: 1.3919, Accuracy: 0.5106

--- FedSGD: Round 93 ---
Client 1 Accuracy (Round 93): 0.6372
Client 2 Accuracy (Round 93): 0.6450
Client 3 Accuracy (Round 93): 0.6430
Global Model, Round 93, Loss: 1.3809, Accuracy: 0.5167

--- FedSGD: Round 94 ---
Client 1 Accuracy (Round 94): 0.6499
Client 2 Accuracy (Round 94): 0.6587
Client 3 Accuracy (Round 94): 0.6511
Global Model, Round 94, Loss: 1.3935, Accuracy: 0.5148

--- FedSGD: Round 95 ---
Client 1 Accuracy (Round 95): 0.6564
Client 2 Accuracy (Round 95): 0.6468
Client 3 Accuracy (Round 95): 0.6535
Global Model, Round 95, Loss: 1.4025, Accuracy: 0.5120

--- FedSGD: Round 96 ---
Client 1 Accuracy (Round 96): 0.6440
Client 2 Accuracy (Round 96): 0.6574
Client 3 Accuracy (Round 96): 0.6554
Global Model, Round 96, Loss: 1.3981, Accuracy: 0.5135

--- FedSGD: Round 97 ---
Client 1 Accuracy (Round 97): 0.6549
Client 2 Accuracy (Round 97): 0.6588
Client 3 Accuracy (Round 97): 0.6605
Global Model, Round 97, Loss: 1.3903, Accuracy: 0.5114

--- FedSGD: Round 98 ---
Client 1 Accuracy (Round 98): 0.6637
Client 2 Accuracy (Round 98): 0.6574
Client 3 Accuracy (Round 98): 0.6577
Global Model, Round 98, Loss: 1.4111, Accuracy: 0.5061

--- FedSGD: Round 99 ---
