Federated Learning Configuration:
  Algorithm: scaffold
  Dataset: FMNIST
  Distribution: non-IID
  Number of Clients: 3
  Rounds: 25
  Local Epochs: 5

Running scaffold for ResNet-18

--- SCAFFOLD: Round 1 ---
Client 1, Epoch 1/5, Loss: 33.0201
Client 1, Epoch 2/5, Loss: 10.3533
Client 1, Epoch 3/5, Loss: 7.1834
Client 1, Epoch 4/5, Loss: 4.8546
Client 1, Epoch 5/5, Loss: 4.1110
Client 2, Epoch 1/5, Loss: 23.4675
Client 2, Epoch 2/5, Loss: 4.6888
Client 2, Epoch 3/5, Loss: 2.6798
Client 2, Epoch 4/5, Loss: 1.7075
Client 2, Epoch 5/5, Loss: 1.3193
Client 3, Epoch 1/5, Loss: 25.0204
Client 3, Epoch 2/5, Loss: 6.8577
Client 3, Epoch 3/5, Loss: 3.9523
Client 3, Epoch 4/5, Loss: 2.4692
Client 3, Epoch 5/5, Loss: 1.6614
Global Model, Round 1, Loss: 1.8940, Accuracy: 0.44

--- SCAFFOLD: Round 2 ---
Client 1, Epoch 1/5, Loss: 20.1909
Client 1, Epoch 2/5, Loss: 8.2189
Client 1, Epoch 3/5, Loss: 5.3046
Client 1, Epoch 4/5, Loss: 3.7820
Client 1, Epoch 5/5, Loss: 3.1850
Client 2, Epoch 1/5, Loss: 11.0769
Client 2, Epoch 2/5, Loss: 2.7829
Client 2, Epoch 3/5, Loss: 1.8143
Client 2, Epoch 4/5, Loss: 0.9288
Client 2, Epoch 5/5, Loss: 0.8566
Client 3, Epoch 1/5, Loss: 12.5852
Client 3, Epoch 2/5, Loss: 4.2000
Client 3, Epoch 3/5, Loss: 1.8054
Client 3, Epoch 4/5, Loss: 1.3677
Client 3, Epoch 5/5, Loss: 1.1837
Global Model, Round 2, Loss: 1.5313, Accuracy: 0.56

--- SCAFFOLD: Round 3 ---
Client 1, Epoch 1/5, Loss: 11.3215
Client 1, Epoch 2/5, Loss: 5.3268
Client 1, Epoch 3/5, Loss: 3.6085
Client 1, Epoch 4/5, Loss: 4.7678
Client 1, Epoch 5/5, Loss: 2.4216
Client 2, Epoch 1/5, Loss: 8.3368
Client 2, Epoch 2/5, Loss: 2.1917
Client 2, Epoch 3/5, Loss: 1.3607
Client 2, Epoch 4/5, Loss: 0.6342
Client 2, Epoch 5/5, Loss: 0.7776
Client 3, Epoch 1/5, Loss: 7.4116
Client 3, Epoch 2/5, Loss: 2.1600
Client 3, Epoch 3/5, Loss: 2.1724
Client 3, Epoch 4/5, Loss: 1.1088
Client 3, Epoch 5/5, Loss: 0.4273
Global Model, Round 3, Loss: 1.4622, Accuracy: 0.58

--- SCAFFOLD: Round 4 ---
Client 1, Epoch 1/5, Loss: 7.0290
Client 1, Epoch 2/5, Loss: 3.7920
Client 1, Epoch 3/5, Loss: 1.9234
Client 1, Epoch 4/5, Loss: 2.1132
Client 1, Epoch 5/5, Loss: 1.5061
Client 2, Epoch 1/5, Loss: 5.2470
Client 2, Epoch 2/5, Loss: 0.9175
Client 2, Epoch 3/5, Loss: 0.9389
Client 2, Epoch 4/5, Loss: 0.5132
Client 2, Epoch 5/5, Loss: 0.3971
Client 3, Epoch 1/5, Loss: 4.3989
Client 3, Epoch 2/5, Loss: 1.4084
Client 3, Epoch 3/5, Loss: 0.6338
Client 3, Epoch 4/5, Loss: 0.2992
Client 3, Epoch 5/5, Loss: 0.5312
Global Model, Round 4, Loss: 1.4559, Accuracy: 0.59

--- SCAFFOLD: Round 5 ---
Client 1, Epoch 1/5, Loss: 5.1395
Client 1, Epoch 2/5, Loss: 2.4702
Client 1, Epoch 3/5, Loss: 1.5748
Client 1, Epoch 4/5, Loss: 1.5068
Client 1, Epoch 5/5, Loss: 1.4092
Client 2, Epoch 1/5, Loss: 2.7735
Client 2, Epoch 2/5, Loss: 0.6563
Client 2, Epoch 3/5, Loss: 0.5626
Client 2, Epoch 4/5, Loss: 0.7523
Client 2, Epoch 5/5, Loss: 0.1962
Client 3, Epoch 1/5, Loss: 4.4350
Client 3, Epoch 2/5, Loss: 1.3688
Client 3, Epoch 3/5, Loss: 0.3195
Client 3, Epoch 4/5, Loss: 0.2276
Client 3, Epoch 5/5, Loss: 0.5042
Global Model, Round 5, Loss: 1.4510, Accuracy: 0.59

--- SCAFFOLD: Round 6 ---
Client 1, Epoch 1/5, Loss: 3.1554
Client 1, Epoch 2/5, Loss: 2.3638
Client 1, Epoch 3/5, Loss: 0.9205
Client 1, Epoch 4/5, Loss: 0.6854
Client 1, Epoch 5/5, Loss: 0.2553
Client 2, Epoch 1/5, Loss: 2.0120
Client 2, Epoch 2/5, Loss: 0.6569
Client 2, Epoch 3/5, Loss: 0.2494
Client 2, Epoch 4/5, Loss: 0.2344
Client 2, Epoch 5/5, Loss: 0.2212
Client 3, Epoch 1/5, Loss: 2.7217
Client 3, Epoch 2/5, Loss: 0.9984
Client 3, Epoch 3/5, Loss: 0.3047
Client 3, Epoch 4/5, Loss: 1.5411
Client 3, Epoch 5/5, Loss: 0.3835
Global Model, Round 6, Loss: 1.4680, Accuracy: 0.59

--- SCAFFOLD: Round 7 ---
Client 1, Epoch 1/5, Loss: 2.4249
Client 1, Epoch 2/5, Loss: 1.1664
Client 1, Epoch 3/5, Loss: 1.2821
Client 1, Epoch 4/5, Loss: 1.5863
Client 1, Epoch 5/5, Loss: 0.9222
Client 2, Epoch 1/5, Loss: 1.3530
Client 2, Epoch 2/5, Loss: 0.4197
Client 2, Epoch 3/5, Loss: 0.2685
Client 2, Epoch 4/5, Loss: 0.1681
Client 2, Epoch 5/5, Loss: 0.2164
Client 3, Epoch 1/5, Loss: 1.4162
Client 3, Epoch 2/5, Loss: 0.8253
Client 3, Epoch 3/5, Loss: 0.4526
Client 3, Epoch 4/5, Loss: 0.1317
Client 3, Epoch 5/5, Loss: 0.1658
Global Model, Round 7, Loss: 1.4687, Accuracy: 0.61

--- SCAFFOLD: Round 8 ---
Client 1, Epoch 1/5, Loss: 1.6916
Client 1, Epoch 2/5, Loss: 1.2586
Client 1, Epoch 3/5, Loss: 0.5673
Client 1, Epoch 4/5, Loss: 0.6130
Client 1, Epoch 5/5, Loss: 0.2175
Client 2, Epoch 1/5, Loss: 1.8861
Client 2, Epoch 2/5, Loss: 0.5311
Client 2, Epoch 3/5, Loss: 0.3791
Client 2, Epoch 4/5, Loss: 0.2287
Client 2, Epoch 5/5, Loss: 0.1188
Client 3, Epoch 1/5, Loss: 1.5555
Client 3, Epoch 2/5, Loss: 0.7933
Client 3, Epoch 3/5, Loss: 0.4460
Client 3, Epoch 4/5, Loss: 0.1631
Client 3, Epoch 5/5, Loss: 0.2855
Global Model, Round 8, Loss: 1.4926, Accuracy: 0.60

--- SCAFFOLD: Round 9 ---
Client 1, Epoch 1/5, Loss: 2.1666
Client 1, Epoch 2/5, Loss: 0.6005
Client 1, Epoch 3/5, Loss: 1.8823
Client 1, Epoch 4/5, Loss: 0.3572
Client 1, Epoch 5/5, Loss: 0.6806
Client 2, Epoch 1/5, Loss: 1.1476
Client 2, Epoch 2/5, Loss: 0.3014
Client 2, Epoch 3/5, Loss: 0.6443
Client 2, Epoch 4/5, Loss: 0.5281
Client 2, Epoch 5/5, Loss: 0.2511
Client 3, Epoch 1/5, Loss: 1.1899
Client 3, Epoch 2/5, Loss: 0.7497
Client 3, Epoch 3/5, Loss: 0.1980
Client 3, Epoch 4/5, Loss: 0.3811
Client 3, Epoch 5/5, Loss: 1.3523
Global Model, Round 9, Loss: 1.5045, Accuracy: 0.58

--- SCAFFOLD: Round 10 ---
Client 1, Epoch 1/5, Loss: 2.0098
Client 1, Epoch 2/5, Loss: 0.9457
Client 1, Epoch 3/5, Loss: 0.4567
Client 1, Epoch 4/5, Loss: 0.2089
Client 1, Epoch 5/5, Loss: 0.3028
Client 2, Epoch 1/5, Loss: 1.0817
Client 2, Epoch 2/5, Loss: 0.6421
Client 2, Epoch 3/5, Loss: 0.1756
Client 2, Epoch 4/5, Loss: 0.1350
Client 2, Epoch 5/5, Loss: 0.1068
Client 3, Epoch 1/5, Loss: 1.3237
Client 3, Epoch 2/5, Loss: 0.1737
Client 3, Epoch 3/5, Loss: 0.2654
Client 3, Epoch 4/5, Loss: 0.1751
Client 3, Epoch 5/5, Loss: 0.2303
Global Model, Round 10, Loss: 1.4452, Accuracy: 0.61

--- SCAFFOLD: Round 11 ---
Client 1, Epoch 1/5, Loss: 0.9777
Client 1, Epoch 2/5, Loss: 1.2870
Client 1, Epoch 3/5, Loss: 0.9184
Client 1, Epoch 4/5, Loss: 1.1857
Client 1, Epoch 5/5, Loss: 0.6487
Client 2, Epoch 1/5, Loss: 1.3366
Client 2, Epoch 2/5, Loss: 0.1830
Client 2, Epoch 3/5, Loss: 0.1205
Client 2, Epoch 4/5, Loss: 0.1404
Client 2, Epoch 5/5, Loss: 0.0669
Client 3, Epoch 1/5, Loss: 1.0521
Client 3, Epoch 2/5, Loss: 0.1815
Client 3, Epoch 3/5, Loss: 0.5694
Client 3, Epoch 4/5, Loss: 0.1625
Client 3, Epoch 5/5, Loss: 0.2033
Global Model, Round 11, Loss: 1.4620, Accuracy: 0.61

--- SCAFFOLD: Round 12 ---
Client 1, Epoch 1/5, Loss: 1.1222
Client 1, Epoch 2/5, Loss: 0.3988
Client 1, Epoch 3/5, Loss: 0.1413
Client 1, Epoch 4/5, Loss: 0.5353
Client 1, Epoch 5/5, Loss: 0.3365
Client 2, Epoch 1/5, Loss: 0.6803
Client 2, Epoch 2/5, Loss: 0.2669
Client 2, Epoch 3/5, Loss: 0.2166
Client 2, Epoch 4/5, Loss: 0.6350
Client 2, Epoch 5/5, Loss: 0.1433
Client 3, Epoch 1/5, Loss: 0.9993
Client 3, Epoch 2/5, Loss: 0.3447
Client 3, Epoch 3/5, Loss: 0.3143
Client 3, Epoch 4/5, Loss: 0.1184
Client 3, Epoch 5/5, Loss: 0.0717
Global Model, Round 12, Loss: 1.4941, Accuracy: 0.59

--- SCAFFOLD: Round 13 ---
Client 1, Epoch 1/5, Loss: 1.1232
Client 1, Epoch 2/5, Loss: 0.2931
Client 1, Epoch 3/5, Loss: 0.1446
Client 1, Epoch 4/5, Loss: 0.1365
Client 1, Epoch 5/5, Loss: 0.1443
Client 2, Epoch 1/5, Loss: 1.1229
Client 2, Epoch 2/5, Loss: 0.1540
Client 2, Epoch 3/5, Loss: 0.1760
Client 2, Epoch 4/5, Loss: 0.0977
Client 2, Epoch 5/5, Loss: 0.0940
Client 3, Epoch 1/5, Loss: 1.5010
Client 3, Epoch 2/5, Loss: 1.2255
Client 3, Epoch 3/5, Loss: 0.2599
Client 3, Epoch 4/5, Loss: 0.1149
Client 3, Epoch 5/5, Loss: 0.0608
Global Model, Round 13, Loss: 1.4796, Accuracy: 0.61

--- SCAFFOLD: Round 14 ---
Client 1, Epoch 1/5, Loss: 2.4523
Client 1, Epoch 2/5, Loss: 1.5678
Client 1, Epoch 3/5, Loss: 1.6082
Client 1, Epoch 4/5, Loss: 0.4017
Client 1, Epoch 5/5, Loss: 0.4229
Client 2, Epoch 1/5, Loss: 0.5801
Client 2, Epoch 2/5, Loss: 0.1945
Client 2, Epoch 3/5, Loss: 0.0853
Client 2, Epoch 4/5, Loss: 0.0688
Client 2, Epoch 5/5, Loss: 0.0713
Client 3, Epoch 1/5, Loss: 0.5822
Client 3, Epoch 2/5, Loss: 0.1606
Client 3, Epoch 3/5, Loss: 0.0830
Client 3, Epoch 4/5, Loss: 0.0869
Client 3, Epoch 5/5, Loss: 0.0743
Global Model, Round 14, Loss: 1.4649, Accuracy: 0.62

--- SCAFFOLD: Round 15 ---
Client 1, Epoch 1/5, Loss: 0.5554
Client 1, Epoch 2/5, Loss: 0.1374
Client 1, Epoch 3/5, Loss: 0.0913
Client 1, Epoch 4/5, Loss: 0.0902
Client 1, Epoch 5/5, Loss: 0.0659
Client 2, Epoch 1/5, Loss: 0.5335
Client 2, Epoch 2/5, Loss: 0.1444
Client 2, Epoch 3/5, Loss: 0.0867
Client 2, Epoch 4/5, Loss: 0.0774
Client 2, Epoch 5/5, Loss: 0.0510
Client 3, Epoch 1/5, Loss: 0.6898
Client 3, Epoch 2/5, Loss: 0.2299
Client 3, Epoch 3/5, Loss: 0.1766
Client 3, Epoch 4/5, Loss: 0.0996
Client 3, Epoch 5/5, Loss: 0.0626
Global Model, Round 15, Loss: 1.4897, Accuracy: 0.59

--- SCAFFOLD: Round 16 ---
Client 1, Epoch 1/5, Loss: 0.7115
Client 1, Epoch 2/5, Loss: 0.4082
Client 1, Epoch 3/5, Loss: 0.1098
Client 1, Epoch 4/5, Loss: 2.3946
Client 1, Epoch 5/5, Loss: 3.1229
Client 2, Epoch 1/5, Loss: 0.6187
Client 2, Epoch 2/5, Loss: 0.1846
Client 2, Epoch 3/5, Loss: 0.2066
Client 2, Epoch 4/5, Loss: 0.1032
Client 2, Epoch 5/5, Loss: 0.1174
Client 3, Epoch 1/5, Loss: 0.5113
Client 3, Epoch 2/5, Loss: 0.1187
Client 3, Epoch 3/5, Loss: 0.0865
Client 3, Epoch 4/5, Loss: 0.0732
Client 3, Epoch 5/5, Loss: 0.0535
Global Model, Round 16, Loss: 1.5163, Accuracy: 0.59

--- SCAFFOLD: Round 17 ---
Client 1, Epoch 1/5, Loss: 0.4827
Client 1, Epoch 2/5, Loss: 0.3888
Client 1, Epoch 3/5, Loss: 0.5149
Client 1, Epoch 4/5, Loss: 0.5061
Client 1, Epoch 5/5, Loss: 0.2126
Client 2, Epoch 1/5, Loss: 0.4879
Client 2, Epoch 2/5, Loss: 0.0964
Client 2, Epoch 3/5, Loss: 0.3756
Client 2, Epoch 4/5, Loss: 0.0801
Client 2, Epoch 5/5, Loss: 0.1682
Client 3, Epoch 1/5, Loss: 0.5228
Client 3, Epoch 2/5, Loss: 1.4129
Client 3, Epoch 3/5, Loss: 0.1897
Client 3, Epoch 4/5, Loss: 0.1753
Client 3, Epoch 5/5, Loss: 0.0787
Global Model, Round 17, Loss: 1.5132, Accuracy: 0.59

--- SCAFFOLD: Round 18 ---
Client 1, Epoch 1/5, Loss: 0.5931
Client 1, Epoch 2/5, Loss: 0.1581
Client 1, Epoch 3/5, Loss: 0.2042
Client 1, Epoch 4/5, Loss: 0.1952
Client 1, Epoch 5/5, Loss: 0.0894
Client 2, Epoch 1/5, Loss: 0.3907
Client 2, Epoch 2/5, Loss: 0.1336
Client 2, Epoch 3/5, Loss: 0.0739
Client 2, Epoch 4/5, Loss: 0.0807
Client 2, Epoch 5/5, Loss: 0.1411
Client 3, Epoch 1/5, Loss: 0.5086
Client 3, Epoch 2/5, Loss: 0.1888
Client 3, Epoch 3/5, Loss: 0.0754
Client 3, Epoch 4/5, Loss: 0.0610
Client 3, Epoch 5/5, Loss: 0.1075
Global Model, Round 18, Loss: 1.5679, Accuracy: 0.57

--- SCAFFOLD: Round 19 ---
Client 1, Epoch 1/5, Loss: 0.9293
Client 1, Epoch 2/5, Loss: 0.5267
Client 1, Epoch 3/5, Loss: 0.1859
Client 1, Epoch 4/5, Loss: 0.0845
Client 1, Epoch 5/5, Loss: 0.1098
Client 2, Epoch 1/5, Loss: 0.4798
Client 2, Epoch 2/5, Loss: 0.0921
Client 2, Epoch 3/5, Loss: 0.1139
Client 2, Epoch 4/5, Loss: 0.0646
Client 2, Epoch 5/5, Loss: 0.0511
Client 3, Epoch 1/5, Loss: 0.3925
Client 3, Epoch 2/5, Loss: 0.1054
Client 3, Epoch 3/5, Loss: 0.0817
Client 3, Epoch 4/5, Loss: 0.1035
Client 3, Epoch 5/5, Loss: 0.5872
Global Model, Round 19, Loss: 1.5593, Accuracy: 0.59

--- SCAFFOLD: Round 20 ---
Client 1, Epoch 1/5, Loss: 0.3198
Client 1, Epoch 2/5, Loss: 0.1448
Client 1, Epoch 3/5, Loss: 0.1274
Client 1, Epoch 4/5, Loss: 0.0576
Client 1, Epoch 5/5, Loss: 0.0577
Client 2, Epoch 1/5, Loss: 0.4588
Client 2, Epoch 2/5, Loss: 0.2662
Client 2, Epoch 3/5, Loss: 0.2014
Client 2, Epoch 4/5, Loss: 0.0674
Client 2, Epoch 5/5, Loss: 0.0462
Client 3, Epoch 1/5, Loss: 0.3894
Client 3, Epoch 2/5, Loss: 0.2016
Client 3, Epoch 3/5, Loss: 0.1516
Client 3, Epoch 4/5, Loss: 0.0566
Client 3, Epoch 5/5, Loss: 0.1273
Global Model, Round 20, Loss: 1.5615, Accuracy: 0.58

--- SCAFFOLD: Round 21 ---
Client 1, Epoch 1/5, Loss: 0.2931
Client 1, Epoch 2/5, Loss: 0.3207
Client 1, Epoch 3/5, Loss: 0.7657
Client 1, Epoch 4/5, Loss: 0.3370
Client 1, Epoch 5/5, Loss: 0.1541
Client 2, Epoch 1/5, Loss: 0.9700
Client 2, Epoch 2/5, Loss: 0.0959
Client 2, Epoch 3/5, Loss: 0.0866
Client 2, Epoch 4/5, Loss: 0.0592
Client 2, Epoch 5/5, Loss: 0.2236
Client 3, Epoch 1/5, Loss: 0.2906
Client 3, Epoch 2/5, Loss: 0.1666
Client 3, Epoch 3/5, Loss: 0.1348
Client 3, Epoch 4/5, Loss: 0.0571
Client 3, Epoch 5/5, Loss: 0.0365
Global Model, Round 21, Loss: 1.5319, Accuracy: 0.59

--- SCAFFOLD: Round 22 ---
Client 1, Epoch 1/5, Loss: 0.4015
Client 1, Epoch 2/5, Loss: 0.1893
Client 1, Epoch 3/5, Loss: 0.6805
Client 1, Epoch 4/5, Loss: 0.1393
Client 1, Epoch 5/5, Loss: 0.1370
Client 2, Epoch 1/5, Loss: 0.2709
Client 2, Epoch 2/5, Loss: 0.0803
Client 2, Epoch 3/5, Loss: 0.1023
Client 2, Epoch 4/5, Loss: 0.0509
Client 2, Epoch 5/5, Loss: 0.1427
Client 3, Epoch 1/5, Loss: 0.3021
Client 3, Epoch 2/5, Loss: 0.0964
Client 3, Epoch 3/5, Loss: 0.0862
Client 3, Epoch 4/5, Loss: 0.0429
Client 3, Epoch 5/5, Loss: 0.0556
Global Model, Round 22, Loss: 1.5550, Accuracy: 0.59

--- SCAFFOLD: Round 23 ---
Client 1, Epoch 1/5, Loss: 0.2524
Client 1, Epoch 2/5, Loss: 0.0957
Client 1, Epoch 3/5, Loss: 0.0673
Client 1, Epoch 4/5, Loss: 0.0522
Client 1, Epoch 5/5, Loss: 2.3065
Client 2, Epoch 1/5, Loss: 0.2518
Client 2, Epoch 2/5, Loss: 0.0884
Client 2, Epoch 3/5, Loss: 0.0812
Client 2, Epoch 4/5, Loss: 0.0306
Client 2, Epoch 5/5, Loss: 0.3274
Client 3, Epoch 1/5, Loss: 0.2960
Client 3, Epoch 2/5, Loss: 0.1170
Client 3, Epoch 3/5, Loss: 0.0527
Client 3, Epoch 4/5, Loss: 0.0529
Client 3, Epoch 5/5, Loss: 0.0438
Global Model, Round 23, Loss: 1.7963, Accuracy: 0.51

--- SCAFFOLD: Round 24 ---
Client 1, Epoch 1/5, Loss: 1.1334
Client 1, Epoch 2/5, Loss: 1.2209
Client 1, Epoch 3/5, Loss: 0.8679
Client 1, Epoch 4/5, Loss: 0.4140
Client 1, Epoch 5/5, Loss: 0.2191
Client 2, Epoch 1/5, Loss: 0.4458
Client 2, Epoch 2/5, Loss: 0.1266
Client 2, Epoch 3/5, Loss: 0.0607
Client 2, Epoch 4/5, Loss: 0.1156
Client 2, Epoch 5/5, Loss: 0.2107
Client 3, Epoch 1/5, Loss: 1.4693
Client 3, Epoch 2/5, Loss: 0.4360
Client 3, Epoch 3/5, Loss: 0.4249
Client 3, Epoch 4/5, Loss: 0.2832
Client 3, Epoch 5/5, Loss: 0.1128
Global Model, Round 24, Loss: 1.6273, Accuracy: 0.55

--- SCAFFOLD: Round 25 ---
Client 1, Epoch 1/5, Loss: 1.1035
Client 1, Epoch 2/5, Loss: 0.1562
Client 1, Epoch 3/5, Loss: 0.0840
Client 1, Epoch 4/5, Loss: 0.6202
Client 1, Epoch 5/5, Loss: 0.8345
Client 2, Epoch 1/5, Loss: 0.2501
Client 2, Epoch 2/5, Loss: 0.1021
Client 2, Epoch 3/5, Loss: 0.0575
Client 2, Epoch 4/5, Loss: 0.0641
Client 2, Epoch 5/5, Loss: 0.0340
Client 3, Epoch 1/5, Loss: 0.2664
Client 3, Epoch 2/5, Loss: 0.0666
Client 3, Epoch 3/5, Loss: 0.0566
Client 3, Epoch 4/5, Loss: 0.0454
Client 3, Epoch 5/5, Loss: 0.5586
Global Model, Round 25, Loss: 1.5915, Accuracy: 0.57

Running scaffold for ResNet-50

--- SCAFFOLD: Round 1 ---
Client 1, Epoch 1/5, Loss: 34.2962
Client 1, Epoch 2/5, Loss: 11.5373
Client 1, Epoch 3/5, Loss: 6.7864
Client 1, Epoch 4/5, Loss: 4.8633
Client 1, Epoch 5/5, Loss: 2.7883
Client 2, Epoch 1/5, Loss: 26.5363
Client 2, Epoch 2/5, Loss: 6.2874
Client 2, Epoch 3/5, Loss: 4.0835
Client 2, Epoch 4/5, Loss: 1.7659
Client 2, Epoch 5/5, Loss: 0.9968
Client 3, Epoch 1/5, Loss: 30.1315
Client 3, Epoch 2/5, Loss: 7.9634
Client 3, Epoch 3/5, Loss: 4.2476
Client 3, Epoch 4/5, Loss: 2.5468
Client 3, Epoch 5/5, Loss: 1.6923
Global Model, Round 1, Loss: 1.9426, Accuracy: 0.40

--- SCAFFOLD: Round 2 ---
Client 1, Epoch 1/5, Loss: 18.4061
Client 1, Epoch 2/5, Loss: 8.4378
Client 1, Epoch 3/5, Loss: 5.1111
Client 1, Epoch 4/5, Loss: 3.1968
Client 1, Epoch 5/5, Loss: 3.0054
Client 2, Epoch 1/5, Loss: 13.0013
Client 2, Epoch 2/5, Loss: 2.7235
Client 2, Epoch 3/5, Loss: 1.6992
Client 2, Epoch 4/5, Loss: 0.7843
Client 2, Epoch 5/5, Loss: 0.8710
Client 3, Epoch 1/5, Loss: 15.4207
Client 3, Epoch 2/5, Loss: 3.8563
Client 3, Epoch 3/5, Loss: 2.7113
Client 3, Epoch 4/5, Loss: 1.7075
Client 3, Epoch 5/5, Loss: 0.8610
Global Model, Round 2, Loss: 1.5780, Accuracy: 0.51

--- SCAFFOLD: Round 3 ---
Client 1, Epoch 1/5, Loss: 10.9441
Client 1, Epoch 2/5, Loss: 4.6768
Client 1, Epoch 3/5, Loss: 3.1087
Client 1, Epoch 4/5, Loss: 3.1096
Client 1, Epoch 5/5, Loss: 1.8161
Client 2, Epoch 1/5, Loss: 5.9352
Client 2, Epoch 2/5, Loss: 2.4372
Client 2, Epoch 3/5, Loss: 1.5650
Client 2, Epoch 4/5, Loss: 0.9393
Client 2, Epoch 5/5, Loss: 0.4560
Client 3, Epoch 1/5, Loss: 9.1061
Client 3, Epoch 2/5, Loss: 3.3434
Client 3, Epoch 3/5, Loss: 1.6780
Client 3, Epoch 4/5, Loss: 0.9749
Client 3, Epoch 5/5, Loss: 0.4428
Global Model, Round 3, Loss: 1.3903, Accuracy: 0.57

--- SCAFFOLD: Round 4 ---
Client 1, Epoch 1/5, Loss: 6.5837
Client 1, Epoch 2/5, Loss: 3.2625
Client 1, Epoch 3/5, Loss: 2.5226
Client 1, Epoch 4/5, Loss: 1.6849
Client 1, Epoch 5/5, Loss: 1.2573
Client 2, Epoch 1/5, Loss: 3.9257
Client 2, Epoch 2/5, Loss: 1.4185
Client 2, Epoch 3/5, Loss: 1.0426
Client 2, Epoch 4/5, Loss: 0.4674
Client 2, Epoch 5/5, Loss: 0.1568
Client 3, Epoch 1/5, Loss: 5.4071
Client 3, Epoch 2/5, Loss: 2.1443
Client 3, Epoch 3/5, Loss: 1.4236
Client 3, Epoch 4/5, Loss: 0.5569
Client 3, Epoch 5/5, Loss: 0.2551
Global Model, Round 4, Loss: 1.3583, Accuracy: 0.61

--- SCAFFOLD: Round 5 ---
Client 1, Epoch 1/5, Loss: 4.3166
Client 1, Epoch 2/5, Loss: 2.8209
Client 1, Epoch 3/5, Loss: 2.0354
Client 1, Epoch 4/5, Loss: 0.9933
Client 1, Epoch 5/5, Loss: 0.5622
Client 2, Epoch 1/5, Loss: 2.8076
Client 2, Epoch 2/5, Loss: 0.6534
Client 2, Epoch 3/5, Loss: 0.5491
Client 2, Epoch 4/5, Loss: 0.2227
Client 2, Epoch 5/5, Loss: 0.1416
Client 3, Epoch 1/5, Loss: 3.6828
Client 3, Epoch 2/5, Loss: 1.4171
Client 3, Epoch 3/5, Loss: 0.8145
Client 3, Epoch 4/5, Loss: 0.2960
Client 3, Epoch 5/5, Loss: 0.3431
Global Model, Round 5, Loss: 1.3316, Accuracy: 0.63

--- SCAFFOLD: Round 6 ---
Client 1, Epoch 1/5, Loss: 2.0694
Client 1, Epoch 2/5, Loss: 0.8449
Client 1, Epoch 3/5, Loss: 0.9323
Client 1, Epoch 4/5, Loss: 2.3826
Client 1, Epoch 5/5, Loss: 1.2381
Client 2, Epoch 1/5, Loss: 2.1454
Client 2, Epoch 2/5, Loss: 0.8522
Client 2, Epoch 3/5, Loss: 0.5367
Client 2, Epoch 4/5, Loss: 0.3629
Client 2, Epoch 5/5, Loss: 1.4174
Client 3, Epoch 1/5, Loss: 1.8512
Client 3, Epoch 2/5, Loss: 0.5823
Client 3, Epoch 3/5, Loss: 2.3147
Client 3, Epoch 4/5, Loss: 1.0573
Client 3, Epoch 5/5, Loss: 0.6328
Global Model, Round 6, Loss: 1.3818, Accuracy: 0.62

--- SCAFFOLD: Round 7 ---
Client 1, Epoch 1/5, Loss: 2.3579
Client 1, Epoch 2/5, Loss: 0.8390
Client 1, Epoch 3/5, Loss: 0.3675
Client 1, Epoch 4/5, Loss: 0.3226
Client 1, Epoch 5/5, Loss: 0.5606
Client 2, Epoch 1/5, Loss: 1.9554
Client 2, Epoch 2/5, Loss: 3.3339
Client 2, Epoch 3/5, Loss: 1.1326
Client 2, Epoch 4/5, Loss: 0.4600
Client 2, Epoch 5/5, Loss: 0.2401
Client 3, Epoch 1/5, Loss: 1.5280
Client 3, Epoch 2/5, Loss: 0.3164
Client 3, Epoch 3/5, Loss: 0.2681
Client 3, Epoch 4/5, Loss: 0.2621
Client 3, Epoch 5/5, Loss: 0.2792
Global Model, Round 7, Loss: 1.4217, Accuracy: 0.60

--- SCAFFOLD: Round 8 ---
Client 1, Epoch 1/5, Loss: 1.4922
Client 1, Epoch 2/5, Loss: 0.6946
Client 1, Epoch 3/5, Loss: 0.3159
Client 1, Epoch 4/5, Loss: 0.1072
Client 1, Epoch 5/5, Loss: 0.2423
Client 2, Epoch 1/5, Loss: 1.3223
Client 2, Epoch 2/5, Loss: 0.3922
Client 2, Epoch 3/5, Loss: 0.2620
Client 2, Epoch 4/5, Loss: 0.1662
Client 2, Epoch 5/5, Loss: 0.1974
Client 3, Epoch 1/5, Loss: 1.4179
Client 3, Epoch 2/5, Loss: 0.3405
Client 3, Epoch 3/5, Loss: 0.1412
Client 3, Epoch 4/5, Loss: 0.2009
Client 3, Epoch 5/5, Loss: 0.2619
Global Model, Round 8, Loss: 1.3816, Accuracy: 0.62

--- SCAFFOLD: Round 9 ---
Client 1, Epoch 1/5, Loss: 1.3531
Client 1, Epoch 2/5, Loss: 0.2406
Client 1, Epoch 3/5, Loss: 0.1433
Client 1, Epoch 4/5, Loss: 0.1154
Client 1, Epoch 5/5, Loss: 0.0846
Client 2, Epoch 1/5, Loss: 1.1331
Client 2, Epoch 2/5, Loss: 0.2053
Client 2, Epoch 3/5, Loss: 0.1339
Client 2, Epoch 4/5, Loss: 0.1669
Client 2, Epoch 5/5, Loss: 0.1518
Client 3, Epoch 1/5, Loss: 1.0096
Client 3, Epoch 2/5, Loss: 0.2104
Client 3, Epoch 3/5, Loss: 0.1450
Client 3, Epoch 4/5, Loss: 0.0932
Client 3, Epoch 5/5, Loss: 0.0967
Global Model, Round 9, Loss: 1.4440, Accuracy: 0.61

--- SCAFFOLD: Round 10 ---
Client 1, Epoch 1/5, Loss: 1.2002
Client 1, Epoch 2/5, Loss: 0.1777
Client 1, Epoch 3/5, Loss: 0.1779
Client 1, Epoch 4/5, Loss: 0.0991
Client 1, Epoch 5/5, Loss: 0.0991
Client 2, Epoch 1/5, Loss: 0.8345
Client 2, Epoch 2/5, Loss: 0.2074
Client 2, Epoch 3/5, Loss: 0.2068
Client 2, Epoch 4/5, Loss: 0.1058
Client 2, Epoch 5/5, Loss: 0.0596
Client 3, Epoch 1/5, Loss: 0.9325
Client 3, Epoch 2/5, Loss: 0.1400
Client 3, Epoch 3/5, Loss: 0.2512
Client 3, Epoch 4/5, Loss: 0.0977
Client 3, Epoch 5/5, Loss: 0.2331
Global Model, Round 10, Loss: 1.4005, Accuracy: 0.63

--- SCAFFOLD: Round 11 ---
Client 1, Epoch 1/5, Loss: 0.8176
Client 1, Epoch 2/5, Loss: 0.1683
Client 1, Epoch 3/5, Loss: 0.1182
Client 1, Epoch 4/5, Loss: 0.1376
Client 1, Epoch 5/5, Loss: 0.2357
Client 2, Epoch 1/5, Loss: 0.8221
Client 2, Epoch 2/5, Loss: 0.1418
Client 2, Epoch 3/5, Loss: 0.1098
Client 2, Epoch 4/5, Loss: 0.1846
Client 2, Epoch 5/5, Loss: 0.0833
Client 3, Epoch 1/5, Loss: 0.7304
Client 3, Epoch 2/5, Loss: 0.8635
Client 3, Epoch 3/5, Loss: 0.1957
Client 3, Epoch 4/5, Loss: 0.2828
Client 3, Epoch 5/5, Loss: 0.1139
Global Model, Round 11, Loss: 1.4062, Accuracy: 0.63

--- SCAFFOLD: Round 12 ---
Client 1, Epoch 1/5, Loss: 0.7244
Client 1, Epoch 2/5, Loss: 0.1601
Client 1, Epoch 3/5, Loss: 0.7792
Client 1, Epoch 4/5, Loss: 0.8427
Client 1, Epoch 5/5, Loss: 0.3893
Client 2, Epoch 1/5, Loss: 0.6200
Client 2, Epoch 2/5, Loss: 0.1579
Client 2, Epoch 3/5, Loss: 0.0920
Client 2, Epoch 4/5, Loss: 0.0691
Client 2, Epoch 5/5, Loss: 0.0574
Client 3, Epoch 1/5, Loss: 0.9646
Client 3, Epoch 2/5, Loss: 0.1971
Client 3, Epoch 3/5, Loss: 0.1318
Client 3, Epoch 4/5, Loss: 0.0721
Client 3, Epoch 5/5, Loss: 0.2269
Global Model, Round 12, Loss: 1.4327, Accuracy: 0.62

--- SCAFFOLD: Round 13 ---
Client 1, Epoch 1/5, Loss: 0.6966
Client 1, Epoch 2/5, Loss: 0.1732
Client 1, Epoch 3/5, Loss: 0.0811
Client 1, Epoch 4/5, Loss: 0.0829
Client 1, Epoch 5/5, Loss: 1.2684
Client 2, Epoch 1/5, Loss: 0.6769
Client 2, Epoch 2/5, Loss: 0.1655
Client 2, Epoch 3/5, Loss: 0.3617
Client 2, Epoch 4/5, Loss: 0.1448
Client 2, Epoch 5/5, Loss: 0.3648
Client 3, Epoch 1/5, Loss: 0.5631
Client 3, Epoch 2/5, Loss: 0.2173
Client 3, Epoch 3/5, Loss: 0.0944
Client 3, Epoch 4/5, Loss: 0.0844
Client 3, Epoch 5/5, Loss: 0.0451
Global Model, Round 13, Loss: 1.4636, Accuracy: 0.61

--- SCAFFOLD: Round 14 ---
Client 1, Epoch 1/5, Loss: 0.6158
Client 1, Epoch 2/5, Loss: 0.2156
Client 1, Epoch 3/5, Loss: 0.0795
Client 1, Epoch 4/5, Loss: 0.2364
Client 1, Epoch 5/5, Loss: 0.5089
Client 2, Epoch 1/5, Loss: 0.5038
Client 2, Epoch 2/5, Loss: 0.1588
Client 2, Epoch 3/5, Loss: 0.2627
Client 2, Epoch 4/5, Loss: 0.2536
Client 2, Epoch 5/5, Loss: 0.2445
Client 3, Epoch 1/5, Loss: 0.6391
Client 3, Epoch 2/5, Loss: 0.2370
Client 3, Epoch 3/5, Loss: 0.1198
Client 3, Epoch 4/5, Loss: 0.1567
Client 3, Epoch 5/5, Loss: 0.0606
Global Model, Round 14, Loss: 1.5262, Accuracy: 0.60

--- SCAFFOLD: Round 15 ---
Client 1, Epoch 1/5, Loss: 0.7615
Client 1, Epoch 2/5, Loss: 0.7663
Client 1, Epoch 3/5, Loss: 0.2260
Client 1, Epoch 4/5, Loss: 0.4120
Client 1, Epoch 5/5, Loss: 1.6720
Client 2, Epoch 1/5, Loss: 0.5916
Client 2, Epoch 2/5, Loss: 0.1210
Client 2, Epoch 3/5, Loss: 0.0758
Client 2, Epoch 4/5, Loss: 0.2130
Client 2, Epoch 5/5, Loss: 0.0703
Client 3, Epoch 1/5, Loss: 0.4237
Client 3, Epoch 2/5, Loss: 0.1343
Client 3, Epoch 3/5, Loss: 0.0721
Client 3, Epoch 4/5, Loss: 0.1251
Client 3, Epoch 5/5, Loss: 0.0575
Global Model, Round 15, Loss: 1.4891, Accuracy: 0.63

--- SCAFFOLD: Round 16 ---
Client 1, Epoch 1/5, Loss: 1.0143
Client 1, Epoch 2/5, Loss: 0.4130
Client 1, Epoch 3/5, Loss: 0.4760
Client 1, Epoch 4/5, Loss: 0.3518
Client 1, Epoch 5/5, Loss: 1.8330
Client 2, Epoch 1/5, Loss: 0.3848
Client 2, Epoch 2/5, Loss: 0.2113
Client 2, Epoch 3/5, Loss: 0.1594
Client 2, Epoch 4/5, Loss: 0.2630
Client 2, Epoch 5/5, Loss: 0.0937
Client 3, Epoch 1/5, Loss: 0.4423
Client 3, Epoch 2/5, Loss: 0.1041
Client 3, Epoch 3/5, Loss: 0.0962
Client 3, Epoch 4/5, Loss: 0.0651
Client 3, Epoch 5/5, Loss: 0.0512
Global Model, Round 16, Loss: 1.6159, Accuracy: 0.59

--- SCAFFOLD: Round 17 ---
Client 1, Epoch 1/5, Loss: 1.2557
Client 1, Epoch 2/5, Loss: 0.2804
Client 1, Epoch 3/5, Loss: 0.2028
Client 1, Epoch 4/5, Loss: 0.0517
Client 1, Epoch 5/5, Loss: 0.0821
Client 2, Epoch 1/5, Loss: 0.4751
Client 2, Epoch 2/5, Loss: 0.0904
Client 2, Epoch 3/5, Loss: 0.0762
Client 2, Epoch 4/5, Loss: 0.0717
Client 2, Epoch 5/5, Loss: 0.0548
Client 3, Epoch 1/5, Loss: 0.4164
Client 3, Epoch 2/5, Loss: 0.0856
Client 3, Epoch 3/5, Loss: 0.0880
Client 3, Epoch 4/5, Loss: 0.0590
Client 3, Epoch 5/5, Loss: 0.0760
Global Model, Round 17, Loss: 1.4580, Accuracy: 0.63

--- SCAFFOLD: Round 18 ---
Client 1, Epoch 1/5, Loss: 0.5373
Client 1, Epoch 2/5, Loss: 0.1095
Client 1, Epoch 3/5, Loss: 0.1180
Client 1, Epoch 4/5, Loss: 0.0994
Client 1, Epoch 5/5, Loss: 0.2012
Client 2, Epoch 1/5, Loss: 0.3564
Client 2, Epoch 2/5, Loss: 0.1131
Client 2, Epoch 3/5, Loss: 0.0951
Client 2, Epoch 4/5, Loss: 0.1336
Client 2, Epoch 5/5, Loss: 0.0757
Client 3, Epoch 1/5, Loss: 0.3242
Client 3, Epoch 2/5, Loss: 0.1174
Client 3, Epoch 3/5, Loss: 0.0749
Client 3, Epoch 4/5, Loss: 0.0467
Client 3, Epoch 5/5, Loss: 0.0519
Global Model, Round 18, Loss: 1.4673, Accuracy: 0.62

--- SCAFFOLD: Round 19 ---
Client 1, Epoch 1/5, Loss: 0.3355
Client 1, Epoch 2/5, Loss: 0.1852
Client 1, Epoch 3/5, Loss: 0.0993
Client 1, Epoch 4/5, Loss: 0.1821
Client 1, Epoch 5/5, Loss: 0.9137
Client 2, Epoch 1/5, Loss: 0.3511
Client 2, Epoch 2/5, Loss: 0.2751
Client 2, Epoch 3/5, Loss: 0.1197
Client 2, Epoch 4/5, Loss: 0.0597
Client 2, Epoch 5/5, Loss: 0.0694
Client 3, Epoch 1/5, Loss: 0.3348
Client 3, Epoch 2/5, Loss: 0.3286
Client 3, Epoch 3/5, Loss: 0.0954
Client 3, Epoch 4/5, Loss: 1.2155
Client 3, Epoch 5/5, Loss: 0.8806
Global Model, Round 19, Loss: 1.3718, Accuracy: 0.65

--- SCAFFOLD: Round 20 ---
Client 1, Epoch 1/5, Loss: 0.3128
Client 1, Epoch 2/5, Loss: 1.0334
Client 1, Epoch 3/5, Loss: 1.0028
Client 1, Epoch 4/5, Loss: 0.3454
Client 1, Epoch 5/5, Loss: 0.1577
Client 2, Epoch 1/5, Loss: 0.3443
Client 2, Epoch 2/5, Loss: 0.1171
Client 2, Epoch 3/5, Loss: 0.1912
Client 2, Epoch 4/5, Loss: 0.2937
Client 2, Epoch 5/5, Loss: 0.0480
Client 3, Epoch 1/5, Loss: 0.2544
Client 3, Epoch 2/5, Loss: 0.0932
Client 3, Epoch 3/5, Loss: 0.1636
Client 3, Epoch 4/5, Loss: 0.0476
Client 3, Epoch 5/5, Loss: 0.0491
Global Model, Round 20, Loss: 1.4791, Accuracy: 0.62

--- SCAFFOLD: Round 21 ---
Client 1, Epoch 1/5, Loss: 0.3393
Client 1, Epoch 2/5, Loss: 0.0870
Client 1, Epoch 3/5, Loss: 0.0661
Client 1, Epoch 4/5, Loss: 0.0408
Client 1, Epoch 5/5, Loss: 0.0695
Client 2, Epoch 1/5, Loss: 0.2567
Client 2, Epoch 2/5, Loss: 0.4422
Client 2, Epoch 3/5, Loss: 0.0771
Client 2, Epoch 4/5, Loss: 0.2852
Client 2, Epoch 5/5, Loss: 0.0927
Client 3, Epoch 1/5, Loss: 3.1220
Client 3, Epoch 2/5, Loss: 1.7937
Client 3, Epoch 3/5, Loss: 1.7053
Client 3, Epoch 4/5, Loss: 0.3760
Client 3, Epoch 5/5, Loss: 0.6132
Global Model, Round 21, Loss: 1.4128, Accuracy: 0.61

--- SCAFFOLD: Round 22 ---
Client 1, Epoch 1/5, Loss: 0.3031
Client 1, Epoch 2/5, Loss: 0.1386
Client 1, Epoch 3/5, Loss: 0.1933
Client 1, Epoch 4/5, Loss: 0.4029
Client 1, Epoch 5/5, Loss: 1.1816
Client 2, Epoch 1/5, Loss: 0.3393
Client 2, Epoch 2/5, Loss: 0.0856
Client 2, Epoch 3/5, Loss: 0.1398
Client 2, Epoch 4/5, Loss: 0.0637
Client 2, Epoch 5/5, Loss: 0.0430
Client 3, Epoch 1/5, Loss: 0.1806
Client 3, Epoch 2/5, Loss: 0.0748
Client 3, Epoch 3/5, Loss: 0.0674
Client 3, Epoch 4/5, Loss: 0.1715
Client 3, Epoch 5/5, Loss: 0.4314
Global Model, Round 22, Loss: 1.4643, Accuracy: 0.62

--- SCAFFOLD: Round 23 ---
Client 1, Epoch 1/5, Loss: 0.2882
Client 1, Epoch 2/5, Loss: 0.0864
Client 1, Epoch 3/5, Loss: 0.0695
Client 1, Epoch 4/5, Loss: 0.0510
Client 1, Epoch 5/5, Loss: 0.0617
Client 2, Epoch 1/5, Loss: 0.3337
Client 2, Epoch 2/5, Loss: 0.0787
Client 2, Epoch 3/5, Loss: 0.0583
Client 2, Epoch 4/5, Loss: 0.0784
Client 2, Epoch 5/5, Loss: 0.0336
Client 3, Epoch 1/5, Loss: 0.3467
Client 3, Epoch 2/5, Loss: 0.0679
Client 3, Epoch 3/5, Loss: 0.0564
Client 3, Epoch 4/5, Loss: 0.0511
Client 3, Epoch 5/5, Loss: 0.0356
Global Model, Round 23, Loss: 1.5586, Accuracy: 0.60

--- SCAFFOLD: Round 24 ---
Client 1, Epoch 1/5, Loss: 0.3257
Client 1, Epoch 2/5, Loss: 0.0588
Client 1, Epoch 3/5, Loss: 0.0631
Client 1, Epoch 4/5, Loss: 0.0728
Client 1, Epoch 5/5, Loss: 0.0443
Client 2, Epoch 1/5, Loss: 0.2081
Client 2, Epoch 2/5, Loss: 0.0800
Client 2, Epoch 3/5, Loss: 0.0579
Client 2, Epoch 4/5, Loss: 0.0380
Client 2, Epoch 5/5, Loss: 0.0436
Client 3, Epoch 1/5, Loss: 0.1608
Client 3, Epoch 2/5, Loss: 0.0687
Client 3, Epoch 3/5, Loss: 0.0651
Client 3, Epoch 4/5, Loss: 0.0371
Client 3, Epoch 5/5, Loss: 0.0416
Global Model, Round 24, Loss: 1.5003, Accuracy: 0.62

--- SCAFFOLD: Round 25 ---
Client 1, Epoch 1/5, Loss: 0.2151
Client 1, Epoch 2/5, Loss: 0.0680
Client 1, Epoch 3/5, Loss: 0.0602
Client 1, Epoch 4/5, Loss: 0.0557
Client 1, Epoch 5/5, Loss: 0.0387
Client 2, Epoch 1/5, Loss: 0.1581
Client 2, Epoch 2/5, Loss: 0.0809
Client 2, Epoch 3/5, Loss: 0.0624
Client 2, Epoch 4/5, Loss: 0.0362
Client 2, Epoch 5/5, Loss: 0.0432
Client 3, Epoch 1/5, Loss: 0.1518
Client 3, Epoch 2/5, Loss: 0.0978
Client 3, Epoch 3/5, Loss: 0.0648
Client 3, Epoch 4/5, Loss: 0.0452
Client 3, Epoch 5/5, Loss: 0.0372
Global Model, Round 25, Loss: 1.5462, Accuracy: 0.61
Classification Report: scaffold ResNet-18
              precision    recall  f1-score   support

 T-shirt/top       0.51      0.50      0.50      1000
     Trouser       0.93      0.97      0.95      1000
    Pullover       0.50      0.59      0.54      1000
       Dress       0.44      0.57      0.50      1000
        Coat       0.45      0.65      0.53      1000
      Sandal       0.55      0.64      0.59      1000
       Shirt       0.00      0.00      0.00      1000
     Sneaker       0.43      0.34      0.38      1000
         Bag       0.93      0.96      0.94      1000
  Ankle boot       0.46      0.49      0.47      1000

    accuracy                           0.57     10000
   macro avg       0.52      0.57      0.54     10000
weighted avg       0.52      0.57      0.54     10000

Classification Report: scaffold ResNet-50
              precision    recall  f1-score   support

 T-shirt/top       0.57      0.57      0.57      1000
     Trouser       0.98      0.97      0.98      1000
    Pullover       0.44      0.84      0.58      1000
       Dress       0.52      0.64      0.58      1000
        Coat       0.32      0.26      0.29      1000
      Sandal       0.63      0.89      0.73      1000
       Shirt       0.00      0.00      0.00      1000
     Sneaker       0.73      0.36      0.49      1000
         Bag       0.92      0.96      0.94      1000
  Ankle boot       0.57      0.62      0.59      1000

    accuracy                           0.61     10000
   macro avg       0.57      0.61      0.57     10000
weighted avg       0.57      0.61      0.57     10000


Performing Inference: scaffold ResNet-18
Prediction: Sneaker, Ground Truth: Ankle boot
Prediction: Coat, Ground Truth: Pullover
Prediction: Trouser, Ground Truth: Trouser
Prediction: Trouser, Ground Truth: Trouser
Prediction: T-shirt/top, Ground Truth: Shirt
Prediction: Trouser, Ground Truth: Trouser
Prediction: Pullover, Ground Truth: Coat
Prediction: Dress, Ground Truth: Shirt
Prediction: Sandal, Ground Truth: Sandal
Prediction: Ankle boot, Ground Truth: Sneaker

Performing Inference: scaffold ResNet-50
Prediction: Sneaker, Ground Truth: Ankle boot
Prediction: Pullover, Ground Truth: Pullover
Prediction: Trouser, Ground Truth: Trouser
Prediction: Trouser, Ground Truth: Trouser
Prediction: T-shirt/top, Ground Truth: Shirt
Prediction: Trouser, Ground Truth: Trouser
Prediction: Pullover, Ground Truth: Coat
Prediction: Pullover, Ground Truth: Shirt
Prediction: Sandal, Ground Truth: Sandal
Prediction: Sneaker, Ground Truth: Sneaker
