Federated Learning Configuration:
  Algorithm: fedavg
  Dataset: FMNIST
  Distribution: non-IID
  Number of Clients: 3
  Rounds: 25
  Local Epochs: 5

Running fedavg for ResNet-18

--- FedAvg: Round 1 ---
Client 1, Epoch 1/5, Loss: 35.7557
Client 1, Epoch 2/5, Loss: 15.1230
Client 1, Epoch 3/5, Loss: 11.7389
Client 1, Epoch 4/5, Loss: 8.7100
Client 1, Epoch 5/5, Loss: 8.3774
Client 1 Accuracy (Round 1): 0.9927
Client 2, Epoch 1/5, Loss: 22.4224
Client 2, Epoch 2/5, Loss: 4.4295
Client 2, Epoch 3/5, Loss: 2.4749
Client 2, Epoch 4/5, Loss: 1.7158
Client 2, Epoch 5/5, Loss: 1.2512
Client 2 Accuracy (Round 1): 0.9998
Client 3, Epoch 1/5, Loss: 67.8432
Client 3, Epoch 2/5, Loss: 37.0803
Client 3, Epoch 3/5, Loss: 27.9901
Client 3, Epoch 4/5, Loss: 21.6085
Client 3, Epoch 5/5, Loss: 18.6588
Client 3 Accuracy (Round 1): 0.9852
Global Model, Round 1, Loss: 1.8374, Accuracy: 0.33

--- FedAvg: Round 2 ---
Client 1, Epoch 1/5, Loss: 6.3535
Client 1, Epoch 2/5, Loss: 5.1032
Client 1, Epoch 3/5, Loss: 3.9452
Client 1, Epoch 4/5, Loss: 3.9567
Client 1, Epoch 5/5, Loss: 4.1392
Client 1 Accuracy (Round 2): 0.9878
Client 2, Epoch 1/5, Loss: 0.3812
Client 2, Epoch 2/5, Loss: 0.3455
Client 2, Epoch 3/5, Loss: 0.2753
Client 2, Epoch 4/5, Loss: 0.3100
Client 2, Epoch 5/5, Loss: 1.3281
Client 2 Accuracy (Round 2): 0.9998
Client 3, Epoch 1/5, Loss: 16.5103
Client 3, Epoch 2/5, Loss: 14.0072
Client 3, Epoch 3/5, Loss: 11.8865
Client 3, Epoch 4/5, Loss: 8.2964
Client 3, Epoch 5/5, Loss: 10.4407
Client 3 Accuracy (Round 2): 0.9948
Global Model, Round 2, Loss: 1.8443, Accuracy: 0.33

--- FedAvg: Round 3 ---
Client 1, Epoch 1/5, Loss: 4.7638
Client 1, Epoch 2/5, Loss: 3.2457
Client 1, Epoch 3/5, Loss: 2.3249
Client 1, Epoch 4/5, Loss: 1.9478
Client 1, Epoch 5/5, Loss: 1.6682
Client 1 Accuracy (Round 3): 0.9988
Client 2, Epoch 1/5, Loss: 0.4687
Client 2, Epoch 2/5, Loss: 0.1922
Client 2, Epoch 3/5, Loss: 0.1671
Client 2, Epoch 4/5, Loss: 0.1303
Client 2, Epoch 5/5, Loss: 0.0998
Client 2 Accuracy (Round 3): 1.0000
Client 3, Epoch 1/5, Loss: 8.2567
Client 3, Epoch 2/5, Loss: 6.1081
Client 3, Epoch 3/5, Loss: 7.5132
Client 3, Epoch 4/5, Loss: 5.5964
Client 3, Epoch 5/5, Loss: 3.8783
Client 3 Accuracy (Round 3): 0.9952
Global Model, Round 3, Loss: 1.8355, Accuracy: 0.34

--- FedAvg: Round 4 ---
Client 1, Epoch 1/5, Loss: 3.2664
Client 1, Epoch 2/5, Loss: 1.7169
Client 1, Epoch 3/5, Loss: 1.2202
Client 1, Epoch 4/5, Loss: 1.4562
Client 1, Epoch 5/5, Loss: 1.9011
Client 1 Accuracy (Round 4): 0.9998
Client 2, Epoch 1/5, Loss: 0.1277
Client 2, Epoch 2/5, Loss: 0.0954
Client 2, Epoch 3/5, Loss: 0.1352
Client 2, Epoch 4/5, Loss: 0.0544
Client 2, Epoch 5/5, Loss: 0.1309
Client 2 Accuracy (Round 4): 1.0000
Client 3, Epoch 1/5, Loss: 4.0990
Client 3, Epoch 2/5, Loss: 4.5195
Client 3, Epoch 3/5, Loss: 3.9434
Client 3, Epoch 4/5, Loss: 4.1071
Client 3, Epoch 5/5, Loss: 1.6259
Client 3 Accuracy (Round 4): 0.9998
Global Model, Round 4, Loss: 1.8079, Accuracy: 0.36

--- FedAvg: Round 5 ---
Client 1, Epoch 1/5, Loss: 0.4373
Client 1, Epoch 2/5, Loss: 1.6533
Client 1, Epoch 3/5, Loss: 0.6575
Client 1, Epoch 4/5, Loss: 1.5149
Client 1, Epoch 5/5, Loss: 1.2921
Client 1 Accuracy (Round 5): 0.9967
Client 2, Epoch 1/5, Loss: 0.0552
Client 2, Epoch 2/5, Loss: 0.1071
Client 2, Epoch 3/5, Loss: 0.0401
Client 2, Epoch 4/5, Loss: 0.0480
Client 2, Epoch 5/5, Loss: 0.0397
Client 2 Accuracy (Round 5): 1.0000
Client 3, Epoch 1/5, Loss: 0.8522
Client 3, Epoch 2/5, Loss: 2.3523
Client 3, Epoch 3/5, Loss: 3.7090
Client 3, Epoch 4/5, Loss: 2.2173
Client 3, Epoch 5/5, Loss: 3.1986
Client 3 Accuracy (Round 5): 0.9902
Global Model, Round 5, Loss: 1.8248, Accuracy: 0.34

--- FedAvg: Round 6 ---
Client 1, Epoch 1/5, Loss: 1.0408
Client 1, Epoch 2/5, Loss: 0.5404
Client 1, Epoch 3/5, Loss: 0.6186
Client 1, Epoch 4/5, Loss: 0.4292
Client 1, Epoch 5/5, Loss: 0.3996
Client 1 Accuracy (Round 6): 0.9998
Client 2, Epoch 1/5, Loss: 0.0329
Client 2, Epoch 2/5, Loss: 0.0417
Client 2, Epoch 3/5, Loss: 0.0301
Client 2, Epoch 4/5, Loss: 0.0774
Client 2, Epoch 5/5, Loss: 0.0496
Client 2 Accuracy (Round 6): 1.0000
Client 3, Epoch 1/5, Loss: 3.1933
Client 3, Epoch 2/5, Loss: 1.7677
Client 3, Epoch 3/5, Loss: 3.1815
Client 3, Epoch 4/5, Loss: 1.0596
Client 3, Epoch 5/5, Loss: 0.8202
Client 3 Accuracy (Round 6): 0.9970
Global Model, Round 6, Loss: 1.8102, Accuracy: 0.36

--- FedAvg: Round 7 ---
Client 1, Epoch 1/5, Loss: 0.2216
Client 1, Epoch 2/5, Loss: 0.3035
Client 1, Epoch 3/5, Loss: 0.9303
Client 1, Epoch 4/5, Loss: 3.3240
Client 1, Epoch 5/5, Loss: 0.5353
Client 1 Accuracy (Round 7): 0.9995
Client 2, Epoch 1/5, Loss: 0.0288
Client 2, Epoch 2/5, Loss: 0.0768
Client 2, Epoch 3/5, Loss: 0.0339
Client 2, Epoch 4/5, Loss: 0.0242
Client 2, Epoch 5/5, Loss: 0.0274
Client 2 Accuracy (Round 7): 1.0000
Client 3, Epoch 1/5, Loss: 1.0795
Client 3, Epoch 2/5, Loss: 1.6259
Client 3, Epoch 3/5, Loss: 1.4592
Client 3, Epoch 4/5, Loss: 1.7474
Client 3, Epoch 5/5, Loss: 0.6656
Client 3 Accuracy (Round 7): 0.9997
Global Model, Round 7, Loss: 1.8302, Accuracy: 0.35

--- FedAvg: Round 8 ---
Client 1, Epoch 1/5, Loss: 0.5052
Client 1, Epoch 2/5, Loss: 1.0282
Client 1, Epoch 3/5, Loss: 1.1513
Client 1, Epoch 4/5, Loss: 0.3722
Client 1, Epoch 5/5, Loss: 0.4201
Client 1 Accuracy (Round 8): 1.0000
Client 2, Epoch 1/5, Loss: 0.0496
Client 2, Epoch 2/5, Loss: 0.0206
Client 2, Epoch 3/5, Loss: 0.0230
Client 2, Epoch 4/5, Loss: 0.0172
Client 2, Epoch 5/5, Loss: 0.0145
Client 2 Accuracy (Round 8): 1.0000
Client 3, Epoch 1/5, Loss: 0.7872
Client 3, Epoch 2/5, Loss: 0.5719
Client 3, Epoch 3/5, Loss: 0.8857
Client 3, Epoch 4/5, Loss: 1.2114
Client 3, Epoch 5/5, Loss: 0.4603
Client 3 Accuracy (Round 8): 1.0000
Global Model, Round 8, Loss: 1.8232, Accuracy: 0.34

--- FedAvg: Round 9 ---
Client 1, Epoch 1/5, Loss: 0.1766
Client 1, Epoch 2/5, Loss: 0.2832
Client 1, Epoch 3/5, Loss: 0.2906
Client 1, Epoch 4/5, Loss: 1.1635
Client 1, Epoch 5/5, Loss: 0.6162
Client 1 Accuracy (Round 9): 1.0000
Client 2, Epoch 1/5, Loss: 0.0156
Client 2, Epoch 2/5, Loss: 0.0236
Client 2, Epoch 3/5, Loss: 0.0184
Client 2, Epoch 4/5, Loss: 0.0160
Client 2, Epoch 5/5, Loss: 0.0378
Client 2 Accuracy (Round 9): 1.0000
Client 3, Epoch 1/5, Loss: 2.0421
Client 3, Epoch 2/5, Loss: 1.3366
Client 3, Epoch 3/5, Loss: 1.4854
Client 3, Epoch 4/5, Loss: 0.3738
Client 3, Epoch 5/5, Loss: 1.2318
Client 3 Accuracy (Round 9): 0.9997
Global Model, Round 9, Loss: 1.8397, Accuracy: 0.35

--- FedAvg: Round 10 ---
Client 1, Epoch 1/5, Loss: 0.5206
Client 1, Epoch 2/5, Loss: 0.8257
Client 1, Epoch 3/5, Loss: 0.5049
Client 1, Epoch 4/5, Loss: 0.2962
Client 1, Epoch 5/5, Loss: 0.4088
Client 1 Accuracy (Round 10): 1.0000
Client 2, Epoch 1/5, Loss: 0.0201
Client 2, Epoch 2/5, Loss: 0.0216
Client 2, Epoch 3/5, Loss: 0.0128
Client 2, Epoch 4/5, Loss: 0.0194
Client 2, Epoch 5/5, Loss: 0.0177
Client 2 Accuracy (Round 10): 1.0000
Client 3, Epoch 1/5, Loss: 3.5093
Client 3, Epoch 2/5, Loss: 0.9854
Client 3, Epoch 3/5, Loss: 0.8452
Client 3, Epoch 4/5, Loss: 0.9876
Client 3, Epoch 5/5, Loss: 0.6779
Client 3 Accuracy (Round 10): 0.9998
Global Model, Round 10, Loss: 1.8335, Accuracy: 0.35

--- FedAvg: Round 11 ---
Client 1, Epoch 1/5, Loss: 0.3987
Client 1, Epoch 2/5, Loss: 0.3831
Client 1, Epoch 3/5, Loss: 0.0724
Client 1, Epoch 4/5, Loss: 0.2783
Client 1, Epoch 5/5, Loss: 0.1730
Client 1 Accuracy (Round 11): 0.9998
Client 2, Epoch 1/5, Loss: 0.0222
Client 2, Epoch 2/5, Loss: 0.0147
Client 2, Epoch 3/5, Loss: 0.0154
Client 2, Epoch 4/5, Loss: 0.0116
Client 2, Epoch 5/5, Loss: 0.0149
Client 2 Accuracy (Round 11): 1.0000
Client 3, Epoch 1/5, Loss: 0.3757
Client 3, Epoch 2/5, Loss: 0.3376
Client 3, Epoch 3/5, Loss: 0.1674
Client 3, Epoch 4/5, Loss: 0.1069
Client 3, Epoch 5/5, Loss: 0.1211
Client 3 Accuracy (Round 11): 1.0000
Global Model, Round 11, Loss: 1.8402, Accuracy: 0.33

--- FedAvg: Round 12 ---
Client 1, Epoch 1/5, Loss: 0.3257
Client 1, Epoch 2/5, Loss: 0.0921
Client 1, Epoch 3/5, Loss: 0.1266
Client 1, Epoch 4/5, Loss: 0.3128
Client 1, Epoch 5/5, Loss: 0.1860
Client 1 Accuracy (Round 12): 1.0000
Client 2, Epoch 1/5, Loss: 0.0362
Client 2, Epoch 2/5, Loss: 0.0129
Client 2, Epoch 3/5, Loss: 0.0187
Client 2, Epoch 4/5, Loss: 0.0102
Client 2, Epoch 5/5, Loss: 0.0172
Client 2 Accuracy (Round 12): 1.0000
Client 3, Epoch 1/5, Loss: 0.2980
Client 3, Epoch 2/5, Loss: 0.1804
Client 3, Epoch 3/5, Loss: 0.4872
Client 3, Epoch 4/5, Loss: 0.1591
Client 3, Epoch 5/5, Loss: 0.3975
Client 3 Accuracy (Round 12): 1.0000
Global Model, Round 12, Loss: 1.8510, Accuracy: 0.34

--- FedAvg: Round 13 ---
Client 1, Epoch 1/5, Loss: 0.1986
Client 1, Epoch 2/5, Loss: 0.7613
Client 1, Epoch 3/5, Loss: 0.5416
Client 1, Epoch 4/5, Loss: 0.4814
Client 1, Epoch 5/5, Loss: 0.2623
Client 1 Accuracy (Round 13): 1.0000
Client 2, Epoch 1/5, Loss: 0.0245
Client 2, Epoch 2/5, Loss: 0.0125
Client 2, Epoch 3/5, Loss: 0.0137
Client 2, Epoch 4/5, Loss: 0.0232
Client 2, Epoch 5/5, Loss: 0.0354
Client 2 Accuracy (Round 13): 1.0000
Client 3, Epoch 1/5, Loss: 0.8938
Client 3, Epoch 2/5, Loss: 0.7692
Client 3, Epoch 3/5, Loss: 0.1880
Client 3, Epoch 4/5, Loss: 0.2080
Client 3, Epoch 5/5, Loss: 1.2531
Client 3 Accuracy (Round 13): 0.9837
Global Model, Round 13, Loss: 1.8641, Accuracy: 0.31

--- FedAvg: Round 14 ---
Client 1, Epoch 1/5, Loss: 0.0421
Client 1, Epoch 2/5, Loss: 0.0832
Client 1, Epoch 3/5, Loss: 0.2183
Client 1, Epoch 4/5, Loss: 0.2381
Client 1, Epoch 5/5, Loss: 0.0617
Client 1 Accuracy (Round 14): 1.0000
Client 2, Epoch 1/5, Loss: 0.0100
Client 2, Epoch 2/5, Loss: 0.0147
Client 2, Epoch 3/5, Loss: 0.0159
Client 2, Epoch 4/5, Loss: 0.0094
Client 2, Epoch 5/5, Loss: 0.0098
Client 2 Accuracy (Round 14): 1.0000
Client 3, Epoch 1/5, Loss: 1.9330
Client 3, Epoch 2/5, Loss: 0.7822
Client 3, Epoch 3/5, Loss: 0.3468
Client 3, Epoch 4/5, Loss: 0.2805
Client 3, Epoch 5/5, Loss: 0.5377
Client 3 Accuracy (Round 14): 1.0000
Global Model, Round 14, Loss: 1.8687, Accuracy: 0.31

--- FedAvg: Round 15 ---
Client 1, Epoch 1/5, Loss: 0.0551
Client 1, Epoch 2/5, Loss: 0.0287
Client 1, Epoch 3/5, Loss: 0.0174
Client 1, Epoch 4/5, Loss: 0.0244
Client 1, Epoch 5/5, Loss: 0.0211
Client 1 Accuracy (Round 15): 1.0000
Client 2, Epoch 1/5, Loss: 0.0095
Client 2, Epoch 2/5, Loss: 0.5473
Client 2, Epoch 3/5, Loss: 0.0319
Client 2, Epoch 4/5, Loss: 0.0573
Client 2, Epoch 5/5, Loss: 0.0187
Client 2 Accuracy (Round 15): 1.0000
Client 3, Epoch 1/5, Loss: 0.0945
Client 3, Epoch 2/5, Loss: 0.1283
Client 3, Epoch 3/5, Loss: 0.4906
Client 3, Epoch 4/5, Loss: 0.7654
Client 3, Epoch 5/5, Loss: 0.3199
Client 3 Accuracy (Round 15): 1.0000
Global Model, Round 15, Loss: 1.8468, Accuracy: 0.35

--- FedAvg: Round 16 ---
Client 1, Epoch 1/5, Loss: 0.0204
Client 1, Epoch 2/5, Loss: 0.0203
Client 1, Epoch 3/5, Loss: 0.0134
Client 1, Epoch 4/5, Loss: 0.0290
Client 1, Epoch 5/5, Loss: 0.2866
Client 1 Accuracy (Round 16): 1.0000
Client 2, Epoch 1/5, Loss: 0.0333
Client 2, Epoch 2/5, Loss: 0.0275
Client 2, Epoch 3/5, Loss: 0.0305
Client 2, Epoch 4/5, Loss: 0.0962
Client 2, Epoch 5/5, Loss: 0.1648
Client 2 Accuracy (Round 16): 1.0000
Client 3, Epoch 1/5, Loss: 0.1469
Client 3, Epoch 2/5, Loss: 0.1394
Client 3, Epoch 3/5, Loss: 0.7425
Client 3, Epoch 4/5, Loss: 1.2273
Client 3, Epoch 5/5, Loss: 0.2825
Client 3 Accuracy (Round 16): 1.0000
Global Model, Round 16, Loss: 1.8532, Accuracy: 0.33

--- FedAvg: Round 17 ---
Client 1, Epoch 1/5, Loss: 0.0297
Client 1, Epoch 2/5, Loss: 0.0405
Client 1, Epoch 3/5, Loss: 0.0154
Client 1, Epoch 4/5, Loss: 0.0819
Client 1, Epoch 5/5, Loss: 0.0471
Client 1 Accuracy (Round 17): 1.0000
Client 2, Epoch 1/5, Loss: 0.0618
Client 2, Epoch 2/5, Loss: 0.0932
Client 2, Epoch 3/5, Loss: 0.0415
Client 2, Epoch 4/5, Loss: 0.0276
Client 2, Epoch 5/5, Loss: 0.0140
Client 2 Accuracy (Round 17): 1.0000
Client 3, Epoch 1/5, Loss: 0.3256
Client 3, Epoch 2/5, Loss: 0.5894
Client 3, Epoch 3/5, Loss: 0.2507
Client 3, Epoch 4/5, Loss: 3.0092
Client 3, Epoch 5/5, Loss: 0.6479
Client 3 Accuracy (Round 17): 0.9998
Global Model, Round 17, Loss: 1.8616, Accuracy: 0.32

--- FedAvg: Round 18 ---
Client 1, Epoch 1/5, Loss: 0.0420
Client 1, Epoch 2/5, Loss: 0.0331
Client 1, Epoch 3/5, Loss: 0.0125
Client 1, Epoch 4/5, Loss: 0.0124
Client 1, Epoch 5/5, Loss: 0.0209
Client 1 Accuracy (Round 18): 1.0000
Client 2, Epoch 1/5, Loss: 0.0191
Client 2, Epoch 2/5, Loss: 0.0102
Client 2, Epoch 3/5, Loss: 0.0248
Client 2, Epoch 4/5, Loss: 0.0233
Client 2, Epoch 5/5, Loss: 0.0204
Client 2 Accuracy (Round 18): 1.0000
Client 3, Epoch 1/5, Loss: 0.2286
Client 3, Epoch 2/5, Loss: 0.2837
Client 3, Epoch 3/5, Loss: 0.1055
Client 3, Epoch 4/5, Loss: 0.0564
Client 3, Epoch 5/5, Loss: 0.0766
Client 3 Accuracy (Round 18): 1.0000
Global Model, Round 18, Loss: 1.8493, Accuracy: 0.36

--- FedAvg: Round 19 ---
Client 1, Epoch 1/5, Loss: 0.1039
Client 1, Epoch 2/5, Loss: 0.0193
Client 1, Epoch 3/5, Loss: 0.0467
Client 1, Epoch 4/5, Loss: 0.0164
Client 1, Epoch 5/5, Loss: 0.0809
Client 1 Accuracy (Round 19): 1.0000
Client 2, Epoch 1/5, Loss: 0.0297
Client 2, Epoch 2/5, Loss: 0.0183
Client 2, Epoch 3/5, Loss: 0.0215
Client 2, Epoch 4/5, Loss: 0.0122
Client 2, Epoch 5/5, Loss: 0.0128
Client 2 Accuracy (Round 19): 1.0000
Client 3, Epoch 1/5, Loss: 2.4220
Client 3, Epoch 2/5, Loss: 3.9709
Client 3, Epoch 3/5, Loss: 0.2950
Client 3, Epoch 4/5, Loss: 0.2125
Client 3, Epoch 5/5, Loss: 0.2303
Client 3 Accuracy (Round 19): 1.0000
Global Model, Round 19, Loss: 1.8669, Accuracy: 0.33

--- FedAvg: Round 20 ---
Client 1, Epoch 1/5, Loss: 0.0571
Client 1, Epoch 2/5, Loss: 0.0182
Client 1, Epoch 3/5, Loss: 0.1759
Client 1, Epoch 4/5, Loss: 0.0228
Client 1, Epoch 5/5, Loss: 0.1586
Client 1 Accuracy (Round 20): 1.0000
Client 2, Epoch 1/5, Loss: 0.0095
Client 2, Epoch 2/5, Loss: 0.0112
Client 2, Epoch 3/5, Loss: 0.0175
Client 2, Epoch 4/5, Loss: 0.0089
Client 2, Epoch 5/5, Loss: 0.0105
Client 2 Accuracy (Round 20): 1.0000
Client 3, Epoch 1/5, Loss: 0.1126
Client 3, Epoch 2/5, Loss: 0.0958
Client 3, Epoch 3/5, Loss: 0.1074
Client 3, Epoch 4/5, Loss: 0.1168
Client 3, Epoch 5/5, Loss: 0.2882
Client 3 Accuracy (Round 20): 1.0000
Global Model, Round 20, Loss: 1.8501, Accuracy: 0.33

--- FedAvg: Round 21 ---
Client 1, Epoch 1/5, Loss: 0.0598
Client 1, Epoch 2/5, Loss: 0.0423
Client 1, Epoch 3/5, Loss: 0.8021
Client 1, Epoch 4/5, Loss: 0.1826
Client 1, Epoch 5/5, Loss: 0.3318
Client 1 Accuracy (Round 21): 1.0000
Client 2, Epoch 1/5, Loss: 0.0128
Client 2, Epoch 2/5, Loss: 0.0064
Client 2, Epoch 3/5, Loss: 0.0062
Client 2, Epoch 4/5, Loss: 0.0049
Client 2, Epoch 5/5, Loss: 0.0079
Client 2 Accuracy (Round 21): 1.0000
Client 3, Epoch 1/5, Loss: 0.1219
Client 3, Epoch 2/5, Loss: 0.0822
Client 3, Epoch 3/5, Loss: 0.2998
Client 3, Epoch 4/5, Loss: 0.4832
Client 3, Epoch 5/5, Loss: 0.4358
Client 3 Accuracy (Round 21): 0.9995
Global Model, Round 21, Loss: 1.8350, Accuracy: 0.33

--- FedAvg: Round 22 ---
Client 1, Epoch 1/5, Loss: 0.3951
Client 1, Epoch 2/5, Loss: 0.6080
Client 1, Epoch 3/5, Loss: 0.3186
Client 1, Epoch 4/5, Loss: 0.0322
Client 1, Epoch 5/5, Loss: 0.0662
Client 1 Accuracy (Round 22): 1.0000
Client 2, Epoch 1/5, Loss: 0.0102
Client 2, Epoch 2/5, Loss: 0.0070
Client 2, Epoch 3/5, Loss: 0.0360
Client 2, Epoch 4/5, Loss: 0.0087
Client 2, Epoch 5/5, Loss: 0.0131
Client 2 Accuracy (Round 22): 1.0000
Client 3, Epoch 1/5, Loss: 0.5507
Client 3, Epoch 2/5, Loss: 0.4894
Client 3, Epoch 3/5, Loss: 0.1368
Client 3, Epoch 4/5, Loss: 0.2171
Client 3, Epoch 5/5, Loss: 0.0669
Client 3 Accuracy (Round 22): 1.0000
Global Model, Round 22, Loss: 1.8490, Accuracy: 0.34

--- FedAvg: Round 23 ---
Client 1, Epoch 1/5, Loss: 0.0323
Client 1, Epoch 2/5, Loss: 0.0209
Client 1, Epoch 3/5, Loss: 0.0290
Client 1, Epoch 4/5, Loss: 0.0400
Client 1, Epoch 5/5, Loss: 0.0158
Client 1 Accuracy (Round 23): 1.0000
Client 2, Epoch 1/5, Loss: 0.0153
Client 2, Epoch 2/5, Loss: 0.0077
Client 2, Epoch 3/5, Loss: 0.0183
Client 2, Epoch 4/5, Loss: 0.0085
Client 2, Epoch 5/5, Loss: 0.0049
Client 2 Accuracy (Round 23): 1.0000
Client 3, Epoch 1/5, Loss: 0.1202
Client 3, Epoch 2/5, Loss: 0.2189
Client 3, Epoch 3/5, Loss: 0.2440
Client 3, Epoch 4/5, Loss: 0.0470
Client 3, Epoch 5/5, Loss: 0.0320
Client 3 Accuracy (Round 23): 1.0000
Global Model, Round 23, Loss: 1.8652, Accuracy: 0.31

--- FedAvg: Round 24 ---
Client 1, Epoch 1/5, Loss: 0.0124
Client 1, Epoch 2/5, Loss: 0.0363
Client 1, Epoch 3/5, Loss: 0.0182
Client 1, Epoch 4/5, Loss: 0.0443
Client 1, Epoch 5/5, Loss: 0.0104
Client 1 Accuracy (Round 24): 1.0000
Client 2, Epoch 1/5, Loss: 0.0078
Client 2, Epoch 2/5, Loss: 0.0064
Client 2, Epoch 3/5, Loss: 0.0061
Client 2, Epoch 4/5, Loss: 0.0076
Client 2, Epoch 5/5, Loss: 0.0094
Client 2 Accuracy (Round 24): 1.0000
Client 3, Epoch 1/5, Loss: 0.0456
Client 3, Epoch 2/5, Loss: 0.0506
Client 3, Epoch 3/5, Loss: 0.0500
Client 3, Epoch 4/5, Loss: 0.1818
Client 3, Epoch 5/5, Loss: 0.0170
Client 3 Accuracy (Round 24): 1.0000
Global Model, Round 24, Loss: 1.8533, Accuracy: 0.33

--- FedAvg: Round 25 ---
Client 1, Epoch 1/5, Loss: 0.0158
Client 1, Epoch 2/5, Loss: 0.0107
Client 1, Epoch 3/5, Loss: 0.0092
Client 1, Epoch 4/5, Loss: 0.1369
Client 1, Epoch 5/5, Loss: 0.3123
Client 1 Accuracy (Round 25): 1.0000
Client 2, Epoch 1/5, Loss: 0.0085
Client 2, Epoch 2/5, Loss: 0.1388
Client 2, Epoch 3/5, Loss: 0.0066
Client 2, Epoch 4/5, Loss: 0.0060
Client 2, Epoch 5/5, Loss: 0.0082
Client 2 Accuracy (Round 25): 1.0000
Client 3, Epoch 1/5, Loss: 0.3585
Client 3, Epoch 2/5, Loss: 1.3659
Client 3, Epoch 3/5, Loss: 0.0846
Client 3, Epoch 4/5, Loss: 0.1975
Client 3, Epoch 5/5, Loss: 0.4352
Client 3 Accuracy (Round 25): 0.9998
Global Model, Round 25, Loss: 1.8501, Accuracy: 0.34

Running fedavg for ResNet-50

--- FedAvg: Round 1 ---
Client 1, Epoch 1/5, Loss: 38.8284
Client 1, Epoch 2/5, Loss: 17.0862
Client 1, Epoch 3/5, Loss: 12.0883
Client 1, Epoch 4/5, Loss: 9.4005
Client 1, Epoch 5/5, Loss: 8.0628
Client 1 Accuracy (Round 1): 0.9955
Client 2, Epoch 1/5, Loss: 25.4277
Client 2, Epoch 2/5, Loss: 4.5613
Client 2, Epoch 3/5, Loss: 2.2709
Client 2, Epoch 4/5, Loss: 1.5212
Client 2, Epoch 5/5, Loss: 0.8830
Client 2 Accuracy (Round 1): 1.0000
Client 3, Epoch 1/5, Loss: 65.4568
Client 3, Epoch 2/5, Loss: 32.8954
Client 3, Epoch 3/5, Loss: 26.2569
Client 3, Epoch 4/5, Loss: 17.4394
Client 3, Epoch 5/5, Loss: 15.4200
Client 3 Accuracy (Round 1): 0.9918
Global Model, Round 1, Loss: 1.8558, Accuracy: 0.41

--- FedAvg: Round 2 ---
Client 1, Epoch 1/5, Loss: 6.9610
Client 1, Epoch 2/5, Loss: 4.5126
Client 1, Epoch 3/5, Loss: 3.6477
Client 1, Epoch 4/5, Loss: 2.1714
Client 1, Epoch 5/5, Loss: 2.0851
Client 1 Accuracy (Round 2): 0.9978
Client 2, Epoch 1/5, Loss: 0.4601
Client 2, Epoch 2/5, Loss: 0.6718
Client 2, Epoch 3/5, Loss: 0.4409
Client 2, Epoch 4/5, Loss: 0.6811
Client 2, Epoch 5/5, Loss: 0.5753
Client 2 Accuracy (Round 2): 0.9997
Client 3, Epoch 1/5, Loss: 11.8752
Client 3, Epoch 2/5, Loss: 10.3083
Client 3, Epoch 3/5, Loss: 8.2381
Client 3, Epoch 4/5, Loss: 5.8456
Client 3, Epoch 5/5, Loss: 5.5034
Client 3 Accuracy (Round 2): 0.9965
Global Model, Round 2, Loss: 1.8484, Accuracy: 0.39

--- FedAvg: Round 3 ---
Client 1, Epoch 1/5, Loss: 1.7792
Client 1, Epoch 2/5, Loss: 1.8828
Client 1, Epoch 3/5, Loss: 0.7310
Client 1, Epoch 4/5, Loss: 2.3969
Client 1, Epoch 5/5, Loss: 2.1239
Client 1 Accuracy (Round 3): 0.9985
Client 2, Epoch 1/5, Loss: 0.2073
Client 2, Epoch 2/5, Loss: 0.3117
Client 2, Epoch 3/5, Loss: 0.1817
Client 2, Epoch 4/5, Loss: 0.1464
Client 2, Epoch 5/5, Loss: 0.2695
Client 2 Accuracy (Round 3): 1.0000
Client 3, Epoch 1/5, Loss: 4.1206
Client 3, Epoch 2/5, Loss: 5.3538
Client 3, Epoch 3/5, Loss: 2.9626
Client 3, Epoch 4/5, Loss: 2.3784
Client 3, Epoch 5/5, Loss: 4.5938
Client 3 Accuracy (Round 3): 0.9643
Global Model, Round 3, Loss: 1.8549, Accuracy: 0.37

--- FedAvg: Round 4 ---
Client 1, Epoch 1/5, Loss: 0.8304
Client 1, Epoch 2/5, Loss: 2.0167
Client 1, Epoch 3/5, Loss: 1.4087
Client 1, Epoch 4/5, Loss: 0.6780
Client 1, Epoch 5/5, Loss: 1.0027
Client 1 Accuracy (Round 4): 0.9977
Client 2, Epoch 1/5, Loss: 0.0643
Client 2, Epoch 2/5, Loss: 0.0671
Client 2, Epoch 3/5, Loss: 0.0713
Client 2, Epoch 4/5, Loss: 0.0525
Client 2, Epoch 5/5, Loss: 0.0323
Client 2 Accuracy (Round 4): 1.0000
Client 3, Epoch 1/5, Loss: 3.1909
Client 3, Epoch 2/5, Loss: 2.3457
Client 3, Epoch 3/5, Loss: 1.6451
Client 3, Epoch 4/5, Loss: 1.5094
Client 3, Epoch 5/5, Loss: 1.3095
Client 3 Accuracy (Round 4): 0.9972
Global Model, Round 4, Loss: 1.8268, Accuracy: 0.42

--- FedAvg: Round 5 ---
Client 1, Epoch 1/5, Loss: 1.4878
Client 1, Epoch 2/5, Loss: 0.8115
Client 1, Epoch 3/5, Loss: 0.9829
Client 1, Epoch 4/5, Loss: 0.5775
Client 1, Epoch 5/5, Loss: 0.1293
Client 1 Accuracy (Round 5): 1.0000
Client 2, Epoch 1/5, Loss: 0.0326
Client 2, Epoch 2/5, Loss: 0.0308
Client 2, Epoch 3/5, Loss: 0.0263
Client 2, Epoch 4/5, Loss: 0.1121
Client 2, Epoch 5/5, Loss: 0.0397
Client 2 Accuracy (Round 5): 1.0000
Client 3, Epoch 1/5, Loss: 0.7429
Client 3, Epoch 2/5, Loss: 0.6110
Client 3, Epoch 3/5, Loss: 1.4643
Client 3, Epoch 4/5, Loss: 1.0198
Client 3, Epoch 5/5, Loss: 0.9742
Client 3 Accuracy (Round 5): 0.9997
Global Model, Round 5, Loss: 1.8321, Accuracy: 0.40

--- FedAvg: Round 6 ---
Client 1, Epoch 1/5, Loss: 0.3065
Client 1, Epoch 2/5, Loss: 0.1706
Client 1, Epoch 3/5, Loss: 0.1066
Client 1, Epoch 4/5, Loss: 0.0376
Client 1, Epoch 5/5, Loss: 0.3053
Client 1 Accuracy (Round 6): 0.9997
Client 2, Epoch 1/5, Loss: 0.0261
Client 2, Epoch 2/5, Loss: 0.0349
Client 2, Epoch 3/5, Loss: 0.0184
Client 2, Epoch 4/5, Loss: 0.0225
Client 2, Epoch 5/5, Loss: 0.0332
Client 2 Accuracy (Round 6): 1.0000
Client 3, Epoch 1/5, Loss: 1.3120
Client 3, Epoch 2/5, Loss: 0.9420
Client 3, Epoch 3/5, Loss: 0.6162
Client 3, Epoch 4/5, Loss: 0.2402
Client 3, Epoch 5/5, Loss: 2.1716
Client 3 Accuracy (Round 6): 0.9993
Global Model, Round 6, Loss: 1.8129, Accuracy: 0.40

--- FedAvg: Round 7 ---
Client 1, Epoch 1/5, Loss: 1.4534
Client 1, Epoch 2/5, Loss: 0.9264
Client 1, Epoch 3/5, Loss: 0.5087
Client 1, Epoch 4/5, Loss: 0.9126
Client 1, Epoch 5/5, Loss: 0.8299
Client 1 Accuracy (Round 7): 0.9977
Client 2, Epoch 1/5, Loss: 0.0215
Client 2, Epoch 2/5, Loss: 0.0168
Client 2, Epoch 3/5, Loss: 0.0209
Client 2, Epoch 4/5, Loss: 0.0193
Client 2, Epoch 5/5, Loss: 0.0171
Client 2 Accuracy (Round 7): 1.0000
Client 3, Epoch 1/5, Loss: 2.3146
Client 3, Epoch 2/5, Loss: 1.2645
Client 3, Epoch 3/5, Loss: 0.8758
Client 3, Epoch 4/5, Loss: 0.9712
Client 3, Epoch 5/5, Loss: 0.6911
Client 3 Accuracy (Round 7): 1.0000
Global Model, Round 7, Loss: 1.8359, Accuracy: 0.39

--- FedAvg: Round 8 ---
Client 1, Epoch 1/5, Loss: 0.6532
Client 1, Epoch 2/5, Loss: 1.2204
Client 1, Epoch 3/5, Loss: 1.0083
Client 1, Epoch 4/5, Loss: 0.5272
Client 1, Epoch 5/5, Loss: 0.3284
Client 1 Accuracy (Round 8): 1.0000
Client 2, Epoch 1/5, Loss: 0.0347
Client 2, Epoch 2/5, Loss: 0.2001
Client 2, Epoch 3/5, Loss: 0.0300
Client 2, Epoch 4/5, Loss: 0.2915
Client 2, Epoch 5/5, Loss: 0.3221
Client 2 Accuracy (Round 8): 1.0000
Client 3, Epoch 1/5, Loss: 0.8398
Client 3, Epoch 2/5, Loss: 1.9764
Client 3, Epoch 3/5, Loss: 0.7858
Client 3, Epoch 4/5, Loss: 0.4152
Client 3, Epoch 5/5, Loss: 0.2951
Client 3 Accuracy (Round 8): 1.0000
Global Model, Round 8, Loss: 1.8459, Accuracy: 0.38

--- FedAvg: Round 9 ---
Client 1, Epoch 1/5, Loss: 0.2349
Client 1, Epoch 2/5, Loss: 0.4900
Client 1, Epoch 3/5, Loss: 0.3044
Client 1, Epoch 4/5, Loss: 0.0585
Client 1, Epoch 5/5, Loss: 0.0348
Client 1 Accuracy (Round 9): 1.0000
Client 2, Epoch 1/5, Loss: 0.0643
Client 2, Epoch 2/5, Loss: 0.1197
Client 2, Epoch 3/5, Loss: 0.0360
Client 2, Epoch 4/5, Loss: 0.0346
Client 2, Epoch 5/5, Loss: 0.0286
Client 2 Accuracy (Round 9): 1.0000
Client 3, Epoch 1/5, Loss: 0.4995
Client 3, Epoch 2/5, Loss: 0.1275
Client 3, Epoch 3/5, Loss: 0.0769
Client 3, Epoch 4/5, Loss: 0.0528
Client 3, Epoch 5/5, Loss: 0.0364
Client 3 Accuracy (Round 9): 1.0000
Global Model, Round 9, Loss: 1.8530, Accuracy: 0.38

--- FedAvg: Round 10 ---
Client 1, Epoch 1/5, Loss: 0.0613
Client 1, Epoch 2/5, Loss: 0.0773
Client 1, Epoch 3/5, Loss: 0.0379
Client 1, Epoch 4/5, Loss: 0.0281
Client 1, Epoch 5/5, Loss: 0.0262
Client 1 Accuracy (Round 10): 1.0000
Client 2, Epoch 1/5, Loss: 0.0183
Client 2, Epoch 2/5, Loss: 0.0241
Client 2, Epoch 3/5, Loss: 0.0189
Client 2, Epoch 4/5, Loss: 0.0226
Client 2, Epoch 5/5, Loss: 0.0239
Client 2 Accuracy (Round 10): 1.0000
Client 3, Epoch 1/5, Loss: 0.0249
Client 3, Epoch 2/5, Loss: 0.0918
Client 3, Epoch 3/5, Loss: 0.0584
Client 3, Epoch 4/5, Loss: 0.1730
Client 3, Epoch 5/5, Loss: 0.2856
Client 3 Accuracy (Round 10): 0.9872
Global Model, Round 10, Loss: 1.8489, Accuracy: 0.39

--- FedAvg: Round 11 ---
Client 1, Epoch 1/5, Loss: 0.0199
Client 1, Epoch 2/5, Loss: 0.0207
Client 1, Epoch 3/5, Loss: 0.0279
Client 1, Epoch 4/5, Loss: 0.0257
Client 1, Epoch 5/5, Loss: 0.0329
Client 1 Accuracy (Round 11): 1.0000
Client 2, Epoch 1/5, Loss: 0.0164
Client 2, Epoch 2/5, Loss: 0.0194
Client 2, Epoch 3/5, Loss: 0.0446
Client 2, Epoch 4/5, Loss: 0.0723
Client 2, Epoch 5/5, Loss: 0.0164
Client 2 Accuracy (Round 11): 1.0000
Client 3, Epoch 1/5, Loss: 0.4545
Client 3, Epoch 2/5, Loss: 0.1350
Client 3, Epoch 3/5, Loss: 0.0534
Client 3, Epoch 4/5, Loss: 0.1252
Client 3, Epoch 5/5, Loss: 0.0467
Client 3 Accuracy (Round 11): 1.0000
Global Model, Round 11, Loss: 1.8487, Accuracy: 0.39

--- FedAvg: Round 12 ---
Client 1, Epoch 1/5, Loss: 0.0291
Client 1, Epoch 2/5, Loss: 0.0322
Client 1, Epoch 3/5, Loss: 0.0120
Client 1, Epoch 4/5, Loss: 1.3194
Client 1, Epoch 5/5, Loss: 0.8996
Client 1 Accuracy (Round 12): 1.0000
Client 2, Epoch 1/5, Loss: 0.0130
Client 2, Epoch 2/5, Loss: 0.0142
Client 2, Epoch 3/5, Loss: 0.0136
Client 2, Epoch 4/5, Loss: 0.0107
Client 2, Epoch 5/5, Loss: 0.0122
Client 2 Accuracy (Round 12): 1.0000
Client 3, Epoch 1/5, Loss: 0.0198
Client 3, Epoch 2/5, Loss: 0.0579
Client 3, Epoch 3/5, Loss: 0.1875
Client 3, Epoch 4/5, Loss: 0.0246
Client 3, Epoch 5/5, Loss: 0.0190
Client 3 Accuracy (Round 12): 1.0000
Global Model, Round 12, Loss: 1.8576, Accuracy: 0.40

--- FedAvg: Round 13 ---
Client 1, Epoch 1/5, Loss: 0.1280
Client 1, Epoch 2/5, Loss: 0.2447
Client 1, Epoch 3/5, Loss: 0.1099
Client 1, Epoch 4/5, Loss: 0.3876
Client 1, Epoch 5/5, Loss: 0.0382
Client 1 Accuracy (Round 13): 1.0000
Client 2, Epoch 1/5, Loss: 0.1131
Client 2, Epoch 2/5, Loss: 0.0561
Client 2, Epoch 3/5, Loss: 0.0219
Client 2, Epoch 4/5, Loss: 0.0135
Client 2, Epoch 5/5, Loss: 0.0192
Client 2 Accuracy (Round 13): 1.0000
Client 3, Epoch 1/5, Loss: 0.0216
Client 3, Epoch 2/5, Loss: 0.0227
Client 3, Epoch 3/5, Loss: 0.0160
Client 3, Epoch 4/5, Loss: 0.0114
Client 3, Epoch 5/5, Loss: 0.0212
Client 3 Accuracy (Round 13): 1.0000
Global Model, Round 13, Loss: 1.8622, Accuracy: 0.40

--- FedAvg: Round 14 ---
Client 1, Epoch 1/5, Loss: 0.0284
Client 1, Epoch 2/5, Loss: 0.1588
Client 1, Epoch 3/5, Loss: 0.0384
Client 1, Epoch 4/5, Loss: 0.0601
Client 1, Epoch 5/5, Loss: 0.0291
Client 1 Accuracy (Round 14): 1.0000
Client 2, Epoch 1/5, Loss: 0.3130
Client 2, Epoch 2/5, Loss: 0.2461
Client 2, Epoch 3/5, Loss: 0.0227
Client 2, Epoch 4/5, Loss: 0.1512
Client 2, Epoch 5/5, Loss: 0.1734
Client 2 Accuracy (Round 14): 1.0000
Client 3, Epoch 1/5, Loss: 0.0310
Client 3, Epoch 2/5, Loss: 0.0191
Client 3, Epoch 3/5, Loss: 0.0213
Client 3, Epoch 4/5, Loss: 0.0246
Client 3, Epoch 5/5, Loss: 0.0111
Client 3 Accuracy (Round 14): 1.0000
Global Model, Round 14, Loss: 1.8580, Accuracy: 0.39

--- FedAvg: Round 15 ---
Client 1, Epoch 1/5, Loss: 0.9437
Client 1, Epoch 2/5, Loss: 0.7023
Client 1, Epoch 3/5, Loss: 0.1379
Client 1, Epoch 4/5, Loss: 0.0518
Client 1, Epoch 5/5, Loss: 0.0779
Client 1 Accuracy (Round 15): 1.0000
Client 2, Epoch 1/5, Loss: 0.0217
Client 2, Epoch 2/5, Loss: 0.0153
Client 2, Epoch 3/5, Loss: 0.0307
Client 2, Epoch 4/5, Loss: 0.0218
Client 2, Epoch 5/5, Loss: 0.0287
Client 2 Accuracy (Round 15): 1.0000
Client 3, Epoch 1/5, Loss: 0.0448
Client 3, Epoch 2/5, Loss: 0.2283
Client 3, Epoch 3/5, Loss: 0.2192
Client 3, Epoch 4/5, Loss: 0.2820
Client 3, Epoch 5/5, Loss: 0.1932
Client 3 Accuracy (Round 15): 1.0000
Global Model, Round 15, Loss: 1.8586, Accuracy: 0.43

--- FedAvg: Round 16 ---
Client 1, Epoch 1/5, Loss: 0.2115
Client 1, Epoch 2/5, Loss: 2.0637
Client 1, Epoch 3/5, Loss: 0.1877
Client 1, Epoch 4/5, Loss: 0.0728
Client 1, Epoch 5/5, Loss: 0.0511
Client 1 Accuracy (Round 16): 1.0000
Client 2, Epoch 1/5, Loss: 0.0339
Client 2, Epoch 2/5, Loss: 0.0178
Client 2, Epoch 3/5, Loss: 0.0129
Client 2, Epoch 4/5, Loss: 0.0092
Client 2, Epoch 5/5, Loss: 0.0131
Client 2 Accuracy (Round 16): 1.0000
Client 3, Epoch 1/5, Loss: 0.1021
Client 3, Epoch 2/5, Loss: 0.0275
Client 3, Epoch 3/5, Loss: 0.0210
Client 3, Epoch 4/5, Loss: 0.0384
Client 3, Epoch 5/5, Loss: 0.0155
Client 3 Accuracy (Round 16): 1.0000
Global Model, Round 16, Loss: 1.8501, Accuracy: 0.41

--- FedAvg: Round 17 ---
Client 1, Epoch 1/5, Loss: 0.0297
Client 1, Epoch 2/5, Loss: 0.0295
Client 1, Epoch 3/5, Loss: 0.0352
Client 1, Epoch 4/5, Loss: 0.3006
Client 1, Epoch 5/5, Loss: 0.0318
Client 1 Accuracy (Round 17): 1.0000
Client 2, Epoch 1/5, Loss: 0.0082
Client 2, Epoch 2/5, Loss: 0.0093
Client 2, Epoch 3/5, Loss: 0.0097
Client 2, Epoch 4/5, Loss: 0.0077
Client 2, Epoch 5/5, Loss: 0.0105
Client 2 Accuracy (Round 17): 1.0000
Client 3, Epoch 1/5, Loss: 0.0796
Client 3, Epoch 2/5, Loss: 0.0343
Client 3, Epoch 3/5, Loss: 0.0223
Client 3, Epoch 4/5, Loss: 0.0409
Client 3, Epoch 5/5, Loss: 0.2216
Client 3 Accuracy (Round 17): 1.0000
Global Model, Round 17, Loss: 1.8508, Accuracy: 0.42

--- FedAvg: Round 18 ---
Client 1, Epoch 1/5, Loss: 0.0175
Client 1, Epoch 2/5, Loss: 0.0569
Client 1, Epoch 3/5, Loss: 0.0373
Client 1, Epoch 4/5, Loss: 0.0165
Client 1, Epoch 5/5, Loss: 0.0197
Client 1 Accuracy (Round 18): 1.0000
Client 2, Epoch 1/5, Loss: 0.0079
Client 2, Epoch 2/5, Loss: 0.0073
Client 2, Epoch 3/5, Loss: 0.0075
Client 2, Epoch 4/5, Loss: 0.0060
Client 2, Epoch 5/5, Loss: 0.0083
Client 2 Accuracy (Round 18): 1.0000
Client 3, Epoch 1/5, Loss: 0.6380
Client 3, Epoch 2/5, Loss: 1.1092
Client 3, Epoch 3/5, Loss: 0.0593
Client 3, Epoch 4/5, Loss: 0.5178
Client 3, Epoch 5/5, Loss: 1.5039
Client 3 Accuracy (Round 18): 0.9998
Global Model, Round 18, Loss: 1.8507, Accuracy: 0.42

--- FedAvg: Round 19 ---
Client 1, Epoch 1/5, Loss: 0.0578
Client 1, Epoch 2/5, Loss: 0.0124
Client 1, Epoch 3/5, Loss: 0.0154
Client 1, Epoch 4/5, Loss: 0.0826
Client 1, Epoch 5/5, Loss: 0.0184
Client 1 Accuracy (Round 19): 1.0000
Client 2, Epoch 1/5, Loss: 0.0083
Client 2, Epoch 2/5, Loss: 0.0068
Client 2, Epoch 3/5, Loss: 0.0061
Client 2, Epoch 4/5, Loss: 0.0044
Client 2, Epoch 5/5, Loss: 0.0069
Client 2 Accuracy (Round 19): 1.0000
Client 3, Epoch 1/5, Loss: 0.1338
Client 3, Epoch 2/5, Loss: 0.3870
Client 3, Epoch 3/5, Loss: 0.0464
Client 3, Epoch 4/5, Loss: 0.2610
Client 3, Epoch 5/5, Loss: 0.4399
Client 3 Accuracy (Round 19): 1.0000
Global Model, Round 19, Loss: 1.8500, Accuracy: 0.41

--- FedAvg: Round 20 ---
Client 1, Epoch 1/5, Loss: 0.0082
Client 1, Epoch 2/5, Loss: 0.0111
Client 1, Epoch 3/5, Loss: 0.0081
Client 1, Epoch 4/5, Loss: 0.0179
Client 1, Epoch 5/5, Loss: 0.3986
Client 1 Accuracy (Round 20): 1.0000
Client 2, Epoch 1/5, Loss: 0.0053
Client 2, Epoch 2/5, Loss: 0.0526
Client 2, Epoch 3/5, Loss: 0.0166
Client 2, Epoch 4/5, Loss: 0.0131
Client 2, Epoch 5/5, Loss: 0.0095
Client 2 Accuracy (Round 20): 1.0000
Client 3, Epoch 1/5, Loss: 0.8201
Client 3, Epoch 2/5, Loss: 2.3364
Client 3, Epoch 3/5, Loss: 1.1939
Client 3, Epoch 4/5, Loss: 0.1874
Client 3, Epoch 5/5, Loss: 0.1023
Client 3 Accuracy (Round 20): 1.0000
Global Model, Round 20, Loss: 1.8589, Accuracy: 0.40

--- FedAvg: Round 21 ---
Client 1, Epoch 1/5, Loss: 0.0213
Client 1, Epoch 2/5, Loss: 0.3249
Client 1, Epoch 3/5, Loss: 2.6347
Client 1, Epoch 4/5, Loss: 5.9428
Client 1, Epoch 5/5, Loss: 1.4991
Client 1 Accuracy (Round 21): 0.9995
Client 2, Epoch 1/5, Loss: 0.0207
Client 2, Epoch 2/5, Loss: 0.0095
Client 2, Epoch 3/5, Loss: 0.0656
Client 2, Epoch 4/5, Loss: 0.0056
Client 2, Epoch 5/5, Loss: 0.0050
Client 2 Accuracy (Round 21): 1.0000
Client 3, Epoch 1/5, Loss: 0.0629
Client 3, Epoch 2/5, Loss: 0.0575
Client 3, Epoch 3/5, Loss: 0.0349
Client 3, Epoch 4/5, Loss: 0.0690
Client 3, Epoch 5/5, Loss: 0.0807
Client 3 Accuracy (Round 21): 1.0000
Global Model, Round 21, Loss: 1.8610, Accuracy: 0.39

--- FedAvg: Round 22 ---
Client 1, Epoch 1/5, Loss: 0.5266
Client 1, Epoch 2/5, Loss: 0.3666
Client 1, Epoch 3/5, Loss: 1.4995
Client 1, Epoch 4/5, Loss: 0.2060
Client 1, Epoch 5/5, Loss: 0.0937
Client 1 Accuracy (Round 22): 1.0000
Client 2, Epoch 1/5, Loss: 0.0069
Client 2, Epoch 2/5, Loss: 0.0085
Client 2, Epoch 3/5, Loss: 0.0073
Client 2, Epoch 4/5, Loss: 0.0054
Client 2, Epoch 5/5, Loss: 0.0057
Client 2 Accuracy (Round 22): 1.0000
Client 3, Epoch 1/5, Loss: 0.0676
Client 3, Epoch 2/5, Loss: 0.0621
Client 3, Epoch 3/5, Loss: 0.0240
Client 3, Epoch 4/5, Loss: 0.0233
Client 3, Epoch 5/5, Loss: 0.0179
Client 3 Accuracy (Round 22): 1.0000
Global Model, Round 22, Loss: 1.8479, Accuracy: 0.40

--- FedAvg: Round 23 ---
Client 1, Epoch 1/5, Loss: 0.0509
Client 1, Epoch 2/5, Loss: 0.7332
Client 1, Epoch 3/5, Loss: 0.0568
Client 1, Epoch 4/5, Loss: 0.0523
Client 1, Epoch 5/5, Loss: 0.0621
Client 1 Accuracy (Round 23): 1.0000
Client 2, Epoch 1/5, Loss: 0.0072
Client 2, Epoch 2/5, Loss: 0.0492
Client 2, Epoch 3/5, Loss: 0.0093
Client 2, Epoch 4/5, Loss: 0.0092
Client 2, Epoch 5/5, Loss: 0.0134
Client 2 Accuracy (Round 23): 1.0000
Client 3, Epoch 1/5, Loss: 0.0140
Client 3, Epoch 2/5, Loss: 0.2387
Client 3, Epoch 3/5, Loss: 0.3577
Client 3, Epoch 4/5, Loss: 1.4822
Client 3, Epoch 5/5, Loss: 0.6314
Client 3 Accuracy (Round 23): 1.0000
Global Model, Round 23, Loss: 1.8627, Accuracy: 0.40

--- FedAvg: Round 24 ---
Client 1, Epoch 1/5, Loss: 0.0272
Client 1, Epoch 2/5, Loss: 0.0366
Client 1, Epoch 3/5, Loss: 0.0198
Client 1, Epoch 4/5, Loss: 0.0291
Client 1, Epoch 5/5, Loss: 0.0289
Client 1 Accuracy (Round 24): 1.0000
Client 2, Epoch 1/5, Loss: 0.0104
Client 2, Epoch 2/5, Loss: 0.0102
Client 2, Epoch 3/5, Loss: 0.0040
Client 2, Epoch 4/5, Loss: 0.0056
Client 2, Epoch 5/5, Loss: 0.0050
Client 2 Accuracy (Round 24): 1.0000
Client 3, Epoch 1/5, Loss: 0.1645
Client 3, Epoch 2/5, Loss: 0.3264
Client 3, Epoch 3/5, Loss: 0.0305
Client 3, Epoch 4/5, Loss: 0.0208
Client 3, Epoch 5/5, Loss: 0.0657
Client 3 Accuracy (Round 24): 1.0000
Global Model, Round 24, Loss: 1.8560, Accuracy: 0.40

--- FedAvg: Round 25 ---
Client 1, Epoch 1/5, Loss: 0.0135
Client 1, Epoch 2/5, Loss: 0.0221
Client 1, Epoch 3/5, Loss: 0.0116
Client 1, Epoch 4/5, Loss: 0.0095
Client 1, Epoch 5/5, Loss: 0.0563
Client 1 Accuracy (Round 25): 0.9998
Client 2, Epoch 1/5, Loss: 0.0832
Client 2, Epoch 2/5, Loss: 0.0067
Client 2, Epoch 3/5, Loss: 0.0121
Client 2, Epoch 4/5, Loss: 0.0067
Client 2, Epoch 5/5, Loss: 0.0065
Client 2 Accuracy (Round 25): 1.0000
Client 3, Epoch 1/5, Loss: 0.0244
Client 3, Epoch 2/5, Loss: 0.1682
Client 3, Epoch 3/5, Loss: 0.0688
Client 3, Epoch 4/5, Loss: 0.0213
Client 3, Epoch 5/5, Loss: 0.0195
Client 3 Accuracy (Round 25): 1.0000
Global Model, Round 25, Loss: 1.8401, Accuracy: 0.41
Classification Report: fedavg ResNet-18
              precision    recall  f1-score   support

 T-shirt/top       0.27      0.05      0.08      1000
     Trouser       0.88      0.13      0.22      1000
    Pullover       0.27      0.88      0.41      1000
       Dress       0.44      0.40      0.42      1000
        Coat       0.28      0.12      0.17      1000
      Sandal       0.37      0.02      0.04      1000
       Shirt       0.26      0.46      0.34      1000
     Sneaker       0.41      0.34      0.37      1000
         Bag       0.00      0.00      0.00      1000
  Ankle boot       0.40      0.97      0.56      1000

    accuracy                           0.34     10000
   macro avg       0.36      0.34      0.26     10000
weighted avg       0.36      0.34      0.26     10000

Classification Report: fedavg ResNet-50
              precision    recall  f1-score   support

 T-shirt/top       0.24      0.03      0.05      1000
     Trouser       0.81      0.87      0.84      1000
    Pullover       0.55      0.69      0.61      1000
       Dress       0.49      0.17      0.26      1000
        Coat       0.39      0.54      0.45      1000
      Sandal       0.78      0.12      0.21      1000
       Shirt       0.21      0.56      0.30      1000
     Sneaker       0.45      0.34      0.39      1000
         Bag       0.00      0.00      0.00      1000
  Ankle boot       0.34      0.76      0.47      1000

    accuracy                           0.41     10000
   macro avg       0.43      0.41      0.36     10000
weighted avg       0.43      0.41      0.36     10000


Performing Inference: fedavg ResNet-18
Prediction: Ankle boot, Ground Truth: Ankle boot
Prediction: Pullover, Ground Truth: Pullover
Prediction: Pullover, Ground Truth: Trouser
Prediction: Dress, Ground Truth: Trouser
Prediction: Shirt, Ground Truth: Shirt
Prediction: Pullover, Ground Truth: Trouser
Prediction: Pullover, Ground Truth: Coat
Prediction: Shirt, Ground Truth: Shirt
Prediction: Sneaker, Ground Truth: Sandal
Prediction: Ankle boot, Ground Truth: Sneaker

Performing Inference: fedavg ResNet-50
Prediction: Sandal, Ground Truth: Ankle boot
Prediction: Pullover, Ground Truth: Pullover
Prediction: Trouser, Ground Truth: Trouser
Prediction: Shirt, Ground Truth: Trouser
Prediction: Coat, Ground Truth: Shirt
Prediction: Trouser, Ground Truth: Trouser
Prediction: Coat, Ground Truth: Coat
Prediction: Shirt, Ground Truth: Shirt
Prediction: Ankle boot, Ground Truth: Sandal
Prediction: Ankle boot, Ground Truth: Sneaker
