Federated Learning Configuration:
  Algorithm: fedavg
  Dataset: FMNIST
  Distribution: IID
  Number of Clients: 3
  Rounds: 20
  Local Epochs: 5

Running fedavg for ResNet-18

--- FedAvg: Round 1 ---
Client 1, Epoch 1/5, Loss: 352.2817
Client 1, Epoch 2/5, Loss: 220.5093
Client 1, Epoch 3/5, Loss: 175.3539
Client 1, Epoch 4/5, Loss: 149.8190
Client 1, Epoch 5/5, Loss: 130.7381
Client 1 Accuracy (Round 1): 0.9429
Client 2, Epoch 1/5, Loss: 370.3435
Client 2, Epoch 2/5, Loss: 224.2370
Client 2, Epoch 3/5, Loss: 182.7768
Client 2, Epoch 4/5, Loss: 156.3730
Client 2, Epoch 5/5, Loss: 137.9958
Client 2 Accuracy (Round 1): 0.9410
Client 3, Epoch 1/5, Loss: 355.9581
Client 3, Epoch 2/5, Loss: 217.4326
Client 3, Epoch 3/5, Loss: 178.8705
Client 3, Epoch 4/5, Loss: 152.6097
Client 3, Epoch 5/5, Loss: 133.8287
Client 3 Accuracy (Round 1): 0.9545
Global Model, Round 1, Loss: 0.3701, Accuracy: 0.88

--- FedAvg: Round 2 ---
Client 1, Epoch 1/5, Loss: 118.3128
Client 1, Epoch 2/5, Loss: 102.7716
Client 1, Epoch 3/5, Loss: 92.7759
Client 1, Epoch 4/5, Loss: 82.1545
Client 1, Epoch 5/5, Loss: 75.6528
Client 1 Accuracy (Round 2): 0.9739
Client 2, Epoch 1/5, Loss: 122.9733
Client 2, Epoch 2/5, Loss: 107.3897
Client 2, Epoch 3/5, Loss: 97.7352
Client 2, Epoch 4/5, Loss: 86.9206
Client 2, Epoch 5/5, Loss: 79.4195
Client 2 Accuracy (Round 2): 0.9743
Client 3, Epoch 1/5, Loss: 116.6218
Client 3, Epoch 2/5, Loss: 105.6218
Client 3, Epoch 3/5, Loss: 93.8675
Client 3, Epoch 4/5, Loss: 85.5549
Client 3, Epoch 5/5, Loss: 75.9838
Client 3 Accuracy (Round 2): 0.9761
Global Model, Round 2, Loss: 0.3432, Accuracy: 0.88

--- FedAvg: Round 3 ---
Client 1, Epoch 1/5, Loss: 68.3078
Client 1, Epoch 2/5, Loss: 59.6995
Client 1, Epoch 3/5, Loss: 55.5024
Client 1, Epoch 4/5, Loss: 48.8248
Client 1, Epoch 5/5, Loss: 45.8699
Client 1 Accuracy (Round 3): 0.9818
Client 2, Epoch 1/5, Loss: 70.9121
Client 2, Epoch 2/5, Loss: 65.3537
Client 2, Epoch 3/5, Loss: 60.3336
Client 2, Epoch 4/5, Loss: 53.7296
Client 2, Epoch 5/5, Loss: 44.3966
Client 2 Accuracy (Round 3): 0.9701
Client 3, Epoch 1/5, Loss: 66.4086
Client 3, Epoch 2/5, Loss: 64.0101
Client 3, Epoch 3/5, Loss: 55.9689
Client 3, Epoch 4/5, Loss: 50.3048
Client 3, Epoch 5/5, Loss: 45.1490
Client 3 Accuracy (Round 3): 0.9887
Global Model, Round 3, Loss: 0.3490, Accuracy: 0.88

--- FedAvg: Round 4 ---
Client 1, Epoch 1/5, Loss: 45.0449
Client 1, Epoch 2/5, Loss: 37.7161
Client 1, Epoch 3/5, Loss: 36.4512
Client 1, Epoch 4/5, Loss: 31.4990
Client 1, Epoch 5/5, Loss: 27.1254
Client 1 Accuracy (Round 4): 0.9893
Client 2, Epoch 1/5, Loss: 44.8041
Client 2, Epoch 2/5, Loss: 38.9092
Client 2, Epoch 3/5, Loss: 37.4291
Client 2, Epoch 4/5, Loss: 32.0664
Client 2, Epoch 5/5, Loss: 28.8691
Client 2 Accuracy (Round 4): 0.9889
Client 3, Epoch 1/5, Loss: 39.2290
Client 3, Epoch 2/5, Loss: 40.7369
Client 3, Epoch 3/5, Loss: 33.0474
Client 3, Epoch 4/5, Loss: 32.3620
Client 3, Epoch 5/5, Loss: 28.1419
Client 3 Accuracy (Round 4): 0.9902
Global Model, Round 4, Loss: 0.3336, Accuracy: 0.89

--- FedAvg: Round 5 ---
Client 1, Epoch 1/5, Loss: 29.4684
Client 1, Epoch 2/5, Loss: 24.0575
Client 1, Epoch 3/5, Loss: 18.7245
Client 1, Epoch 4/5, Loss: 20.5718
Client 1, Epoch 5/5, Loss: 20.8809
Client 1 Accuracy (Round 5): 0.9978
Client 2, Epoch 1/5, Loss: 29.3839
Client 2, Epoch 2/5, Loss: 25.3178
Client 2, Epoch 3/5, Loss: 29.0066
Client 2, Epoch 4/5, Loss: 22.3553
Client 2, Epoch 5/5, Loss: 22.1735
Client 2 Accuracy (Round 5): 0.9900
Client 3, Epoch 1/5, Loss: 30.3492
Client 3, Epoch 2/5, Loss: 27.1285
Client 3, Epoch 3/5, Loss: 21.0987
Client 3, Epoch 4/5, Loss: 17.6904
Client 3, Epoch 5/5, Loss: 20.8081
Client 3 Accuracy (Round 5): 0.9789
Global Model, Round 5, Loss: 0.3443, Accuracy: 0.89

--- FedAvg: Round 6 ---
Client 1, Epoch 1/5, Loss: 18.1771
Client 1, Epoch 2/5, Loss: 17.5432
Client 1, Epoch 3/5, Loss: 21.7957
Client 1, Epoch 4/5, Loss: 12.9874
Client 1, Epoch 5/5, Loss: 15.8692
Client 1 Accuracy (Round 6): 0.9955
Client 2, Epoch 1/5, Loss: 20.7001
Client 2, Epoch 2/5, Loss: 18.7344
Client 2, Epoch 3/5, Loss: 18.8816
Client 2, Epoch 4/5, Loss: 12.4894
Client 2, Epoch 5/5, Loss: 16.3390
Client 2 Accuracy (Round 6): 0.9989
Client 3, Epoch 1/5, Loss: 23.6832
Client 3, Epoch 2/5, Loss: 17.9043
Client 3, Epoch 3/5, Loss: 15.6380
Client 3, Epoch 4/5, Loss: 16.2868
Client 3, Epoch 5/5, Loss: 13.7633
Client 3 Accuracy (Round 6): 0.9987
Global Model, Round 6, Loss: 0.3491, Accuracy: 0.89

--- FedAvg: Round 7 ---
Client 1, Epoch 1/5, Loss: 13.3163
Client 1, Epoch 2/5, Loss: 14.9524
Client 1, Epoch 3/5, Loss: 12.9489
Client 1, Epoch 4/5, Loss: 14.2437
Client 1, Epoch 5/5, Loss: 10.3753
Client 1 Accuracy (Round 7): 0.9941
Client 2, Epoch 1/5, Loss: 13.4345
Client 2, Epoch 2/5, Loss: 14.0699
Client 2, Epoch 3/5, Loss: 16.5457
Client 2, Epoch 4/5, Loss: 15.5909
Client 2, Epoch 5/5, Loss: 11.0580
Client 2 Accuracy (Round 7): 0.9975
Client 3, Epoch 1/5, Loss: 15.7669
Client 3, Epoch 2/5, Loss: 14.9868
Client 3, Epoch 3/5, Loss: 13.5032
Client 3, Epoch 4/5, Loss: 10.2458
Client 3, Epoch 5/5, Loss: 10.6426
Client 3 Accuracy (Round 7): 0.9999
Global Model, Round 7, Loss: 0.3644, Accuracy: 0.88

--- FedAvg: Round 8 ---
Client 1, Epoch 1/5, Loss: 11.4650
Client 1, Epoch 2/5, Loss: 9.8902
Client 1, Epoch 3/5, Loss: 8.4411
Client 1, Epoch 4/5, Loss: 9.8337
Client 1, Epoch 5/5, Loss: 7.3820
Client 1 Accuracy (Round 8): 0.9998
Client 2, Epoch 1/5, Loss: 9.2222
Client 2, Epoch 2/5, Loss: 7.9917
Client 2, Epoch 3/5, Loss: 9.2154
Client 2, Epoch 4/5, Loss: 9.9416
Client 2, Epoch 5/5, Loss: 6.6634
Client 2 Accuracy (Round 8): 0.9990
Client 3, Epoch 1/5, Loss: 8.9779
Client 3, Epoch 2/5, Loss: 7.6060
Client 3, Epoch 3/5, Loss: 6.2317
Client 3, Epoch 4/5, Loss: 8.3416
Client 3, Epoch 5/5, Loss: 12.0149
Client 3 Accuracy (Round 8): 0.9989
Global Model, Round 8, Loss: 0.3589, Accuracy: 0.89

--- FedAvg: Round 9 ---
Client 1, Epoch 1/5, Loss: 4.6357
Client 1, Epoch 2/5, Loss: 6.2280
Client 1, Epoch 3/5, Loss: 4.4216
Client 1, Epoch 4/5, Loss: 6.2924
Client 1, Epoch 5/5, Loss: 4.3166
Client 1 Accuracy (Round 9): 0.9997
Client 2, Epoch 1/5, Loss: 6.7863
Client 2, Epoch 2/5, Loss: 11.2409
Client 2, Epoch 3/5, Loss: 11.8004
Client 2, Epoch 4/5, Loss: 9.6240
Client 2, Epoch 5/5, Loss: 5.8973
Client 2 Accuracy (Round 9): 0.9990
Client 3, Epoch 1/5, Loss: 8.7196
Client 3, Epoch 2/5, Loss: 7.2897
Client 3, Epoch 3/5, Loss: 5.8597
Client 3, Epoch 4/5, Loss: 4.1542
Client 3, Epoch 5/5, Loss: 5.5810
Client 3 Accuracy (Round 9): 0.9987
Global Model, Round 9, Loss: 0.3705, Accuracy: 0.89

--- FedAvg: Round 10 ---
Client 1, Epoch 1/5, Loss: 6.9400
Client 1, Epoch 2/5, Loss: 9.0242
Client 1, Epoch 3/5, Loss: 6.0992
Client 1, Epoch 4/5, Loss: 8.9604
Client 1, Epoch 5/5, Loss: 4.4554
Client 1 Accuracy (Round 10): 0.9998
Client 2, Epoch 1/5, Loss: 6.2934
Client 2, Epoch 2/5, Loss: 6.0687
Client 2, Epoch 3/5, Loss: 6.5233
Client 2, Epoch 4/5, Loss: 5.0970
Client 2, Epoch 5/5, Loss: 4.8503
Client 2 Accuracy (Round 10): 0.9983
Client 3, Epoch 1/5, Loss: 6.2898
Client 3, Epoch 2/5, Loss: 7.2341
Client 3, Epoch 3/5, Loss: 7.5677
Client 3, Epoch 4/5, Loss: 3.8377
Client 3, Epoch 5/5, Loss: 4.5734
Client 3 Accuracy (Round 10): 0.9997
Global Model, Round 10, Loss: 0.3720, Accuracy: 0.89

--- FedAvg: Round 11 ---
Client 1, Epoch 1/5, Loss: 5.8804
Client 1, Epoch 2/5, Loss: 4.9320
Client 1, Epoch 3/5, Loss: 4.6549
Client 1, Epoch 4/5, Loss: 5.0671
Client 1, Epoch 5/5, Loss: 7.5374
Client 1 Accuracy (Round 11): 0.9981
Client 2, Epoch 1/5, Loss: 4.2472
Client 2, Epoch 2/5, Loss: 5.2967
Client 2, Epoch 3/5, Loss: 4.0178
Client 2, Epoch 4/5, Loss: 6.0307
Client 2, Epoch 5/5, Loss: 6.2246
Client 2 Accuracy (Round 11): 0.9998
Client 3, Epoch 1/5, Loss: 5.5840
Client 3, Epoch 2/5, Loss: 4.3503
Client 3, Epoch 3/5, Loss: 7.9637
Client 3, Epoch 4/5, Loss: 3.5824
Client 3, Epoch 5/5, Loss: 2.4144
Client 3 Accuracy (Round 11): 1.0000
Global Model, Round 11, Loss: 0.3600, Accuracy: 0.89

--- FedAvg: Round 12 ---
Client 1, Epoch 1/5, Loss: 8.1134
Client 1, Epoch 2/5, Loss: 3.4708
Client 1, Epoch 3/5, Loss: 2.8945
Client 1, Epoch 4/5, Loss: 2.6738
Client 1, Epoch 5/5, Loss: 2.1473
Client 1 Accuracy (Round 12): 0.9999
Client 2, Epoch 1/5, Loss: 5.6414
Client 2, Epoch 2/5, Loss: 4.2868
Client 2, Epoch 3/5, Loss: 4.7186
Client 2, Epoch 4/5, Loss: 3.5419
Client 2, Epoch 5/5, Loss: 5.2054
Client 2 Accuracy (Round 12): 1.0000
Client 3, Epoch 1/5, Loss: 4.2017
Client 3, Epoch 2/5, Loss: 4.0927
Client 3, Epoch 3/5, Loss: 3.8462
Client 3, Epoch 4/5, Loss: 4.7815
Client 3, Epoch 5/5, Loss: 3.7786
Client 3 Accuracy (Round 12): 0.9998
Global Model, Round 12, Loss: 0.3741, Accuracy: 0.89

--- FedAvg: Round 13 ---
Client 1, Epoch 1/5, Loss: 3.1326
Client 1, Epoch 2/5, Loss: 2.3578
Client 1, Epoch 3/5, Loss: 5.4697
Client 1, Epoch 4/5, Loss: 3.9817
Client 1, Epoch 5/5, Loss: 1.3325
Client 1 Accuracy (Round 13): 1.0000
Client 2, Epoch 1/5, Loss: 5.2404
Client 2, Epoch 2/5, Loss: 4.6309
Client 2, Epoch 3/5, Loss: 5.7332
Client 2, Epoch 4/5, Loss: 5.4943
Client 2, Epoch 5/5, Loss: 4.6209
Client 2 Accuracy (Round 13): 0.9996
Client 3, Epoch 1/5, Loss: 2.7331
Client 3, Epoch 2/5, Loss: 2.8547
Client 3, Epoch 3/5, Loss: 2.3264
Client 3, Epoch 4/5, Loss: 2.2636
Client 3, Epoch 5/5, Loss: 5.6878
Client 3 Accuracy (Round 13): 0.9977
Global Model, Round 13, Loss: 0.3676, Accuracy: 0.89

--- FedAvg: Round 14 ---
Client 1, Epoch 1/5, Loss: 1.6931
Client 1, Epoch 2/5, Loss: 3.7922
Client 1, Epoch 3/5, Loss: 3.1713
Client 1, Epoch 4/5, Loss: 2.6220
Client 1, Epoch 5/5, Loss: 1.7635
Client 1 Accuracy (Round 14): 0.9996
Client 2, Epoch 1/5, Loss: 3.9195
Client 2, Epoch 2/5, Loss: 2.2934
Client 2, Epoch 3/5, Loss: 2.6868
Client 2, Epoch 4/5, Loss: 2.3289
Client 2, Epoch 5/5, Loss: 4.1873
Client 2 Accuracy (Round 14): 0.9994
Client 3, Epoch 1/5, Loss: 8.5433
Client 3, Epoch 2/5, Loss: 3.7483
Client 3, Epoch 3/5, Loss: 2.0596
Client 3, Epoch 4/5, Loss: 3.0194
Client 3, Epoch 5/5, Loss: 5.7619
Client 3 Accuracy (Round 14): 0.9997
Global Model, Round 14, Loss: 0.3742, Accuracy: 0.89

--- FedAvg: Round 15 ---
Client 1, Epoch 1/5, Loss: 2.2770
Client 1, Epoch 2/5, Loss: 2.6571
Client 1, Epoch 3/5, Loss: 3.0094
Client 1, Epoch 4/5, Loss: 3.3830
Client 1, Epoch 5/5, Loss: 4.9478
Client 1 Accuracy (Round 15): 0.9992
Client 2, Epoch 1/5, Loss: 5.6258
Client 2, Epoch 2/5, Loss: 1.5544
Client 2, Epoch 3/5, Loss: 2.3592
Client 2, Epoch 4/5, Loss: 2.5548
Client 2, Epoch 5/5, Loss: 0.7838
Client 2 Accuracy (Round 15): 1.0000
Client 3, Epoch 1/5, Loss: 4.0018
Client 3, Epoch 2/5, Loss: 3.4667
Client 3, Epoch 3/5, Loss: 3.8442
Client 3, Epoch 4/5, Loss: 1.8496
Client 3, Epoch 5/5, Loss: 1.8679
Client 3 Accuracy (Round 15): 0.9996
Global Model, Round 15, Loss: 0.3790, Accuracy: 0.89

--- FedAvg: Round 16 ---
Client 1, Epoch 1/5, Loss: 4.8230
Client 1, Epoch 2/5, Loss: 4.0074
Client 1, Epoch 3/5, Loss: 4.6261
Client 1, Epoch 4/5, Loss: 2.8006
Client 1, Epoch 5/5, Loss: 2.2087
Client 1 Accuracy (Round 16): 0.9989
Client 2, Epoch 1/5, Loss: 0.8874
Client 2, Epoch 2/5, Loss: 0.9509
Client 2, Epoch 3/5, Loss: 1.4764
Client 2, Epoch 4/5, Loss: 2.5607
Client 2, Epoch 5/5, Loss: 2.5689
Client 2 Accuracy (Round 16): 1.0000
Client 3, Epoch 1/5, Loss: 1.3224
Client 3, Epoch 2/5, Loss: 1.2788
Client 3, Epoch 3/5, Loss: 2.7731
Client 3, Epoch 4/5, Loss: 2.7823
Client 3, Epoch 5/5, Loss: 2.3749
Client 3 Accuracy (Round 16): 0.9999
Global Model, Round 16, Loss: 0.4038, Accuracy: 0.88

--- FedAvg: Round 17 ---
Client 1, Epoch 1/5, Loss: 1.4225
Client 1, Epoch 2/5, Loss: 0.7108
Client 1, Epoch 3/5, Loss: 1.7562
Client 1, Epoch 4/5, Loss: 0.9890
Client 1, Epoch 5/5, Loss: 2.6546
Client 1 Accuracy (Round 17): 0.9995
Client 2, Epoch 1/5, Loss: 2.6603
Client 2, Epoch 2/5, Loss: 1.9602
Client 2, Epoch 3/5, Loss: 3.0092
Client 2, Epoch 4/5, Loss: 2.0280
Client 2, Epoch 5/5, Loss: 2.4824
Client 2 Accuracy (Round 17): 0.9986
Client 3, Epoch 1/5, Loss: 1.9140
Client 3, Epoch 2/5, Loss: 2.1767
Client 3, Epoch 3/5, Loss: 0.8015
Client 3, Epoch 4/5, Loss: 1.5239
Client 3, Epoch 5/5, Loss: 1.9478
Client 3 Accuracy (Round 17): 0.9947
Global Model, Round 17, Loss: 0.3870, Accuracy: 0.89

--- FedAvg: Round 18 ---
Client 1, Epoch 1/5, Loss: 1.1401
Client 1, Epoch 2/5, Loss: 0.7910
Client 1, Epoch 3/5, Loss: 1.5654
Client 1, Epoch 4/5, Loss: 2.0297
Client 1, Epoch 5/5, Loss: 2.0134
Client 1 Accuracy (Round 18): 0.9998
Client 2, Epoch 1/5, Loss: 5.3654
Client 2, Epoch 2/5, Loss: 2.8698
Client 2, Epoch 3/5, Loss: 1.3782
Client 2, Epoch 4/5, Loss: 1.7571
Client 2, Epoch 5/5, Loss: 2.5362
Client 2 Accuracy (Round 18): 0.9991
Client 3, Epoch 1/5, Loss: 2.6793
Client 3, Epoch 2/5, Loss: 2.7191
Client 3, Epoch 3/5, Loss: 3.4916
Client 3, Epoch 4/5, Loss: 2.6940
Client 3, Epoch 5/5, Loss: 2.7171
Client 3 Accuracy (Round 18): 0.9998
Global Model, Round 18, Loss: 0.3918, Accuracy: 0.89

--- FedAvg: Round 19 ---
Client 1, Epoch 1/5, Loss: 4.5550
Client 1, Epoch 2/5, Loss: 4.2386
Client 1, Epoch 3/5, Loss: 3.8085
Client 1, Epoch 4/5, Loss: 1.5264
Client 1, Epoch 5/5, Loss: 1.1155
Client 1 Accuracy (Round 19): 1.0000
Client 2, Epoch 1/5, Loss: 2.6544
Client 2, Epoch 2/5, Loss: 2.2693
Client 2, Epoch 3/5, Loss: 1.7369
Client 2, Epoch 4/5, Loss: 1.3642
Client 2, Epoch 5/5, Loss: 1.9260
Client 2 Accuracy (Round 19): 0.9993
Client 3, Epoch 1/5, Loss: 1.9308
Client 3, Epoch 2/5, Loss: 1.8562
Client 3, Epoch 3/5, Loss: 2.1545
Client 3, Epoch 4/5, Loss: 0.8154
Client 3, Epoch 5/5, Loss: 1.0841
Client 3 Accuracy (Round 19): 1.0000
Global Model, Round 19, Loss: 0.3881, Accuracy: 0.89

--- FedAvg: Round 20 ---
Client 1, Epoch 1/5, Loss: 1.1298
Client 1, Epoch 2/5, Loss: 1.2351
Client 1, Epoch 3/5, Loss: 1.8371
Client 1, Epoch 4/5, Loss: 2.5539
Client 1, Epoch 5/5, Loss: 1.3351
Client 1 Accuracy (Round 20): 0.9996
Client 2, Epoch 1/5, Loss: 2.1625
Client 2, Epoch 2/5, Loss: 3.4902
Client 2, Epoch 3/5, Loss: 2.3663
Client 2, Epoch 4/5, Loss: 1.0183
Client 2, Epoch 5/5, Loss: 2.9158
Client 2 Accuracy (Round 20): 0.9963
Client 3, Epoch 1/5, Loss: 0.3832
Client 3, Epoch 2/5, Loss: 0.3907
Client 3, Epoch 3/5, Loss: 0.6724
Client 3, Epoch 4/5, Loss: 0.5833
Client 3, Epoch 5/5, Loss: 0.6408
Client 3 Accuracy (Round 20): 1.0000
Global Model, Round 20, Loss: 0.3912, Accuracy: 0.89

Running fedavg for ResNet-50

--- FedAvg: Round 1 ---
Client 1, Epoch 1/5, Loss: 343.3675
Client 1, Epoch 2/5, Loss: 200.0471
Client 1, Epoch 3/5, Loss: 154.6579
Client 1, Epoch 4/5, Loss: 126.8834
Client 1, Epoch 5/5, Loss: 105.5781
Client 1 Accuracy (Round 1): 0.9657
Client 2, Epoch 1/5, Loss: 357.3480
Client 2, Epoch 2/5, Loss: 207.4848
Client 2, Epoch 3/5, Loss: 160.4749
Client 2, Epoch 4/5, Loss: 129.2857
Client 2, Epoch 5/5, Loss: 105.8632
Client 2 Accuracy (Round 1): 0.9630
Client 3, Epoch 1/5, Loss: 348.5480
Client 3, Epoch 2/5, Loss: 195.2649
Client 3, Epoch 3/5, Loss: 155.7074
Client 3, Epoch 4/5, Loss: 126.3015
Client 3, Epoch 5/5, Loss: 103.6862
Client 3 Accuracy (Round 1): 0.9580
Global Model, Round 1, Loss: 0.5395, Accuracy: 0.84

--- FedAvg: Round 2 ---
Client 1, Epoch 1/5, Loss: 86.1089
Client 1, Epoch 2/5, Loss: 72.8810
Client 1, Epoch 3/5, Loss: 61.5096
Client 1, Epoch 4/5, Loss: 54.0009
Client 1, Epoch 5/5, Loss: 45.6493
Client 1 Accuracy (Round 2): 0.9887
Client 2, Epoch 1/5, Loss: 88.3052
Client 2, Epoch 2/5, Loss: 79.3246
Client 2, Epoch 3/5, Loss: 66.2614
Client 2, Epoch 4/5, Loss: 58.2874
Client 2, Epoch 5/5, Loss: 47.5294
Client 2 Accuracy (Round 2): 0.9889
Client 3, Epoch 1/5, Loss: 90.8182
Client 3, Epoch 2/5, Loss: 78.5190
Client 3, Epoch 3/5, Loss: 64.3282
Client 3, Epoch 4/5, Loss: 53.9691
Client 3, Epoch 5/5, Loss: 48.5135
Client 3 Accuracy (Round 2): 0.9768
Global Model, Round 2, Loss: 0.4512, Accuracy: 0.86

--- FedAvg: Round 3 ---
Client 1, Epoch 1/5, Loss: 42.4826
Client 1, Epoch 2/5, Loss: 35.3399
Client 1, Epoch 3/5, Loss: 27.1782
Client 1, Epoch 4/5, Loss: 30.1308
Client 1, Epoch 5/5, Loss: 23.6651
Client 1 Accuracy (Round 3): 0.9928
Client 2, Epoch 1/5, Loss: 42.8508
Client 2, Epoch 2/5, Loss: 36.4432
Client 2, Epoch 3/5, Loss: 30.1034
Client 2, Epoch 4/5, Loss: 27.7908
Client 2, Epoch 5/5, Loss: 25.0715
Client 2 Accuracy (Round 3): 0.9948
Client 3, Epoch 1/5, Loss: 39.0746
Client 3, Epoch 2/5, Loss: 35.5996
Client 3, Epoch 3/5, Loss: 28.9614
Client 3, Epoch 4/5, Loss: 24.8757
Client 3, Epoch 5/5, Loss: 24.0620
Client 3 Accuracy (Round 3): 0.9940
Global Model, Round 3, Loss: 0.4416, Accuracy: 0.86

--- FedAvg: Round 4 ---
Client 1, Epoch 1/5, Loss: 21.5028
Client 1, Epoch 2/5, Loss: 17.2726
Client 1, Epoch 3/5, Loss: 13.2322
Client 1, Epoch 4/5, Loss: 15.4996
Client 1, Epoch 5/5, Loss: 13.4014
Client 1 Accuracy (Round 4): 0.9958
Client 2, Epoch 1/5, Loss: 24.4298
Client 2, Epoch 2/5, Loss: 16.7529
Client 2, Epoch 3/5, Loss: 17.6413
Client 2, Epoch 4/5, Loss: 15.3193
Client 2, Epoch 5/5, Loss: 12.2217
Client 2 Accuracy (Round 4): 0.9986
Client 3, Epoch 1/5, Loss: 21.5516
Client 3, Epoch 2/5, Loss: 18.0481
Client 3, Epoch 3/5, Loss: 14.2089
Client 3, Epoch 4/5, Loss: 16.1174
Client 3, Epoch 5/5, Loss: 10.5422
Client 3 Accuracy (Round 4): 0.9954
Global Model, Round 4, Loss: 0.4180, Accuracy: 0.87

--- FedAvg: Round 5 ---
Client 1, Epoch 1/5, Loss: 12.8377
Client 1, Epoch 2/5, Loss: 7.0691
Client 1, Epoch 3/5, Loss: 9.8527
Client 1, Epoch 4/5, Loss: 13.2079
Client 1, Epoch 5/5, Loss: 12.5916
Client 1 Accuracy (Round 5): 0.9998
Client 2, Epoch 1/5, Loss: 10.9099
Client 2, Epoch 2/5, Loss: 13.3654
Client 2, Epoch 3/5, Loss: 10.8178
Client 2, Epoch 4/5, Loss: 9.6385
Client 2, Epoch 5/5, Loss: 8.9281
Client 2 Accuracy (Round 5): 0.9988
Client 3, Epoch 1/5, Loss: 14.0796
Client 3, Epoch 2/5, Loss: 11.4831
Client 3, Epoch 3/5, Loss: 7.4450
Client 3, Epoch 4/5, Loss: 5.8842
Client 3, Epoch 5/5, Loss: 6.1330
Client 3 Accuracy (Round 5): 0.9944
Global Model, Round 5, Loss: 0.4189, Accuracy: 0.87

--- FedAvg: Round 6 ---
Client 1, Epoch 1/5, Loss: 6.0793
Client 1, Epoch 2/5, Loss: 4.9644
Client 1, Epoch 3/5, Loss: 7.3790
Client 1, Epoch 4/5, Loss: 5.8752
Client 1, Epoch 5/5, Loss: 6.2105
Client 1 Accuracy (Round 6): 0.9982
Client 2, Epoch 1/5, Loss: 10.2673
Client 2, Epoch 2/5, Loss: 6.5571
Client 2, Epoch 3/5, Loss: 5.0624
Client 2, Epoch 4/5, Loss: 6.9459
Client 2, Epoch 5/5, Loss: 3.9412
Client 2 Accuracy (Round 6): 0.9982
Client 3, Epoch 1/5, Loss: 9.8328
Client 3, Epoch 2/5, Loss: 6.8380
Client 3, Epoch 3/5, Loss: 8.8206
Client 3, Epoch 4/5, Loss: 5.3638
Client 3, Epoch 5/5, Loss: 5.1851
Client 3 Accuracy (Round 6): 0.9979
Global Model, Round 6, Loss: 0.4038, Accuracy: 0.88

--- FedAvg: Round 7 ---
Client 1, Epoch 1/5, Loss: 5.7522
Client 1, Epoch 2/5, Loss: 3.1330
Client 1, Epoch 3/5, Loss: 6.6545
Client 1, Epoch 4/5, Loss: 8.6905
Client 1, Epoch 5/5, Loss: 7.3266
Client 1 Accuracy (Round 7): 0.9975
Client 2, Epoch 1/5, Loss: 5.9680
Client 2, Epoch 2/5, Loss: 7.3785
Client 2, Epoch 3/5, Loss: 7.4914
Client 2, Epoch 4/5, Loss: 5.4205
Client 2, Epoch 5/5, Loss: 4.1075
Client 2 Accuracy (Round 7): 0.9997
Client 3, Epoch 1/5, Loss: 8.4891
Client 3, Epoch 2/5, Loss: 7.2683
Client 3, Epoch 3/5, Loss: 3.7406
Client 3, Epoch 4/5, Loss: 4.4478
Client 3, Epoch 5/5, Loss: 5.1496
Client 3 Accuracy (Round 7): 0.9998
Global Model, Round 7, Loss: 0.4682, Accuracy: 0.85

--- FedAvg: Round 8 ---
Client 1, Epoch 1/5, Loss: 5.5190
Client 1, Epoch 2/5, Loss: 2.5356
Client 1, Epoch 3/5, Loss: 2.9109
Client 1, Epoch 4/5, Loss: 2.9981
Client 1, Epoch 5/5, Loss: 4.8709
Client 1 Accuracy (Round 8): 0.9977
Client 2, Epoch 1/5, Loss: 2.8662
Client 2, Epoch 2/5, Loss: 2.4843
Client 2, Epoch 3/5, Loss: 5.6172
Client 2, Epoch 4/5, Loss: 6.3800
Client 2, Epoch 5/5, Loss: 2.8096
Client 2 Accuracy (Round 8): 1.0000
Client 3, Epoch 1/5, Loss: 4.4976
Client 3, Epoch 2/5, Loss: 4.5438
Client 3, Epoch 3/5, Loss: 2.8425
Client 3, Epoch 4/5, Loss: 3.2025
Client 3, Epoch 5/5, Loss: 3.2393
Client 3 Accuracy (Round 8): 0.9998
Global Model, Round 8, Loss: 0.4244, Accuracy: 0.87

--- FedAvg: Round 9 ---
Client 1, Epoch 1/5, Loss: 5.2346
Client 1, Epoch 2/5, Loss: 2.7645
Client 1, Epoch 3/5, Loss: 2.3145
Client 1, Epoch 4/5, Loss: 1.8461
Client 1, Epoch 5/5, Loss: 0.9427
Client 1 Accuracy (Round 9): 1.0000
Client 2, Epoch 1/5, Loss: 4.4161
Client 2, Epoch 2/5, Loss: 2.9679
Client 2, Epoch 3/5, Loss: 3.2129
Client 2, Epoch 4/5, Loss: 5.3866
Client 2, Epoch 5/5, Loss: 3.5557
Client 2 Accuracy (Round 9): 0.9999
Client 3, Epoch 1/5, Loss: 4.1770
Client 3, Epoch 2/5, Loss: 5.4577
Client 3, Epoch 3/5, Loss: 6.1451
Client 3, Epoch 4/5, Loss: 3.2602
Client 3, Epoch 5/5, Loss: 2.7210
Client 3 Accuracy (Round 9): 0.9994
Global Model, Round 9, Loss: 0.4164, Accuracy: 0.87

--- FedAvg: Round 10 ---
Client 1, Epoch 1/5, Loss: 1.8752
Client 1, Epoch 2/5, Loss: 2.6632
Client 1, Epoch 3/5, Loss: 2.8203
Client 1, Epoch 4/5, Loss: 4.2322
Client 1, Epoch 5/5, Loss: 3.1793
Client 1 Accuracy (Round 10): 0.9994
Client 2, Epoch 1/5, Loss: 2.5253
Client 2, Epoch 2/5, Loss: 4.6842
Client 2, Epoch 3/5, Loss: 5.4878
Client 2, Epoch 4/5, Loss: 2.6709
Client 2, Epoch 5/5, Loss: 1.8228
Client 2 Accuracy (Round 10): 0.9992
Client 3, Epoch 1/5, Loss: 1.9065
Client 3, Epoch 2/5, Loss: 2.0944
Client 3, Epoch 3/5, Loss: 1.4369
Client 3, Epoch 4/5, Loss: 2.2817
Client 3, Epoch 5/5, Loss: 2.6970
Client 3 Accuracy (Round 10): 0.9996
Global Model, Round 10, Loss: 0.4663, Accuracy: 0.86

--- FedAvg: Round 11 ---
Client 1, Epoch 1/5, Loss: 3.9378
Client 1, Epoch 2/5, Loss: 2.3570
Client 1, Epoch 3/5, Loss: 1.4059
Client 1, Epoch 4/5, Loss: 2.2320
Client 1, Epoch 5/5, Loss: 4.0019
Client 1 Accuracy (Round 11): 0.9804
Client 2, Epoch 1/5, Loss: 2.4921
Client 2, Epoch 2/5, Loss: 4.1587
Client 2, Epoch 3/5, Loss: 2.2535
Client 2, Epoch 4/5, Loss: 3.0858
Client 2, Epoch 5/5, Loss: 1.5879
Client 2 Accuracy (Round 11): 0.9997
Client 3, Epoch 1/5, Loss: 3.6995
Client 3, Epoch 2/5, Loss: 2.1491
Client 3, Epoch 3/5, Loss: 1.9955
Client 3, Epoch 4/5, Loss: 1.2428
Client 3, Epoch 5/5, Loss: 3.1486
Client 3 Accuracy (Round 11): 0.9999
Global Model, Round 11, Loss: 0.4525, Accuracy: 0.86

--- FedAvg: Round 12 ---
Client 1, Epoch 1/5, Loss: 2.6391
Client 1, Epoch 2/5, Loss: 1.5082
Client 1, Epoch 3/5, Loss: 1.3632
Client 1, Epoch 4/5, Loss: 2.0552
Client 1, Epoch 5/5, Loss: 1.9053
Client 1 Accuracy (Round 12): 0.9991
Client 2, Epoch 1/5, Loss: 1.1130
Client 2, Epoch 2/5, Loss: 3.2810
Client 2, Epoch 3/5, Loss: 3.6515
Client 2, Epoch 4/5, Loss: 3.5324
Client 2, Epoch 5/5, Loss: 3.4795
Client 2 Accuracy (Round 12): 0.9991
Client 3, Epoch 1/5, Loss: 1.1714
Client 3, Epoch 2/5, Loss: 0.8856
Client 3, Epoch 3/5, Loss: 1.6003
Client 3, Epoch 4/5, Loss: 0.7935
Client 3, Epoch 5/5, Loss: 0.7917
Client 3 Accuracy (Round 12): 1.0000
Global Model, Round 12, Loss: 0.4196, Accuracy: 0.87

--- FedAvg: Round 13 ---
Client 1, Epoch 1/5, Loss: 1.9894
Client 1, Epoch 2/5, Loss: 1.1275
Client 1, Epoch 3/5, Loss: 0.5074
Client 1, Epoch 4/5, Loss: 0.5863
Client 1, Epoch 5/5, Loss: 0.2884
Client 1 Accuracy (Round 13): 1.0000
Client 2, Epoch 1/5, Loss: 1.4799
Client 2, Epoch 2/5, Loss: 2.0255
Client 2, Epoch 3/5, Loss: 0.8580
Client 2, Epoch 4/5, Loss: 1.1363
Client 2, Epoch 5/5, Loss: 2.9984
Client 2 Accuracy (Round 13): 0.9997
Client 3, Epoch 1/5, Loss: 2.4378
Client 3, Epoch 2/5, Loss: 1.3094
Client 3, Epoch 3/5, Loss: 1.2923
Client 3, Epoch 4/5, Loss: 1.3842
Client 3, Epoch 5/5, Loss: 0.5300
Client 3 Accuracy (Round 13): 1.0000
Global Model, Round 13, Loss: 0.4123, Accuracy: 0.87

--- FedAvg: Round 14 ---
Client 1, Epoch 1/5, Loss: 0.3550
Client 1, Epoch 2/5, Loss: 0.2248
Client 1, Epoch 3/5, Loss: 1.2445
Client 1, Epoch 4/5, Loss: 4.3191
Client 1, Epoch 5/5, Loss: 6.2703
Client 1 Accuracy (Round 14): 0.9981
Client 2, Epoch 1/5, Loss: 3.2950
Client 2, Epoch 2/5, Loss: 1.3127
Client 2, Epoch 3/5, Loss: 1.4270
Client 2, Epoch 4/5, Loss: 0.8568
Client 2, Epoch 5/5, Loss: 2.7839
Client 2 Accuracy (Round 14): 0.9980
Client 3, Epoch 1/5, Loss: 0.3385
Client 3, Epoch 2/5, Loss: 0.2171
Client 3, Epoch 3/5, Loss: 1.2018
Client 3, Epoch 4/5, Loss: 0.2773
Client 3, Epoch 5/5, Loss: 0.4440
Client 3 Accuracy (Round 14): 1.0000
Global Model, Round 14, Loss: 0.4257, Accuracy: 0.87

--- FedAvg: Round 15 ---
Client 1, Epoch 1/5, Loss: 3.1919
Client 1, Epoch 2/5, Loss: 3.2578
Client 1, Epoch 3/5, Loss: 2.7512
Client 1, Epoch 4/5, Loss: 2.3542
Client 1, Epoch 5/5, Loss: 2.7414
Client 1 Accuracy (Round 15): 0.9997
Client 2, Epoch 1/5, Loss: 2.5318
Client 2, Epoch 2/5, Loss: 0.7800
Client 2, Epoch 3/5, Loss: 0.6206
Client 2, Epoch 4/5, Loss: 0.7900
Client 2, Epoch 5/5, Loss: 1.8746
Client 2 Accuracy (Round 15): 1.0000
Client 3, Epoch 1/5, Loss: 0.4388
Client 3, Epoch 2/5, Loss: 1.4295
Client 3, Epoch 3/5, Loss: 1.8021
Client 3, Epoch 4/5, Loss: 1.0664
Client 3, Epoch 5/5, Loss: 0.8746
Client 3 Accuracy (Round 15): 0.9999
Global Model, Round 15, Loss: 0.4237, Accuracy: 0.87

--- FedAvg: Round 16 ---
Client 1, Epoch 1/5, Loss: 1.9324
Client 1, Epoch 2/5, Loss: 0.9546
Client 1, Epoch 3/5, Loss: 0.3511
Client 1, Epoch 4/5, Loss: 0.7084
Client 1, Epoch 5/5, Loss: 0.7433
Client 1 Accuracy (Round 16): 1.0000
Client 2, Epoch 1/5, Loss: 2.4628
Client 2, Epoch 2/5, Loss: 1.7851
Client 2, Epoch 3/5, Loss: 0.6489
Client 2, Epoch 4/5, Loss: 1.3980
Client 2, Epoch 5/5, Loss: 1.4229
Client 2 Accuracy (Round 16): 0.9998
Client 3, Epoch 1/5, Loss: 0.6496
Client 3, Epoch 2/5, Loss: 1.8143
Client 3, Epoch 3/5, Loss: 1.0017
Client 3, Epoch 4/5, Loss: 0.6922
Client 3, Epoch 5/5, Loss: 2.7719
Client 3 Accuracy (Round 16): 1.0000
Global Model, Round 16, Loss: 0.4325, Accuracy: 0.87

--- FedAvg: Round 17 ---
Client 1, Epoch 1/5, Loss: 1.0005
Client 1, Epoch 2/5, Loss: 0.4250
Client 1, Epoch 3/5, Loss: 0.9279
Client 1, Epoch 4/5, Loss: 3.2071
Client 1, Epoch 5/5, Loss: 0.7436
Client 1 Accuracy (Round 17): 1.0000
Client 2, Epoch 1/5, Loss: 1.0994
Client 2, Epoch 2/5, Loss: 0.4170
Client 2, Epoch 3/5, Loss: 0.1812
Client 2, Epoch 4/5, Loss: 0.1614
Client 2, Epoch 5/5, Loss: 0.2117
Client 2 Accuracy (Round 17): 1.0000
Client 3, Epoch 1/5, Loss: 1.9539
Client 3, Epoch 2/5, Loss: 0.7846
Client 3, Epoch 3/5, Loss: 1.4071
Client 3, Epoch 4/5, Loss: 0.8735
Client 3, Epoch 5/5, Loss: 1.1300
Client 3 Accuracy (Round 17): 0.9989
Global Model, Round 17, Loss: 0.4179, Accuracy: 0.88

--- FedAvg: Round 18 ---
Client 1, Epoch 1/5, Loss: 0.4263
Client 1, Epoch 2/5, Loss: 0.7677
Client 1, Epoch 3/5, Loss: 0.3923
Client 1, Epoch 4/5, Loss: 0.3643
Client 1, Epoch 5/5, Loss: 1.8656
Client 1 Accuracy (Round 18): 0.9990
Client 2, Epoch 1/5, Loss: 0.1456
Client 2, Epoch 2/5, Loss: 1.4311
Client 2, Epoch 3/5, Loss: 0.5870
Client 2, Epoch 4/5, Loss: 0.5928
Client 2, Epoch 5/5, Loss: 0.3735
Client 2 Accuracy (Round 18): 1.0000
Client 3, Epoch 1/5, Loss: 2.2460
Client 3, Epoch 2/5, Loss: 1.7512
Client 3, Epoch 3/5, Loss: 1.7526
Client 3, Epoch 4/5, Loss: 1.6645
Client 3, Epoch 5/5, Loss: 0.9150
Client 3 Accuracy (Round 18): 0.9998
Global Model, Round 18, Loss: 0.4342, Accuracy: 0.87

--- FedAvg: Round 19 ---
Client 1, Epoch 1/5, Loss: 2.7501
Client 1, Epoch 2/5, Loss: 2.9293
Client 1, Epoch 3/5, Loss: 3.7946
Client 1, Epoch 4/5, Loss: 3.8825
Client 1, Epoch 5/5, Loss: 0.9698
Client 1 Accuracy (Round 19): 0.9999
Client 2, Epoch 1/5, Loss: 0.8250
Client 2, Epoch 2/5, Loss: 0.2264
Client 2, Epoch 3/5, Loss: 0.8797
Client 2, Epoch 4/5, Loss: 0.4716
Client 2, Epoch 5/5, Loss: 0.3019
Client 2 Accuracy (Round 19): 1.0000
Client 3, Epoch 1/5, Loss: 1.2754
Client 3, Epoch 2/5, Loss: 1.8560
Client 3, Epoch 3/5, Loss: 0.8720
Client 3, Epoch 4/5, Loss: 0.3303
Client 3, Epoch 5/5, Loss: 1.1551
Client 3 Accuracy (Round 19): 0.9999
Global Model, Round 19, Loss: 0.4407, Accuracy: 0.87

--- FedAvg: Round 20 ---
Client 1, Epoch 1/5, Loss: 0.9093
Client 1, Epoch 2/5, Loss: 2.4064
Client 1, Epoch 3/5, Loss: 3.7958
Client 1, Epoch 4/5, Loss: 2.1167
Client 1, Epoch 5/5, Loss: 0.5741
Client 1 Accuracy (Round 20): 1.0000
Client 2, Epoch 1/5, Loss: 0.6732
Client 2, Epoch 2/5, Loss: 3.7161
Client 2, Epoch 3/5, Loss: 2.1746
Client 2, Epoch 4/5, Loss: 2.1862
Client 2, Epoch 5/5, Loss: 0.8826
Client 2 Accuracy (Round 20): 1.0000
Client 3, Epoch 1/5, Loss: 2.8532
Client 3, Epoch 2/5, Loss: 2.9197
Client 3, Epoch 3/5, Loss: 2.5998
Client 3, Epoch 4/5, Loss: 0.9333
Client 3, Epoch 5/5, Loss: 0.5500
Client 3 Accuracy (Round 20): 1.0000
Global Model, Round 20, Loss: 0.4103, Accuracy: 0.88
Classification Report: fedavg ResNet-18
              precision    recall  f1-score   support

 T-shirt/top       0.76      0.90      0.82      1000
     Trouser       0.99      0.97      0.98      1000
    Pullover       0.88      0.81      0.85      1000
       Dress       0.90      0.80      0.84      1000
        Coat       0.84      0.83      0.83      1000
      Sandal       0.98      0.98      0.98      1000
       Shirt       0.66      0.67      0.66      1000
     Sneaker       0.96      0.97      0.96      1000
         Bag       0.98      0.98      0.98      1000
  Ankle boot       0.97      0.97      0.97      1000

    accuracy                           0.89     10000
   macro avg       0.89      0.89      0.89     10000
weighted avg       0.89      0.89      0.89     10000

Classification Report: fedavg ResNet-50
              precision    recall  f1-score   support

 T-shirt/top       0.74      0.91      0.81      1000
     Trouser       0.97      0.97      0.97      1000
    Pullover       0.74      0.91      0.82      1000
       Dress       0.95      0.69      0.80      1000
        Coat       0.84      0.78      0.81      1000
      Sandal       0.98      0.97      0.97      1000
       Shirt       0.76      0.63      0.69      1000
     Sneaker       0.96      0.95      0.96      1000
         Bag       0.98      0.98      0.98      1000
  Ankle boot       0.91      0.97      0.94      1000

    accuracy                           0.88     10000
   macro avg       0.88      0.88      0.88     10000
weighted avg       0.88      0.88      0.88     10000


Performing Inference: fedavg ResNet-18
Prediction: Ankle boot, Ground Truth: Ankle boot
Prediction: Pullover, Ground Truth: Pullover
Prediction: Trouser, Ground Truth: Trouser
Prediction: Trouser, Ground Truth: Trouser
Prediction: Shirt, Ground Truth: Shirt
Prediction: Trouser, Ground Truth: Trouser
Prediction: Coat, Ground Truth: Coat
Prediction: Shirt, Ground Truth: Shirt
Prediction: Sandal, Ground Truth: Sandal
Prediction: Sneaker, Ground Truth: Sneaker

Performing Inference: fedavg ResNet-50
Prediction: Ankle boot, Ground Truth: Ankle boot
Prediction: Pullover, Ground Truth: Pullover
Prediction: Trouser, Ground Truth: Trouser
Prediction: Trouser, Ground Truth: Trouser
Prediction: Shirt, Ground Truth: Shirt
Prediction: Trouser, Ground Truth: Trouser
Prediction: Shirt, Ground Truth: Coat
Prediction: Shirt, Ground Truth: Shirt
Prediction: Sandal, Ground Truth: Sandal
Prediction: Sneaker, Ground Truth: Sneaker
